07 07, 2022 11:46:53 上午 cn.how2j.diytomcat.Bootstrap logJVM
INFO : Server version:		How2J DiyTomcat/1.0.1
07 07, 2022 11:46:53 上午 cn.how2j.diytomcat.Bootstrap logJVM
INFO : Server built:		2020-04-08 10:20:22
07 07, 2022 11:46:53 上午 cn.how2j.diytomcat.Bootstrap logJVM
INFO : Server number:		1.0.1
07 07, 2022 11:46:53 上午 cn.how2j.diytomcat.Bootstrap logJVM
INFO : OS Name	:		Windows 10
07 07, 2022 11:46:53 上午 cn.how2j.diytomcat.Bootstrap logJVM
INFO : OS Version:		10.0
07 07, 2022 11:46:53 上午 cn.how2j.diytomcat.Bootstrap logJVM
INFO : Architecture:		amd64
07 07, 2022 11:46:53 上午 cn.how2j.diytomcat.Bootstrap logJVM
INFO : Java Home:		D:\Programs\Java\jdk1.8.0_311\jre
07 07, 2022 11:46:53 上午 cn.how2j.diytomcat.Bootstrap logJVM
INFO : JVM Version:		1.8.0_311-b11
07 07, 2022 11:46:53 上午 cn.how2j.diytomcat.Bootstrap logJVM
INFO : JVM Vendor:		Oracle Corporation
07 07, 2022 12:27:53 下午 cn.how2j.diytomcat.Bootstrap logJVM
INFO : Server version:		How2J DiyTomcat/1.0.1
07 07, 2022 12:27:53 下午 cn.how2j.diytomcat.Bootstrap logJVM
INFO : Server built:		2020-04-08 10:20:22
07 07, 2022 12:27:53 下午 cn.how2j.diytomcat.Bootstrap logJVM
INFO : Server number:		1.0.1
07 07, 2022 12:27:53 下午 cn.how2j.diytomcat.Bootstrap logJVM
INFO : OS Name	:		Windows 10
07 07, 2022 12:27:53 下午 cn.how2j.diytomcat.Bootstrap logJVM
INFO : OS Version:		10.0
07 07, 2022 12:27:53 下午 cn.how2j.diytomcat.Bootstrap logJVM
INFO : Architecture:		amd64
07 07, 2022 12:27:53 下午 cn.how2j.diytomcat.Bootstrap logJVM
INFO : Java Home:		D:\Programs\Java\jdk1.8.0_311\jre
07 07, 2022 12:27:53 下午 cn.how2j.diytomcat.Bootstrap logJVM
INFO : JVM Version:		1.8.0_311-b11
07 07, 2022 12:27:53 下午 cn.how2j.diytomcat.Bootstrap logJVM
INFO : JVM Vendor:		Oracle Corporation
07 07, 2022 12:27:53 下午 cn.how2j.diytomcat.catalina.Context <init>
INFO : Deploying web application directory D:\java_proj\diytomcat\webapps\a
07 07, 2022 12:27:53 下午 cn.how2j.diytomcat.catalina.Context <init>
INFO : Deployment of web application directory D:\java_proj\diytomcat\webapps\a has finished in 0 ms
07 07, 2022 12:27:53 下午 cn.how2j.diytomcat.catalina.Context <init>
INFO : Deploying web application directory D:\java_proj\diytomcat\webapps\ROOT
07 07, 2022 12:27:53 下午 cn.how2j.diytomcat.catalina.Context <init>
INFO : Deployment of web application directory D:\java_proj\diytomcat\webapps\ROOT has finished in 0 ms
07 07, 2022 12:32:17 下午 cn.how2j.diytomcat.Bootstrap logJVM
INFO : Server version:		How2J DiyTomcat/1.0.1
07 07, 2022 12:32:17 下午 cn.how2j.diytomcat.Bootstrap logJVM
INFO : Server built:		2020-04-08 10:20:22
07 07, 2022 12:32:17 下午 cn.how2j.diytomcat.Bootstrap logJVM
INFO : Server number:		1.0.1
07 07, 2022 12:32:17 下午 cn.how2j.diytomcat.Bootstrap logJVM
INFO : OS Name	:		Windows 10
07 07, 2022 12:32:17 下午 cn.how2j.diytomcat.Bootstrap logJVM
INFO : OS Version:		10.0
07 07, 2022 12:32:17 下午 cn.how2j.diytomcat.Bootstrap logJVM
INFO : Architecture:		amd64
07 07, 2022 12:32:17 下午 cn.how2j.diytomcat.Bootstrap logJVM
INFO : Java Home:		D:\Programs\Java\jdk1.8.0_311\jre
07 07, 2022 12:32:17 下午 cn.how2j.diytomcat.Bootstrap logJVM
INFO : JVM Version:		1.8.0_311-b11
07 07, 2022 12:32:17 下午 cn.how2j.diytomcat.Bootstrap logJVM
INFO : JVM Vendor:		Oracle Corporation
07 07, 2022 12:32:17 下午 cn.how2j.diytomcat.catalina.Context <init>
INFO : Deploying web application directory D:\java_proj\diytomcat\webapps\a
07 07, 2022 12:32:17 下午 cn.how2j.diytomcat.catalina.Context <init>
INFO : Deployment of web application directory D:\java_proj\diytomcat\webapps\a has finished in 1 ms
07 07, 2022 12:32:17 下午 cn.how2j.diytomcat.catalina.Context <init>
INFO : Deploying web application directory D:\java_proj\diytomcat\webapps\ROOT
07 07, 2022 12:32:17 下午 cn.how2j.diytomcat.catalina.Context <init>
INFO : Deployment of web application directory D:\java_proj\diytomcat\webapps\ROOT has finished in 1 ms
07 07, 2022 12:58:12 下午 cn.how2j.diytomcat.Bootstrap logJVM
INFO : Server version:		How2J DiyTomcat/1.0.1
07 07, 2022 12:58:12 下午 cn.how2j.diytomcat.Bootstrap logJVM
INFO : Server built:		2020-04-08 10:20:22
07 07, 2022 12:58:12 下午 cn.how2j.diytomcat.Bootstrap logJVM
INFO : Server number:		1.0.1
07 07, 2022 12:58:12 下午 cn.how2j.diytomcat.Bootstrap logJVM
INFO : OS Name	:		Windows 10
07 07, 2022 12:58:12 下午 cn.how2j.diytomcat.Bootstrap logJVM
INFO : OS Version:		10.0
07 07, 2022 12:58:12 下午 cn.how2j.diytomcat.Bootstrap logJVM
INFO : Architecture:		amd64
07 07, 2022 12:58:12 下午 cn.how2j.diytomcat.Bootstrap logJVM
INFO : Java Home:		D:\Programs\Java\jdk1.8.0_311\jre
07 07, 2022 12:58:12 下午 cn.how2j.diytomcat.Bootstrap logJVM
INFO : JVM Version:		1.8.0_311-b11
07 07, 2022 12:58:12 下午 cn.how2j.diytomcat.Bootstrap logJVM
INFO : JVM Vendor:		Oracle Corporation
07 07, 2022 12:58:12 下午 cn.how2j.diytomcat.catalina.Context <init>
INFO : Deploying web application directory D:\java_proj\diytomcat\webapps\a
07 07, 2022 12:58:12 下午 cn.how2j.diytomcat.catalina.Context <init>
INFO : Deployment of web application directory D:\java_proj\diytomcat\webapps\a has finished in 0 ms
07 07, 2022 12:58:12 下午 cn.how2j.diytomcat.catalina.Context <init>
INFO : Deploying web application directory D:\java_proj\diytomcat\webapps\ROOT
07 07, 2022 12:58:12 下午 cn.how2j.diytomcat.catalina.Context <init>
INFO : Deployment of web application directory D:\java_proj\diytomcat\webapps\ROOT has finished in 0 ms
07 07, 2022 12:58:12 下午 cn.how2j.diytomcat.catalina.Context <init>
INFO : Deploying web application directory d:/project/diytomcat/b
07 07, 2022 12:58:12 下午 cn.how2j.diytomcat.catalina.Context <init>
INFO : Deployment of web application directory d:/project/diytomcat/b has finished in 0 ms
07 07, 2022 13:00:47 下午 cn.how2j.diytomcat.Bootstrap logJVM
INFO : Server version:		How2J DiyTomcat/1.0.1
07 07, 2022 13:00:47 下午 cn.how2j.diytomcat.Bootstrap logJVM
INFO : Server built:		2020-04-08 10:20:22
07 07, 2022 13:00:47 下午 cn.how2j.diytomcat.Bootstrap logJVM
INFO : Server number:		1.0.1
07 07, 2022 13:00:47 下午 cn.how2j.diytomcat.Bootstrap logJVM
INFO : OS Name	:		Windows 10
07 07, 2022 13:00:47 下午 cn.how2j.diytomcat.Bootstrap logJVM
INFO : OS Version:		10.0
07 07, 2022 13:00:47 下午 cn.how2j.diytomcat.Bootstrap logJVM
INFO : Architecture:		amd64
07 07, 2022 13:00:47 下午 cn.how2j.diytomcat.Bootstrap logJVM
INFO : Java Home:		D:\Programs\Java\jdk1.8.0_311\jre
07 07, 2022 13:00:47 下午 cn.how2j.diytomcat.Bootstrap logJVM
INFO : JVM Version:		1.8.0_311-b11
07 07, 2022 13:00:47 下午 cn.how2j.diytomcat.Bootstrap logJVM
INFO : JVM Vendor:		Oracle Corporation
07 07, 2022 13:00:47 下午 cn.how2j.diytomcat.catalina.Context <init>
INFO : Deploying web application directory D:\java_proj\diytomcat\webapps\a
07 07, 2022 13:00:47 下午 cn.how2j.diytomcat.catalina.Context <init>
INFO : Deployment of web application directory D:\java_proj\diytomcat\webapps\a has finished in 0 ms
07 07, 2022 13:00:47 下午 cn.how2j.diytomcat.catalina.Context <init>
INFO : Deploying web application directory D:\java_proj\diytomcat\webapps\ROOT
07 07, 2022 13:00:47 下午 cn.how2j.diytomcat.catalina.Context <init>
INFO : Deployment of web application directory D:\java_proj\diytomcat\webapps\ROOT has finished in 0 ms
07 07, 2022 13:00:47 下午 cn.how2j.diytomcat.catalina.Context <init>
INFO : Deploying web application directory d:/java_proj/diytomcat/b
07 07, 2022 13:00:47 下午 cn.how2j.diytomcat.catalina.Context <init>
INFO : Deployment of web application directory d:/java_proj/diytomcat/b has finished in 0 ms
07 07, 2022 13:17:37 下午 cn.how2j.diytomcat.Bootstrap logJVM
INFO : Server version:		How2J DiyTomcat/1.0.1
07 07, 2022 13:17:37 下午 cn.how2j.diytomcat.Bootstrap logJVM
INFO : Server built:		2020-04-08 10:20:22
07 07, 2022 13:17:37 下午 cn.how2j.diytomcat.Bootstrap logJVM
INFO : Server number:		1.0.1
07 07, 2022 13:17:37 下午 cn.how2j.diytomcat.Bootstrap logJVM
INFO : OS Name	:		Windows 10
07 07, 2022 13:17:37 下午 cn.how2j.diytomcat.Bootstrap logJVM
INFO : OS Version:		10.0
07 07, 2022 13:17:37 下午 cn.how2j.diytomcat.Bootstrap logJVM
INFO : Architecture:		amd64
07 07, 2022 13:17:37 下午 cn.how2j.diytomcat.Bootstrap logJVM
INFO : Java Home:		D:\Programs\Java\jdk1.8.0_311\jre
07 07, 2022 13:17:37 下午 cn.how2j.diytomcat.Bootstrap logJVM
INFO : JVM Version:		1.8.0_311-b11
07 07, 2022 13:17:37 下午 cn.how2j.diytomcat.Bootstrap logJVM
INFO : JVM Vendor:		Oracle Corporation
07 07, 2022 13:17:37 下午 cn.how2j.diytomcat.catalina.Context <init>
INFO : Deploying web application directory D:\java_proj\diytomcat\webapps\a
07 07, 2022 13:17:37 下午 cn.how2j.diytomcat.catalina.Context <init>
INFO : Deployment of web application directory D:\java_proj\diytomcat\webapps\a has finished in 0 ms
07 07, 2022 13:17:37 下午 cn.how2j.diytomcat.catalina.Context <init>
INFO : Deploying web application directory D:\java_proj\diytomcat\webapps\ROOT
07 07, 2022 13:17:37 下午 cn.how2j.diytomcat.catalina.Context <init>
INFO : Deployment of web application directory D:\java_proj\diytomcat\webapps\ROOT has finished in 1 ms
07 07, 2022 13:17:37 下午 cn.how2j.diytomcat.catalina.Context <init>
INFO : Deploying web application directory d:/java_proj/diytomcat/b
07 07, 2022 13:17:37 下午 cn.how2j.diytomcat.catalina.Context <init>
INFO : Deployment of web application directory d:/java_proj/diytomcat/b has finished in 1 ms
07 07, 2022 13:27:53 下午 cn.how2j.diytomcat.Bootstrap logJVM
INFO : Server version:		How2J DiyTomcat/1.0.1
07 07, 2022 13:27:53 下午 cn.how2j.diytomcat.Bootstrap logJVM
INFO : Server built:		2020-04-08 10:20:22
07 07, 2022 13:27:53 下午 cn.how2j.diytomcat.Bootstrap logJVM
INFO : Server number:		1.0.1
07 07, 2022 13:27:53 下午 cn.how2j.diytomcat.Bootstrap logJVM
INFO : OS Name	:		Windows 10
07 07, 2022 13:27:53 下午 cn.how2j.diytomcat.Bootstrap logJVM
INFO : OS Version:		10.0
07 07, 2022 13:27:53 下午 cn.how2j.diytomcat.Bootstrap logJVM
INFO : Architecture:		amd64
07 07, 2022 13:27:53 下午 cn.how2j.diytomcat.Bootstrap logJVM
INFO : Java Home:		D:\Programs\Java\jdk1.8.0_311\jre
07 07, 2022 13:27:53 下午 cn.how2j.diytomcat.Bootstrap logJVM
INFO : JVM Version:		1.8.0_311-b11
07 07, 2022 13:27:53 下午 cn.how2j.diytomcat.Bootstrap logJVM
INFO : JVM Vendor:		Oracle Corporation
07 07, 2022 13:27:53 下午 cn.how2j.diytomcat.catalina.Context <init>
INFO : Deploying web application directory D:\java_proj\diytomcat\webapps\a
07 07, 2022 13:27:53 下午 cn.how2j.diytomcat.catalina.Context <init>
INFO : Deployment of web application directory D:\java_proj\diytomcat\webapps\a has finished in 1 ms
07 07, 2022 13:27:53 下午 cn.how2j.diytomcat.catalina.Context <init>
INFO : Deploying web application directory D:\java_proj\diytomcat\webapps\ROOT
07 07, 2022 13:27:53 下午 cn.how2j.diytomcat.catalina.Context <init>
INFO : Deployment of web application directory D:\java_proj\diytomcat\webapps\ROOT has finished in 0 ms
07 07, 2022 13:27:53 下午 cn.how2j.diytomcat.catalina.Context <init>
INFO : Deploying web application directory d:/java_proj/diytomcat/b
07 07, 2022 13:27:53 下午 cn.how2j.diytomcat.catalina.Context <init>
INFO : Deployment of web application directory d:/java_proj/diytomcat/b has finished in 0 ms
07 07, 2022 13:35:06 下午 cn.how2j.diytomcat.Bootstrap logJVM
INFO : Server version:		How2J DiyTomcat/1.0.1
07 07, 2022 13:35:06 下午 cn.how2j.diytomcat.Bootstrap logJVM
INFO : Server built:		2020-04-08 10:20:22
07 07, 2022 13:35:06 下午 cn.how2j.diytomcat.Bootstrap logJVM
INFO : Server number:		1.0.1
07 07, 2022 13:35:06 下午 cn.how2j.diytomcat.Bootstrap logJVM
INFO : OS Name	:		Windows 10
07 07, 2022 13:35:06 下午 cn.how2j.diytomcat.Bootstrap logJVM
INFO : OS Version:		10.0
07 07, 2022 13:35:06 下午 cn.how2j.diytomcat.Bootstrap logJVM
INFO : Architecture:		amd64
07 07, 2022 13:35:06 下午 cn.how2j.diytomcat.Bootstrap logJVM
INFO : Java Home:		D:\Programs\Java\jdk1.8.0_311\jre
07 07, 2022 13:35:06 下午 cn.how2j.diytomcat.Bootstrap logJVM
INFO : JVM Version:		1.8.0_311-b11
07 07, 2022 13:35:06 下午 cn.how2j.diytomcat.Bootstrap logJVM
INFO : JVM Vendor:		Oracle Corporation
07 07, 2022 13:35:06 下午 cn.how2j.diytomcat.catalina.Context <init>
INFO : Deploying web application directory D:\java_proj\diytomcat\webapps\a
07 07, 2022 13:35:06 下午 cn.how2j.diytomcat.catalina.Context <init>
INFO : Deployment of web application directory D:\java_proj\diytomcat\webapps\a has finished in 1 ms
07 07, 2022 13:35:06 下午 cn.how2j.diytomcat.catalina.Context <init>
INFO : Deploying web application directory D:\java_proj\diytomcat\webapps\ROOT
07 07, 2022 13:35:06 下午 cn.how2j.diytomcat.catalina.Context <init>
INFO : Deployment of web application directory D:\java_proj\diytomcat\webapps\ROOT has finished in 0 ms
07 07, 2022 13:35:06 下午 cn.how2j.diytomcat.catalina.Context <init>
INFO : Deploying web application directory d:/java_proj/diytomcat/b
07 07, 2022 13:35:06 下午 cn.how2j.diytomcat.catalina.Context <init>
INFO : Deployment of web application directory d:/java_proj/diytomcat/b has finished in 0 ms
07 07, 2022 13:41:49 下午 cn.how2j.diytomcat.Bootstrap logJVM
INFO : Server version:		How2J DiyTomcat/1.0.1
07 07, 2022 13:41:49 下午 cn.how2j.diytomcat.Bootstrap logJVM
INFO : Server built:		2020-04-08 10:20:22
07 07, 2022 13:41:49 下午 cn.how2j.diytomcat.Bootstrap logJVM
INFO : Server number:		1.0.1
07 07, 2022 13:41:49 下午 cn.how2j.diytomcat.Bootstrap logJVM
INFO : OS Name	:		Windows 10
07 07, 2022 13:41:49 下午 cn.how2j.diytomcat.Bootstrap logJVM
INFO : OS Version:		10.0
07 07, 2022 13:41:49 下午 cn.how2j.diytomcat.Bootstrap logJVM
INFO : Architecture:		amd64
07 07, 2022 13:41:49 下午 cn.how2j.diytomcat.Bootstrap logJVM
INFO : Java Home:		D:\Programs\Java\jdk1.8.0_311\jre
07 07, 2022 13:41:49 下午 cn.how2j.diytomcat.Bootstrap logJVM
INFO : JVM Version:		1.8.0_311-b11
07 07, 2022 13:41:49 下午 cn.how2j.diytomcat.Bootstrap logJVM
INFO : JVM Vendor:		Oracle Corporation
07 07, 2022 13:41:49 下午 cn.how2j.diytomcat.catalina.Context <init>
INFO : Deploying web application directory D:\java_proj\diytomcat\webapps\a
07 07, 2022 13:41:49 下午 cn.how2j.diytomcat.catalina.Context <init>
INFO : Deployment of web application directory D:\java_proj\diytomcat\webapps\a has finished in 1 ms
07 07, 2022 13:41:49 下午 cn.how2j.diytomcat.catalina.Context <init>
INFO : Deploying web application directory D:\java_proj\diytomcat\webapps\ROOT
07 07, 2022 13:41:49 下午 cn.how2j.diytomcat.catalina.Context <init>
INFO : Deployment of web application directory D:\java_proj\diytomcat\webapps\ROOT has finished in 1 ms
07 07, 2022 13:41:49 下午 cn.how2j.diytomcat.catalina.Context <init>
INFO : Deploying web application directory d:/java_proj/diytomcat/b
07 07, 2022 13:41:49 下午 cn.how2j.diytomcat.catalina.Context <init>
INFO : Deployment of web application directory d:/java_proj/diytomcat/b has finished in 0 ms
07 07, 2022 13:51:16 下午 cn.how2j.diytomcat.catalina.Context <init>
INFO : Deploying web application directory D:\java_proj\diytomcat\webapps\a
07 07, 2022 13:51:16 下午 cn.how2j.diytomcat.catalina.Context <init>
INFO : Deployment of web application directory D:\java_proj\diytomcat\webapps\a has finished in 69 ms
07 07, 2022 13:51:16 下午 cn.how2j.diytomcat.catalina.Context <init>
INFO : Deploying web application directory D:\java_proj\diytomcat\webapps\ROOT
07 07, 2022 13:51:16 下午 cn.how2j.diytomcat.catalina.Context <init>
INFO : Deployment of web application directory D:\java_proj\diytomcat\webapps\ROOT has finished in 0 ms
07 07, 2022 13:51:16 下午 cn.how2j.diytomcat.catalina.Context <init>
INFO : Deploying web application directory d:/java_proj/diytomcat/b
07 07, 2022 13:51:16 下午 cn.how2j.diytomcat.catalina.Context <init>
INFO : Deployment of web application directory d:/java_proj/diytomcat/b has finished in 0 ms
07 07, 2022 13:51:16 下午 cn.how2j.diytomcat.catalina.Server logJVM
INFO : Server version:		How2J DiyTomcat/1.0.1
07 07, 2022 13:51:16 下午 cn.how2j.diytomcat.catalina.Server logJVM
INFO : Server built:		2020-04-08 10:20:22
07 07, 2022 13:51:16 下午 cn.how2j.diytomcat.catalina.Server logJVM
INFO : Server number:		1.0.1
07 07, 2022 13:51:16 下午 cn.how2j.diytomcat.catalina.Server logJVM
INFO : OS Name	:		Windows 10
07 07, 2022 13:51:16 下午 cn.how2j.diytomcat.catalina.Server logJVM
INFO : OS Version:		10.0
07 07, 2022 13:51:16 下午 cn.how2j.diytomcat.catalina.Server logJVM
INFO : Architecture:		amd64
07 07, 2022 13:51:16 下午 cn.how2j.diytomcat.catalina.Server logJVM
INFO : Java Home:		D:\Programs\Java\jdk1.8.0_311\jre
07 07, 2022 13:51:16 下午 cn.how2j.diytomcat.catalina.Server logJVM
INFO : JVM Version:		1.8.0_311-b11
07 07, 2022 13:51:16 下午 cn.how2j.diytomcat.catalina.Server logJVM
INFO : JVM Vendor:		Oracle Corporation
07 07, 2022 14:00:13 下午 cn.how2j.diytomcat.catalina.Context <init>
INFO : Deploying web application directory D:\java_proj\diytomcat\webapps\a
07 07, 2022 14:00:13 下午 cn.how2j.diytomcat.catalina.Context <init>
INFO : Deployment of web application directory D:\java_proj\diytomcat\webapps\a has finished in 68 ms
07 07, 2022 14:00:13 下午 cn.how2j.diytomcat.catalina.Context <init>
INFO : Deploying web application directory D:\java_proj\diytomcat\webapps\ROOT
07 07, 2022 14:00:13 下午 cn.how2j.diytomcat.catalina.Context <init>
INFO : Deployment of web application directory D:\java_proj\diytomcat\webapps\ROOT has finished in 0 ms
07 07, 2022 14:00:13 下午 cn.how2j.diytomcat.catalina.Context <init>
INFO : Deploying web application directory d:/java_proj/diytomcat/b
07 07, 2022 14:00:13 下午 cn.how2j.diytomcat.catalina.Context <init>
INFO : Deployment of web application directory d:/java_proj/diytomcat/b has finished in 0 ms
07 07, 2022 14:00:13 下午 cn.how2j.diytomcat.catalina.Server logJVM
INFO : Server version:		How2J DiyTomcat/1.0.1
07 07, 2022 14:00:13 下午 cn.how2j.diytomcat.catalina.Server logJVM
INFO : Server built:		2020-04-08 10:20:22
07 07, 2022 14:00:13 下午 cn.how2j.diytomcat.catalina.Server logJVM
INFO : Server number:		1.0.1
07 07, 2022 14:00:13 下午 cn.how2j.diytomcat.catalina.Server logJVM
INFO : OS Name	:		Windows 10
07 07, 2022 14:00:13 下午 cn.how2j.diytomcat.catalina.Server logJVM
INFO : OS Version:		10.0
07 07, 2022 14:00:13 下午 cn.how2j.diytomcat.catalina.Server logJVM
INFO : Architecture:		amd64
07 07, 2022 14:00:13 下午 cn.how2j.diytomcat.catalina.Server logJVM
INFO : Java Home:		D:\Programs\Java\jdk1.8.0_311\jre
07 07, 2022 14:00:13 下午 cn.how2j.diytomcat.catalina.Server logJVM
INFO : JVM Version:		1.8.0_311-b11
07 07, 2022 14:00:13 下午 cn.how2j.diytomcat.catalina.Server logJVM
INFO : JVM Vendor:		Oracle Corporation
07 07, 2022 20:05:22 下午 cn.how2j.diytomcat.catalina.Context <init>
INFO : Deploying web application directory D:\java_proj\diytomcat\webapps\a
07 07, 2022 20:05:22 下午 cn.how2j.diytomcat.catalina.Context <init>
INFO : Deployment of web application directory D:\java_proj\diytomcat\webapps\a has finished in 71 ms
07 07, 2022 20:05:22 下午 cn.how2j.diytomcat.catalina.Context <init>
INFO : Deploying web application directory D:\java_proj\diytomcat\webapps\ROOT
07 07, 2022 20:05:22 下午 cn.how2j.diytomcat.catalina.Context <init>
INFO : Deployment of web application directory D:\java_proj\diytomcat\webapps\ROOT has finished in 0 ms
07 07, 2022 20:05:22 下午 cn.how2j.diytomcat.catalina.Context <init>
INFO : Deploying web application directory d:/java_proj/diytomcat/b
07 07, 2022 20:05:22 下午 cn.how2j.diytomcat.catalina.Context <init>
INFO : Deployment of web application directory d:/java_proj/diytomcat/b has finished in 0 ms
07 07, 2022 20:05:22 下午 cn.how2j.diytomcat.catalina.Server logJVM
INFO : Server version:		How2J DiyTomcat/1.0.1
07 07, 2022 20:05:22 下午 cn.how2j.diytomcat.catalina.Server logJVM
INFO : Server built:		2020-04-08 10:20:22
07 07, 2022 20:05:22 下午 cn.how2j.diytomcat.catalina.Server logJVM
INFO : Server number:		1.0.1
07 07, 2022 20:05:22 下午 cn.how2j.diytomcat.catalina.Server logJVM
INFO : OS Name	:		Windows 10
07 07, 2022 20:05:22 下午 cn.how2j.diytomcat.catalina.Server logJVM
INFO : OS Version:		10.0
07 07, 2022 20:05:22 下午 cn.how2j.diytomcat.catalina.Server logJVM
INFO : Architecture:		amd64
07 07, 2022 20:05:22 下午 cn.how2j.diytomcat.catalina.Server logJVM
INFO : Java Home:		D:\Programs\Java\jdk1.8.0_311\jre
07 07, 2022 20:05:22 下午 cn.how2j.diytomcat.catalina.Server logJVM
INFO : JVM Version:		1.8.0_311-b11
07 07, 2022 20:05:22 下午 cn.how2j.diytomcat.catalina.Server logJVM
INFO : JVM Vendor:		Oracle Corporation
07 07, 2022 20:05:32 下午 cn.how2j.diytomcat.catalina.Server error
ERROR: this is a deliberately created exception
java.lang.Exception: this is a deliberately created exception
	at cn.how2j.diytomcat.catalina.Server.lambda$init$0(Server.java:57)
	at java.util.concurrent.ThreadPoolExecutor.runWorker(ThreadPoolExecutor.java:1149)
	at java.util.concurrent.ThreadPoolExecutor$Worker.run(ThreadPoolExecutor.java:624)
	at java.lang.Thread.run(Thread.java:748)
