07 06, 2022 19:04:56 下午 cn.how2j.diytomcat.Bootstrap logJVM
INFO : Server version:		How2J DiyTomcat/1.0.1
07 06, 2022 19:04:56 下午 cn.how2j.diytomcat.Bootstrap logJVM
INFO : Server built:		2020-04-08 10:20:22
07 06, 2022 19:04:56 下午 cn.how2j.diytomcat.Bootstrap logJVM
INFO : Server number:		1.0.1
07 06, 2022 19:04:56 下午 cn.how2j.diytomcat.Bootstrap logJVM
INFO : OS Name	:		Windows 10
07 06, 2022 19:04:56 下午 cn.how2j.diytomcat.Bootstrap logJVM
INFO : OS Version:		10.0
07 06, 2022 19:04:56 下午 cn.how2j.diytomcat.Bootstrap logJVM
INFO : Architecture:		amd64
07 06, 2022 19:04:56 下午 cn.how2j.diytomcat.Bootstrap logJVM
INFO : Java Home:		D:\Programs\Java\jdk1.8.0_311\jre
07 06, 2022 19:04:56 下午 cn.how2j.diytomcat.Bootstrap logJVM
INFO : JVM Version:		1.8.0_311-b11
07 06, 2022 19:04:56 下午 cn.how2j.diytomcat.Bootstrap logJVM
INFO : JVM Vendor:		Oracle Corporation
07 06, 2022 19:15:36 下午 cn.how2j.diytomcat.Bootstrap logJVM
INFO : Server version:		How2J DiyTomcat/1.0.1
07 06, 2022 19:15:36 下午 cn.how2j.diytomcat.Bootstrap logJVM
INFO : Server built:		2020-04-08 10:20:22
07 06, 2022 19:15:36 下午 cn.how2j.diytomcat.Bootstrap logJVM
INFO : Server number:		1.0.1
07 06, 2022 19:15:36 下午 cn.how2j.diytomcat.Bootstrap logJVM
INFO : OS Name	:		Windows 10
07 06, 2022 19:15:36 下午 cn.how2j.diytomcat.Bootstrap logJVM
INFO : OS Version:		10.0
07 06, 2022 19:15:36 下午 cn.how2j.diytomcat.Bootstrap logJVM
INFO : Architecture:		amd64
07 06, 2022 19:15:36 下午 cn.how2j.diytomcat.Bootstrap logJVM
INFO : Java Home:		D:\Programs\Java\jdk1.8.0_311\jre
07 06, 2022 19:15:36 下午 cn.how2j.diytomcat.Bootstrap logJVM
INFO : JVM Version:		1.8.0_311-b11
07 06, 2022 19:15:36 下午 cn.how2j.diytomcat.Bootstrap logJVM
INFO : JVM Vendor:		Oracle Corporation
