07 08, 2022 14:01:18 下午 cn.how2j.diytomcat.catalina.Context <init>
INFO : Deploying web application directory D:\java_proj\diytomcat\webapps\a
07 08, 2022 14:01:18 下午 cn.how2j.diytomcat.catalina.Context <init>
INFO : Deployment of web application directory D:\java_proj\diytomcat\webapps\a has finished in 119 ms
07 08, 2022 14:01:18 下午 cn.how2j.diytomcat.catalina.Context <init>
INFO : Deploying web application directory D:\java_proj\diytomcat\webapps\ROOT
07 08, 2022 14:01:18 下午 cn.how2j.diytomcat.catalina.Context <init>
INFO : Deployment of web application directory D:\java_proj\diytomcat\webapps\ROOT has finished in 1 ms
07 08, 2022 14:01:18 下午 cn.how2j.diytomcat.catalina.Context <init>
INFO : Deploying web application directory d:/java_proj/diytomcat/b
07 08, 2022 14:01:18 下午 cn.how2j.diytomcat.catalina.Context <init>
INFO : Deployment of web application directory d:/java_proj/diytomcat/b has finished in 1 ms
07 08, 2022 14:01:18 下午 cn.how2j.diytomcat.catalina.Server logJVM
INFO : Server version:		How2J DiyTomcat/1.0.1
07 08, 2022 14:01:18 下午 cn.how2j.diytomcat.catalina.Server logJVM
INFO : Server built:		2020-04-08 10:20:22
07 08, 2022 14:01:18 下午 cn.how2j.diytomcat.catalina.Server logJVM
INFO : Server number:		1.0.1
07 08, 2022 14:01:18 下午 cn.how2j.diytomcat.catalina.Server logJVM
INFO : OS Name	:		Windows 10
07 08, 2022 14:01:18 下午 cn.how2j.diytomcat.catalina.Server logJVM
INFO : OS Version:		10.0
07 08, 2022 14:01:18 下午 cn.how2j.diytomcat.catalina.Server logJVM
INFO : Architecture:		amd64
07 08, 2022 14:01:18 下午 cn.how2j.diytomcat.catalina.Server logJVM
INFO : Java Home:		D:\Programs\Java\jdk1.8.0_311\jre
07 08, 2022 14:01:18 下午 cn.how2j.diytomcat.catalina.Server logJVM
INFO : JVM Version:		1.8.0_311-b11
07 08, 2022 14:01:18 下午 cn.how2j.diytomcat.catalina.Server logJVM
INFO : JVM Vendor:		Oracle Corporation
07 08, 2022 14:03:48 下午 cn.how2j.diytomcat.catalina.Context <init>
INFO : Deploying web application directory D:\java_proj\diytomcat\webapps\a
07 08, 2022 14:03:48 下午 cn.how2j.diytomcat.catalina.Context <init>
INFO : Deployment of web application directory D:\java_proj\diytomcat\webapps\a has finished in 78 ms
07 08, 2022 14:03:48 下午 cn.how2j.diytomcat.catalina.Context <init>
INFO : Deploying web application directory D:\java_proj\diytomcat\webapps\ROOT
07 08, 2022 14:03:48 下午 cn.how2j.diytomcat.catalina.Context <init>
INFO : Deployment of web application directory D:\java_proj\diytomcat\webapps\ROOT has finished in 0 ms
07 08, 2022 14:03:48 下午 cn.how2j.diytomcat.catalina.Context <init>
INFO : Deploying web application directory d:/java_proj/diytomcat/b
07 08, 2022 14:03:48 下午 cn.how2j.diytomcat.catalina.Context <init>
INFO : Deployment of web application directory d:/java_proj/diytomcat/b has finished in 0 ms
07 08, 2022 14:03:48 下午 cn.how2j.diytomcat.catalina.Server logJVM
INFO : Server version:		How2J DiyTomcat/1.0.1
07 08, 2022 14:03:48 下午 cn.how2j.diytomcat.catalina.Server logJVM
INFO : Server built:		2020-04-08 10:20:22
07 08, 2022 14:03:48 下午 cn.how2j.diytomcat.catalina.Server logJVM
INFO : Server number:		1.0.1
07 08, 2022 14:03:48 下午 cn.how2j.diytomcat.catalina.Server logJVM
INFO : OS Name	:		Windows 10
07 08, 2022 14:03:48 下午 cn.how2j.diytomcat.catalina.Server logJVM
INFO : OS Version:		10.0
07 08, 2022 14:03:48 下午 cn.how2j.diytomcat.catalina.Server logJVM
INFO : Architecture:		amd64
07 08, 2022 14:03:48 下午 cn.how2j.diytomcat.catalina.Server logJVM
INFO : Java Home:		D:\Programs\Java\jdk1.8.0_311\jre
07 08, 2022 14:03:48 下午 cn.how2j.diytomcat.catalina.Server logJVM
INFO : JVM Version:		1.8.0_311-b11
07 08, 2022 14:03:48 下午 cn.how2j.diytomcat.catalina.Server logJVM
INFO : JVM Vendor:		Oracle Corporation
07 08, 2022 14:13:16 下午 cn.how2j.diytomcat.catalina.Context <init>
INFO : Deploying web application directory D:\java_proj\diytomcat\webapps\a
07 08, 2022 14:13:16 下午 cn.how2j.diytomcat.catalina.Context <init>
INFO : Deployment of web application directory D:\java_proj\diytomcat\webapps\a has finished in 71 ms
07 08, 2022 14:13:16 下午 cn.how2j.diytomcat.catalina.Context <init>
INFO : Deploying web application directory D:\java_proj\diytomcat\webapps\ROOT
07 08, 2022 14:13:16 下午 cn.how2j.diytomcat.catalina.Context <init>
INFO : Deployment of web application directory D:\java_proj\diytomcat\webapps\ROOT has finished in 1 ms
07 08, 2022 14:13:16 下午 cn.how2j.diytomcat.catalina.Context <init>
INFO : Deploying web application directory d:/java_proj/diytomcat/b
07 08, 2022 14:13:16 下午 cn.how2j.diytomcat.catalina.Context <init>
INFO : Deployment of web application directory d:/java_proj/diytomcat/b has finished in 1 ms
07 08, 2022 14:13:16 下午 cn.how2j.diytomcat.catalina.Server logJVM
INFO : Server version:		How2J DiyTomcat/1.0.1
07 08, 2022 14:13:16 下午 cn.how2j.diytomcat.catalina.Server logJVM
INFO : Server built:		2020-04-08 10:20:22
07 08, 2022 14:13:16 下午 cn.how2j.diytomcat.catalina.Server logJVM
INFO : Server number:		1.0.1
07 08, 2022 14:13:16 下午 cn.how2j.diytomcat.catalina.Server logJVM
INFO : OS Name	:		Windows 10
07 08, 2022 14:13:16 下午 cn.how2j.diytomcat.catalina.Server logJVM
INFO : OS Version:		10.0
07 08, 2022 14:13:16 下午 cn.how2j.diytomcat.catalina.Server logJVM
INFO : Architecture:		amd64
07 08, 2022 14:13:16 下午 cn.how2j.diytomcat.catalina.Server logJVM
INFO : Java Home:		D:\Programs\Java\jdk1.8.0_311\jre
07 08, 2022 14:13:16 下午 cn.how2j.diytomcat.catalina.Server logJVM
INFO : JVM Version:		1.8.0_311-b11
07 08, 2022 14:13:16 下午 cn.how2j.diytomcat.catalina.Server logJVM
INFO : JVM Vendor:		Oracle Corporation
07 08, 2022 14:14:59 下午 cn.how2j.diytomcat.catalina.Context <init>
INFO : Deploying web application directory D:\java_proj\diytomcat\webapps\a
07 08, 2022 14:14:59 下午 cn.how2j.diytomcat.catalina.Context <init>
INFO : Deployment of web application directory D:\java_proj\diytomcat\webapps\a has finished in 66 ms
07 08, 2022 14:14:59 下午 cn.how2j.diytomcat.catalina.Context <init>
INFO : Deploying web application directory D:\java_proj\diytomcat\webapps\ROOT
07 08, 2022 14:14:59 下午 cn.how2j.diytomcat.catalina.Context <init>
INFO : Deployment of web application directory D:\java_proj\diytomcat\webapps\ROOT has finished in 1 ms
07 08, 2022 14:14:59 下午 cn.how2j.diytomcat.catalina.Context <init>
INFO : Deploying web application directory d:/java_proj/diytomcat/b
07 08, 2022 14:14:59 下午 cn.how2j.diytomcat.catalina.Context <init>
INFO : Deployment of web application directory d:/java_proj/diytomcat/b has finished in 0 ms
07 08, 2022 14:14:59 下午 cn.how2j.diytomcat.catalina.Server logJVM
INFO : Server version:		How2J DiyTomcat/1.0.1
07 08, 2022 14:14:59 下午 cn.how2j.diytomcat.catalina.Server logJVM
INFO : Server built:		2020-04-08 10:20:22
07 08, 2022 14:14:59 下午 cn.how2j.diytomcat.catalina.Server logJVM
INFO : Server number:		1.0.1
07 08, 2022 14:14:59 下午 cn.how2j.diytomcat.catalina.Server logJVM
INFO : OS Name	:		Windows 10
07 08, 2022 14:14:59 下午 cn.how2j.diytomcat.catalina.Server logJVM
INFO : OS Version:		10.0
07 08, 2022 14:14:59 下午 cn.how2j.diytomcat.catalina.Server logJVM
INFO : Architecture:		amd64
07 08, 2022 14:14:59 下午 cn.how2j.diytomcat.catalina.Server logJVM
INFO : Java Home:		D:\Programs\Java\jdk1.8.0_311\jre
07 08, 2022 14:14:59 下午 cn.how2j.diytomcat.catalina.Server logJVM
INFO : JVM Version:		1.8.0_311-b11
07 08, 2022 14:14:59 下午 cn.how2j.diytomcat.catalina.Server logJVM
INFO : JVM Vendor:		Oracle Corporation
07 08, 2022 14:17:01 下午 cn.how2j.diytomcat.catalina.Context <init>
INFO : Deploying web application directory D:\java_proj\diytomcat\webapps\a
07 08, 2022 14:17:01 下午 cn.how2j.diytomcat.catalina.Context <init>
INFO : Deployment of web application directory D:\java_proj\diytomcat\webapps\a has finished in 105 ms
07 08, 2022 14:17:01 下午 cn.how2j.diytomcat.catalina.Context <init>
INFO : Deploying web application directory D:\java_proj\diytomcat\webapps\ROOT
07 08, 2022 14:17:01 下午 cn.how2j.diytomcat.catalina.Context <init>
INFO : Deployment of web application directory D:\java_proj\diytomcat\webapps\ROOT has finished in 0 ms
07 08, 2022 14:17:01 下午 cn.how2j.diytomcat.catalina.Context <init>
INFO : Deploying web application directory d:/java_proj/diytomcat/b
07 08, 2022 14:17:01 下午 cn.how2j.diytomcat.catalina.Context <init>
INFO : Deployment of web application directory d:/java_proj/diytomcat/b has finished in 0 ms
07 08, 2022 14:17:01 下午 cn.how2j.diytomcat.catalina.Server logJVM
INFO : Server version:		How2J DiyTomcat/1.0.1
07 08, 2022 14:17:01 下午 cn.how2j.diytomcat.catalina.Server logJVM
INFO : Server built:		2020-04-08 10:20:22
07 08, 2022 14:17:01 下午 cn.how2j.diytomcat.catalina.Server logJVM
INFO : Server number:		1.0.1
07 08, 2022 14:17:01 下午 cn.how2j.diytomcat.catalina.Server logJVM
INFO : OS Name	:		Windows 10
07 08, 2022 14:17:01 下午 cn.how2j.diytomcat.catalina.Server logJVM
INFO : OS Version:		10.0
07 08, 2022 14:17:01 下午 cn.how2j.diytomcat.catalina.Server logJVM
INFO : Architecture:		amd64
07 08, 2022 14:17:01 下午 cn.how2j.diytomcat.catalina.Server logJVM
INFO : Java Home:		D:\Programs\Java\jdk1.8.0_311\jre
07 08, 2022 14:17:01 下午 cn.how2j.diytomcat.catalina.Server logJVM
INFO : JVM Version:		1.8.0_311-b11
07 08, 2022 14:17:01 下午 cn.how2j.diytomcat.catalina.Server logJVM
INFO : JVM Vendor:		Oracle Corporation
07 08, 2022 14:18:39 下午 cn.how2j.diytomcat.catalina.Context <init>
INFO : Deploying web application directory D:\java_proj\diytomcat\webapps\a
07 08, 2022 14:18:39 下午 cn.how2j.diytomcat.catalina.Context <init>
INFO : Deployment of web application directory D:\java_proj\diytomcat\webapps\a has finished in 78 ms
07 08, 2022 14:18:39 下午 cn.how2j.diytomcat.catalina.Context <init>
INFO : Deploying web application directory D:\java_proj\diytomcat\webapps\ROOT
07 08, 2022 14:18:39 下午 cn.how2j.diytomcat.catalina.Context <init>
INFO : Deployment of web application directory D:\java_proj\diytomcat\webapps\ROOT has finished in 0 ms
07 08, 2022 14:18:39 下午 cn.how2j.diytomcat.catalina.Context <init>
INFO : Deploying web application directory d:/java_proj/diytomcat/b
07 08, 2022 14:18:39 下午 cn.how2j.diytomcat.catalina.Context <init>
INFO : Deployment of web application directory d:/java_proj/diytomcat/b has finished in 1 ms
07 08, 2022 14:18:39 下午 cn.how2j.diytomcat.catalina.Server logJVM
INFO : Server version:		How2J DiyTomcat/1.0.1
07 08, 2022 14:18:39 下午 cn.how2j.diytomcat.catalina.Server logJVM
INFO : Server built:		2020-04-08 10:20:22
07 08, 2022 14:18:39 下午 cn.how2j.diytomcat.catalina.Server logJVM
INFO : Server number:		1.0.1
07 08, 2022 14:18:39 下午 cn.how2j.diytomcat.catalina.Server logJVM
INFO : OS Name	:		Windows 10
07 08, 2022 14:18:39 下午 cn.how2j.diytomcat.catalina.Server logJVM
INFO : OS Version:		10.0
07 08, 2022 14:18:39 下午 cn.how2j.diytomcat.catalina.Server logJVM
INFO : Architecture:		amd64
07 08, 2022 14:18:39 下午 cn.how2j.diytomcat.catalina.Server logJVM
INFO : Java Home:		D:\Programs\Java\jdk1.8.0_311\jre
07 08, 2022 14:18:39 下午 cn.how2j.diytomcat.catalina.Server logJVM
INFO : JVM Version:		1.8.0_311-b11
07 08, 2022 14:18:39 下午 cn.how2j.diytomcat.catalina.Server logJVM
INFO : JVM Vendor:		Oracle Corporation
07 08, 2022 16:39:17 下午 cn.how2j.diytomcat.catalina.Context <init>
INFO : Deploying web application directory D:\java_proj\diytomcat\webapps\a
07 08, 2022 16:39:17 下午 cn.how2j.diytomcat.catalina.Context <init>
INFO : Deployment of web application directory D:\java_proj\diytomcat\webapps\a has finished in 71 ms
07 08, 2022 16:39:17 下午 cn.how2j.diytomcat.catalina.Context <init>
INFO : Deploying web application directory D:\java_proj\diytomcat\webapps\ROOT
07 08, 2022 16:39:17 下午 cn.how2j.diytomcat.catalina.Context <init>
INFO : Deployment of web application directory D:\java_proj\diytomcat\webapps\ROOT has finished in 0 ms
07 08, 2022 16:39:17 下午 cn.how2j.diytomcat.catalina.Context <init>
INFO : Deploying web application directory d:/java_proj/diytomcat/b
07 08, 2022 16:39:17 下午 cn.how2j.diytomcat.catalina.Context <init>
INFO : Deployment of web application directory d:/java_proj/diytomcat/b has finished in 0 ms
07 08, 2022 16:39:17 下午 cn.how2j.diytomcat.catalina.Server logJVM
INFO : Server version:		How2J DiyTomcat/1.0.1
07 08, 2022 16:39:17 下午 cn.how2j.diytomcat.catalina.Server logJVM
INFO : Server built:		2020-04-08 10:20:22
07 08, 2022 16:39:17 下午 cn.how2j.diytomcat.catalina.Server logJVM
INFO : Server number:		1.0.1
07 08, 2022 16:39:17 下午 cn.how2j.diytomcat.catalina.Server logJVM
INFO : OS Name	:		Windows 10
07 08, 2022 16:39:17 下午 cn.how2j.diytomcat.catalina.Server logJVM
INFO : OS Version:		10.0
07 08, 2022 16:39:17 下午 cn.how2j.diytomcat.catalina.Server logJVM
INFO : Architecture:		amd64
07 08, 2022 16:39:17 下午 cn.how2j.diytomcat.catalina.Server logJVM
INFO : Java Home:		D:\Programs\Java\jdk1.8.0_311\jre
07 08, 2022 16:39:17 下午 cn.how2j.diytomcat.catalina.Server logJVM
INFO : JVM Version:		1.8.0_311-b11
07 08, 2022 16:39:17 下午 cn.how2j.diytomcat.catalina.Server logJVM
INFO : JVM Vendor:		Oracle Corporation
07 08, 2022 17:00:46 下午 cn.how2j.diytomcat.catalina.Context <init>
INFO : Deploying web application directory D:\java_proj\diytomcat\webapps\a
07 08, 2022 17:00:46 下午 cn.how2j.diytomcat.catalina.Context <init>
INFO : Deployment of web application directory D:\java_proj\diytomcat\webapps\a has finished in 69 ms
07 08, 2022 17:00:46 下午 cn.how2j.diytomcat.catalina.Context <init>
INFO : Deploying web application directory D:\java_proj\diytomcat\webapps\ROOT
07 08, 2022 17:00:46 下午 cn.how2j.diytomcat.catalina.Context <init>
INFO : Deployment of web application directory D:\java_proj\diytomcat\webapps\ROOT has finished in 0 ms
07 08, 2022 17:00:46 下午 cn.how2j.diytomcat.catalina.Context <init>
INFO : Deploying web application directory d:/java_proj/diytomcat/b
07 08, 2022 17:00:46 下午 cn.how2j.diytomcat.catalina.Context <init>
INFO : Deployment of web application directory d:/java_proj/diytomcat/b has finished in 0 ms
07 08, 2022 17:00:46 下午 cn.how2j.diytomcat.catalina.Server logJVM
INFO : Server version:		How2J DiyTomcat/1.0.1
07 08, 2022 17:00:46 下午 cn.how2j.diytomcat.catalina.Server logJVM
INFO : Server built:		2020-04-08 10:20:22
07 08, 2022 17:00:46 下午 cn.how2j.diytomcat.catalina.Server logJVM
INFO : Server number:		1.0.1
07 08, 2022 17:00:46 下午 cn.how2j.diytomcat.catalina.Server logJVM
INFO : OS Name	:		Windows 10
07 08, 2022 17:00:46 下午 cn.how2j.diytomcat.catalina.Server logJVM
INFO : OS Version:		10.0
07 08, 2022 17:00:46 下午 cn.how2j.diytomcat.catalina.Server logJVM
INFO : Architecture:		amd64
07 08, 2022 17:00:46 下午 cn.how2j.diytomcat.catalina.Server logJVM
INFO : Java Home:		D:\Programs\Java\jdk1.8.0_311\jre
07 08, 2022 17:00:46 下午 cn.how2j.diytomcat.catalina.Server logJVM
INFO : JVM Version:		1.8.0_311-b11
07 08, 2022 17:00:46 下午 cn.how2j.diytomcat.catalina.Server logJVM
INFO : JVM Vendor:		Oracle Corporation
07 08, 2022 17:24:56 下午 cn.how2j.diytomcat.catalina.Context <init>
INFO : Deploying web application directory D:\java_proj\diytomcat\webapps\a
07 08, 2022 17:24:56 下午 cn.how2j.diytomcat.catalina.Context <init>
INFO : Deployment of web application directory D:\java_proj\diytomcat\webapps\a has finished in 63 ms
07 08, 2022 17:24:56 下午 cn.how2j.diytomcat.catalina.Context <init>
INFO : Deploying web application directory D:\java_proj\diytomcat\webapps\ROOT
07 08, 2022 17:24:56 下午 cn.how2j.diytomcat.catalina.Context <init>
INFO : Deployment of web application directory D:\java_proj\diytomcat\webapps\ROOT has finished in 0 ms
07 08, 2022 17:24:56 下午 cn.how2j.diytomcat.catalina.Context <init>
INFO : Deploying web application directory d:/java_proj/diytomcat/b
07 08, 2022 17:24:56 下午 cn.how2j.diytomcat.catalina.Context <init>
INFO : Deployment of web application directory d:/java_proj/diytomcat/b has finished in 0 ms
07 08, 2022 17:24:56 下午 cn.how2j.diytomcat.catalina.Server logJVM
INFO : Server version:		How2J DiyTomcat/1.0.1
07 08, 2022 17:24:56 下午 cn.how2j.diytomcat.catalina.Server logJVM
INFO : Server built:		2020-04-08 10:20:22
07 08, 2022 17:24:56 下午 cn.how2j.diytomcat.catalina.Server logJVM
INFO : Server number:		1.0.1
07 08, 2022 17:24:56 下午 cn.how2j.diytomcat.catalina.Server logJVM
INFO : OS Name	:		Windows 10
07 08, 2022 17:24:56 下午 cn.how2j.diytomcat.catalina.Server logJVM
INFO : OS Version:		10.0
07 08, 2022 17:24:56 下午 cn.how2j.diytomcat.catalina.Server logJVM
INFO : Architecture:		amd64
07 08, 2022 17:24:56 下午 cn.how2j.diytomcat.catalina.Server logJVM
INFO : Java Home:		D:\Programs\Java\jdk1.8.0_311\jre
07 08, 2022 17:24:56 下午 cn.how2j.diytomcat.catalina.Server logJVM
INFO : JVM Version:		1.8.0_311-b11
07 08, 2022 17:24:56 下午 cn.how2j.diytomcat.catalina.Server logJVM
INFO : JVM Vendor:		Oracle Corporation
07 08, 2022 17:24:56 下午 cn.how2j.diytomcat.catalina.Service init
INFO : Initialization processed in 0 ms
07 08, 2022 17:24:56 下午 cn.how2j.diytomcat.catalina.Server start
INFO : Server startup in 3 ms
07 08, 2022 17:25:32 下午 cn.how2j.diytomcat.catalina.Context <init>
INFO : Deploying web application directory D:\java_proj\diytomcat\webapps\a
07 08, 2022 17:25:32 下午 cn.how2j.diytomcat.catalina.Context <init>
INFO : Deployment of web application directory D:\java_proj\diytomcat\webapps\a has finished in 74 ms
07 08, 2022 17:25:32 下午 cn.how2j.diytomcat.catalina.Context <init>
INFO : Deploying web application directory D:\java_proj\diytomcat\webapps\ROOT
07 08, 2022 17:25:32 下午 cn.how2j.diytomcat.catalina.Context <init>
INFO : Deployment of web application directory D:\java_proj\diytomcat\webapps\ROOT has finished in 0 ms
07 08, 2022 17:25:32 下午 cn.how2j.diytomcat.catalina.Context <init>
INFO : Deploying web application directory d:/java_proj/diytomcat/b
07 08, 2022 17:25:32 下午 cn.how2j.diytomcat.catalina.Context <init>
INFO : Deployment of web application directory d:/java_proj/diytomcat/b has finished in 0 ms
07 08, 2022 17:25:32 下午 cn.how2j.diytomcat.catalina.Server logJVM
INFO : Server version:		How2J DiyTomcat/1.0.1
07 08, 2022 17:25:32 下午 cn.how2j.diytomcat.catalina.Server logJVM
INFO : Server built:		2020-04-08 10:20:22
07 08, 2022 17:25:32 下午 cn.how2j.diytomcat.catalina.Server logJVM
INFO : Server number:		1.0.1
07 08, 2022 17:25:32 下午 cn.how2j.diytomcat.catalina.Server logJVM
INFO : OS Name	:		Windows 10
07 08, 2022 17:25:32 下午 cn.how2j.diytomcat.catalina.Server logJVM
INFO : OS Version:		10.0
07 08, 2022 17:25:32 下午 cn.how2j.diytomcat.catalina.Server logJVM
INFO : Architecture:		amd64
07 08, 2022 17:25:32 下午 cn.how2j.diytomcat.catalina.Server logJVM
INFO : Java Home:		D:\Programs\Java\jdk1.8.0_311\jre
07 08, 2022 17:25:32 下午 cn.how2j.diytomcat.catalina.Server logJVM
INFO : JVM Version:		1.8.0_311-b11
07 08, 2022 17:25:32 下午 cn.how2j.diytomcat.catalina.Server logJVM
INFO : JVM Vendor:		Oracle Corporation
07 08, 2022 17:25:32 下午 cn.how2j.diytomcat.catalina.Service init
INFO : Initialization processed in 0 ms
07 08, 2022 17:25:32 下午 cn.how2j.diytomcat.catalina.Server start
INFO : Server startup in 4 ms
07 08, 2022 17:28:15 下午 cn.how2j.diytomcat.catalina.Context <init>
INFO : Deploying web application directory D:\java_proj\diytomcat\webapps\a
07 08, 2022 17:28:15 下午 cn.how2j.diytomcat.catalina.Context <init>
INFO : Deployment of web application directory D:\java_proj\diytomcat\webapps\a has finished in 64 ms
07 08, 2022 17:28:15 下午 cn.how2j.diytomcat.catalina.Context <init>
INFO : Deploying web application directory D:\java_proj\diytomcat\webapps\ROOT
07 08, 2022 17:28:15 下午 cn.how2j.diytomcat.catalina.Context <init>
INFO : Deployment of web application directory D:\java_proj\diytomcat\webapps\ROOT has finished in 0 ms
07 08, 2022 17:28:15 下午 cn.how2j.diytomcat.catalina.Context <init>
INFO : Deploying web application directory d:/java_proj/diytomcat/b
07 08, 2022 17:28:15 下午 cn.how2j.diytomcat.catalina.Context <init>
INFO : Deployment of web application directory d:/java_proj/diytomcat/b has finished in 0 ms
07 08, 2022 17:28:15 下午 cn.how2j.diytomcat.catalina.Server logJVM
INFO : Server version:		How2J DiyTomcat/1.0.1
07 08, 2022 17:28:15 下午 cn.how2j.diytomcat.catalina.Server logJVM
INFO : Server built:		2020-04-08 10:20:22
07 08, 2022 17:28:15 下午 cn.how2j.diytomcat.catalina.Server logJVM
INFO : Server number:		1.0.1
07 08, 2022 17:28:15 下午 cn.how2j.diytomcat.catalina.Server logJVM
INFO : OS Name	:		Windows 10
07 08, 2022 17:28:15 下午 cn.how2j.diytomcat.catalina.Server logJVM
INFO : OS Version:		10.0
07 08, 2022 17:28:15 下午 cn.how2j.diytomcat.catalina.Server logJVM
INFO : Architecture:		amd64
07 08, 2022 17:28:15 下午 cn.how2j.diytomcat.catalina.Server logJVM
INFO : Java Home:		D:\Programs\Java\jdk1.8.0_311\jre
07 08, 2022 17:28:15 下午 cn.how2j.diytomcat.catalina.Server logJVM
INFO : JVM Version:		1.8.0_311-b11
07 08, 2022 17:28:15 下午 cn.how2j.diytomcat.catalina.Server logJVM
INFO : JVM Vendor:		Oracle Corporation
07 08, 2022 17:28:15 下午 cn.how2j.diytomcat.catalina.Connector init
INFO : Initializing ProtocolHandle [http-bio-18080]
07 08, 2022 17:28:15 下午 cn.how2j.diytomcat.catalina.Connector init
INFO : Initializing ProtocolHandle [http-bio-18081]
07 08, 2022 17:28:15 下午 cn.how2j.diytomcat.catalina.Connector init
INFO : Initializing ProtocolHandle [http-bio-18082]
07 08, 2022 17:28:15 下午 cn.how2j.diytomcat.catalina.Service init
INFO : Initialization processed in 1 ms
07 08, 2022 17:28:15 下午 cn.how2j.diytomcat.catalina.Connector start
INFO : Starting ProtocolHandler [http-bio-18080]
07 08, 2022 17:28:15 下午 cn.how2j.diytomcat.catalina.Connector start
INFO : Starting ProtocolHandler [http-bio-18081]
07 08, 2022 17:28:15 下午 cn.how2j.diytomcat.catalina.Connector start
INFO : Starting ProtocolHandler [http-bio-18082]
07 08, 2022 17:28:15 下午 cn.how2j.diytomcat.catalina.Server start
INFO : Server startup in 4 ms
07 08, 2022 17:30:51 下午 cn.how2j.diytomcat.catalina.Connector error
ERROR: this is a deliberately created exception
java.lang.Exception: this is a deliberately created exception
	at cn.how2j.diytomcat.catalina.Connector.lambda$run$0(Connector.java:59)
	at java.util.concurrent.ThreadPoolExecutor.runWorker(ThreadPoolExecutor.java:1149)
	at java.util.concurrent.ThreadPoolExecutor$Worker.run(ThreadPoolExecutor.java:624)
	at java.lang.Thread.run(Thread.java:748)
07 08, 2022 17:38:06 下午 cn.how2j.diytomcat.catalina.Context <init>
INFO : Deploying web application directory D:\java_proj\diytomcat\webapps\a
07 08, 2022 17:38:06 下午 cn.how2j.diytomcat.catalina.Context <init>
INFO : Deployment of web application directory D:\java_proj\diytomcat\webapps\a has finished in 68 ms
07 08, 2022 17:38:06 下午 cn.how2j.diytomcat.catalina.Context <init>
INFO : Deploying web application directory D:\java_proj\diytomcat\webapps\ROOT
07 08, 2022 17:38:06 下午 cn.how2j.diytomcat.catalina.Context <init>
INFO : Deployment of web application directory D:\java_proj\diytomcat\webapps\ROOT has finished in 0 ms
07 08, 2022 17:38:06 下午 cn.how2j.diytomcat.catalina.Context <init>
INFO : Deploying web application directory d:/java_proj/diytomcat/b
07 08, 2022 17:38:06 下午 cn.how2j.diytomcat.catalina.Context <init>
INFO : Deployment of web application directory d:/java_proj/diytomcat/b has finished in 1 ms
07 08, 2022 17:38:06 下午 cn.how2j.diytomcat.catalina.Server logJVM
INFO : Server version:		How2J DiyTomcat/1.0.1
07 08, 2022 17:38:06 下午 cn.how2j.diytomcat.catalina.Server logJVM
INFO : Server built:		2020-04-08 10:20:22
07 08, 2022 17:38:06 下午 cn.how2j.diytomcat.catalina.Server logJVM
INFO : Server number:		1.0.1
07 08, 2022 17:38:06 下午 cn.how2j.diytomcat.catalina.Server logJVM
INFO : OS Name	:		Windows 10
07 08, 2022 17:38:06 下午 cn.how2j.diytomcat.catalina.Server logJVM
INFO : OS Version:		10.0
07 08, 2022 17:38:06 下午 cn.how2j.diytomcat.catalina.Server logJVM
INFO : Architecture:		amd64
07 08, 2022 17:38:06 下午 cn.how2j.diytomcat.catalina.Server logJVM
INFO : Java Home:		D:\Programs\Java\jdk1.8.0_311\jre
07 08, 2022 17:38:06 下午 cn.how2j.diytomcat.catalina.Server logJVM
INFO : JVM Version:		1.8.0_311-b11
07 08, 2022 17:38:06 下午 cn.how2j.diytomcat.catalina.Server logJVM
INFO : JVM Vendor:		Oracle Corporation
07 08, 2022 17:38:06 下午 cn.how2j.diytomcat.catalina.Connector init
INFO : Initializing ProtocolHandle [http-bio-18080]
07 08, 2022 17:38:06 下午 cn.how2j.diytomcat.catalina.Connector init
INFO : Initializing ProtocolHandle [http-bio-18081]
07 08, 2022 17:38:06 下午 cn.how2j.diytomcat.catalina.Connector init
INFO : Initializing ProtocolHandle [http-bio-18082]
07 08, 2022 17:38:06 下午 cn.how2j.diytomcat.catalina.Service init
INFO : Initialization processed in 1 ms
07 08, 2022 17:38:06 下午 cn.how2j.diytomcat.catalina.Connector start
INFO : Starting ProtocolHandler [http-bio-18080]
07 08, 2022 17:38:06 下午 cn.how2j.diytomcat.catalina.Connector start
INFO : Starting ProtocolHandler [http-bio-18081]
07 08, 2022 17:38:06 下午 cn.how2j.diytomcat.catalina.Connector start
INFO : Starting ProtocolHandler [http-bio-18082]
07 08, 2022 17:38:06 下午 cn.how2j.diytomcat.catalina.Server start
INFO : Server startup in 4 ms
07 08, 2022 17:38:39 下午 cn.how2j.diytomcat.catalina.HttpProcessor error
ERROR: this is a deliberately created exception
java.lang.Exception: this is a deliberately created exception
	at cn.how2j.diytomcat.catalina.HttpProcessor.execute(HttpProcessor.java:29)
	at cn.how2j.diytomcat.catalina.Connector.lambda$run$0(Connector.java:46)
	at java.util.concurrent.ThreadPoolExecutor.runWorker(ThreadPoolExecutor.java:1149)
	at java.util.concurrent.ThreadPoolExecutor$Worker.run(ThreadPoolExecutor.java:624)
	at java.lang.Thread.run(Thread.java:748)
07 08, 2022 17:49:59 下午 cn.how2j.diytomcat.catalina.Context <init>
INFO : Deploying web application directory D:\java_proj\diytomcat\webapps\a
07 08, 2022 17:49:59 下午 cn.how2j.diytomcat.catalina.Context <init>
INFO : Deployment of web application directory D:\java_proj\diytomcat\webapps\a has finished in 73 ms
07 08, 2022 17:49:59 下午 cn.how2j.diytomcat.catalina.Context <init>
INFO : Deploying web application directory D:\java_proj\diytomcat\webapps\ROOT
07 08, 2022 17:49:59 下午 cn.how2j.diytomcat.catalina.Context <init>
INFO : Deployment of web application directory D:\java_proj\diytomcat\webapps\ROOT has finished in 0 ms
07 08, 2022 17:49:59 下午 cn.how2j.diytomcat.catalina.Context <init>
INFO : Deploying web application directory d:/java_proj/diytomcat/b
07 08, 2022 17:49:59 下午 cn.how2j.diytomcat.catalina.Context <init>
INFO : Deployment of web application directory d:/java_proj/diytomcat/b has finished in 0 ms
07 08, 2022 17:49:59 下午 cn.how2j.diytomcat.catalina.Server logJVM
INFO : Server version:		How2J DiyTomcat/1.0.1
07 08, 2022 17:49:59 下午 cn.how2j.diytomcat.catalina.Server logJVM
INFO : Server built:		2020-04-08 10:20:22
07 08, 2022 17:49:59 下午 cn.how2j.diytomcat.catalina.Server logJVM
INFO : Server number:		1.0.1
07 08, 2022 17:49:59 下午 cn.how2j.diytomcat.catalina.Server logJVM
INFO : OS Name	:		Windows 10
07 08, 2022 17:49:59 下午 cn.how2j.diytomcat.catalina.Server logJVM
INFO : OS Version:		10.0
07 08, 2022 17:49:59 下午 cn.how2j.diytomcat.catalina.Server logJVM
INFO : Architecture:		amd64
07 08, 2022 17:49:59 下午 cn.how2j.diytomcat.catalina.Server logJVM
INFO : Java Home:		D:\Programs\Java\jdk1.8.0_311\jre
07 08, 2022 17:49:59 下午 cn.how2j.diytomcat.catalina.Server logJVM
INFO : JVM Version:		1.8.0_311-b11
07 08, 2022 17:49:59 下午 cn.how2j.diytomcat.catalina.Server logJVM
INFO : JVM Vendor:		Oracle Corporation
07 08, 2022 17:49:59 下午 cn.how2j.diytomcat.catalina.Connector init
INFO : Initializing ProtocolHandle [http-bio-18080]
07 08, 2022 17:49:59 下午 cn.how2j.diytomcat.catalina.Connector init
INFO : Initializing ProtocolHandle [http-bio-18081]
07 08, 2022 17:49:59 下午 cn.how2j.diytomcat.catalina.Connector init
INFO : Initializing ProtocolHandle [http-bio-18082]
07 08, 2022 17:49:59 下午 cn.how2j.diytomcat.catalina.Service init
INFO : Initialization processed in 2 ms
07 08, 2022 17:49:59 下午 cn.how2j.diytomcat.catalina.Connector start
INFO : Starting ProtocolHandler [http-bio-18080]
07 08, 2022 17:49:59 下午 cn.how2j.diytomcat.catalina.Connector start
INFO : Starting ProtocolHandler [http-bio-18081]
07 08, 2022 17:49:59 下午 cn.how2j.diytomcat.catalina.Connector start
INFO : Starting ProtocolHandler [http-bio-18082]
07 08, 2022 17:49:59 下午 cn.how2j.diytomcat.catalina.Server start
INFO : Server startup in 5 ms
07 08, 2022 18:00:45 下午 cn.how2j.diytomcat.catalina.Context <init>
INFO : Deploying web application directory D:\java_proj\diytomcat\webapps\a
07 08, 2022 18:00:45 下午 cn.how2j.diytomcat.catalina.Context <init>
INFO : Deployment of web application directory D:\java_proj\diytomcat\webapps\a has finished in 64 ms
07 08, 2022 18:00:45 下午 cn.how2j.diytomcat.catalina.Context <init>
INFO : Deploying web application directory D:\java_proj\diytomcat\webapps\ROOT
07 08, 2022 18:00:45 下午 cn.how2j.diytomcat.catalina.Context <init>
INFO : Deployment of web application directory D:\java_proj\diytomcat\webapps\ROOT has finished in 0 ms
07 08, 2022 18:00:45 下午 cn.how2j.diytomcat.catalina.Context <init>
INFO : Deploying web application directory d:/java_proj/diytomcat/b
07 08, 2022 18:00:45 下午 cn.how2j.diytomcat.catalina.Context <init>
INFO : Deployment of web application directory d:/java_proj/diytomcat/b has finished in 0 ms
07 08, 2022 18:00:45 下午 cn.how2j.diytomcat.catalina.Server logJVM
INFO : Server version:		How2J DiyTomcat/1.0.1
07 08, 2022 18:00:45 下午 cn.how2j.diytomcat.catalina.Server logJVM
INFO : Server built:		2020-04-08 10:20:22
07 08, 2022 18:00:45 下午 cn.how2j.diytomcat.catalina.Server logJVM
INFO : Server number:		1.0.1
07 08, 2022 18:00:45 下午 cn.how2j.diytomcat.catalina.Server logJVM
INFO : OS Name	:		Windows 10
07 08, 2022 18:00:45 下午 cn.how2j.diytomcat.catalina.Server logJVM
INFO : OS Version:		10.0
07 08, 2022 18:00:45 下午 cn.how2j.diytomcat.catalina.Server logJVM
INFO : Architecture:		amd64
07 08, 2022 18:00:45 下午 cn.how2j.diytomcat.catalina.Server logJVM
INFO : Java Home:		D:\Programs\Java\jdk1.8.0_311\jre
07 08, 2022 18:00:45 下午 cn.how2j.diytomcat.catalina.Server logJVM
INFO : JVM Version:		1.8.0_311-b11
07 08, 2022 18:00:45 下午 cn.how2j.diytomcat.catalina.Server logJVM
INFO : JVM Vendor:		Oracle Corporation
07 08, 2022 18:00:45 下午 cn.how2j.diytomcat.catalina.Connector init
INFO : Initializing ProtocolHandle [http-bio-18080]
07 08, 2022 18:00:45 下午 cn.how2j.diytomcat.catalina.Connector init
INFO : Initializing ProtocolHandle [http-bio-18081]
07 08, 2022 18:00:45 下午 cn.how2j.diytomcat.catalina.Connector init
INFO : Initializing ProtocolHandle [http-bio-18082]
07 08, 2022 18:00:45 下午 cn.how2j.diytomcat.catalina.Service init
INFO : Initialization processed in 2 ms
07 08, 2022 18:00:45 下午 cn.how2j.diytomcat.catalina.Connector start
INFO : Starting ProtocolHandler [http-bio-18080]
07 08, 2022 18:00:45 下午 cn.how2j.diytomcat.catalina.Connector start
INFO : Starting ProtocolHandler [http-bio-18081]
07 08, 2022 18:00:45 下午 cn.how2j.diytomcat.catalina.Connector start
INFO : Starting ProtocolHandler [http-bio-18082]
07 08, 2022 18:00:45 下午 cn.how2j.diytomcat.catalina.Server start
INFO : Server startup in 3 ms
07 08, 2022 18:00:51 下午 cn.how2j.diytomcat.catalina.HttpProcessor error
ERROR: this is a deliberately created exception
java.lang.Exception: this is a deliberately created exception
	at cn.how2j.diytomcat.catalina.HttpProcessor.execute(HttpProcessor.java:30)
	at cn.how2j.diytomcat.catalina.Connector.lambda$run$0(Connector.java:46)
	at java.util.concurrent.ThreadPoolExecutor.runWorker(ThreadPoolExecutor.java:1149)
	at java.util.concurrent.ThreadPoolExecutor$Worker.run(ThreadPoolExecutor.java:624)
	at java.lang.Thread.run(Thread.java:748)
07 08, 2022 18:28:13 下午 cn.how2j.diytomcat.catalina.Context deploy
INFO : Deploying web application directory D:\java_proj\diytomcat\webapps\a
07 08, 2022 18:28:13 下午 cn.how2j.diytomcat.catalina.Context deploy
INFO : Deployment of web application directory D:\java_proj\diytomcat\webapps\a has finished in 69 ms
07 08, 2022 18:28:13 下午 cn.how2j.diytomcat.catalina.Context deploy
INFO : Deploying web application directory D:\java_proj\diytomcat\webapps\j2ee
07 08, 2022 18:28:13 下午 cn.how2j.diytomcat.catalina.Context deploy
INFO : Deployment of web application directory D:\java_proj\diytomcat\webapps\j2ee has finished in 3 ms
07 08, 2022 18:28:13 下午 cn.how2j.diytomcat.catalina.Context deploy
INFO : Deploying web application directory D:\java_proj\diytomcat\webapps\ROOT
07 08, 2022 18:28:13 下午 cn.how2j.diytomcat.catalina.Context deploy
INFO : Deployment of web application directory D:\java_proj\diytomcat\webapps\ROOT has finished in 0 ms
07 08, 2022 18:28:13 下午 cn.how2j.diytomcat.catalina.Context deploy
INFO : Deploying web application directory d:/java_proj/diytomcat/b
07 08, 2022 18:28:13 下午 cn.how2j.diytomcat.catalina.Context deploy
INFO : Deployment of web application directory d:/java_proj/diytomcat/b has finished in 0 ms
07 08, 2022 18:28:13 下午 cn.how2j.diytomcat.catalina.Server logJVM
INFO : Server version:		How2J DiyTomcat/1.0.1
07 08, 2022 18:28:13 下午 cn.how2j.diytomcat.catalina.Server logJVM
INFO : Server built:		2020-04-08 10:20:22
07 08, 2022 18:28:13 下午 cn.how2j.diytomcat.catalina.Server logJVM
INFO : Server number:		1.0.1
07 08, 2022 18:28:13 下午 cn.how2j.diytomcat.catalina.Server logJVM
INFO : OS Name	:		Windows 10
07 08, 2022 18:28:13 下午 cn.how2j.diytomcat.catalina.Server logJVM
INFO : OS Version:		10.0
07 08, 2022 18:28:13 下午 cn.how2j.diytomcat.catalina.Server logJVM
INFO : Architecture:		amd64
07 08, 2022 18:28:13 下午 cn.how2j.diytomcat.catalina.Server logJVM
INFO : Java Home:		D:\Programs\Java\jdk1.8.0_311\jre
07 08, 2022 18:28:13 下午 cn.how2j.diytomcat.catalina.Server logJVM
INFO : JVM Version:		1.8.0_311-b11
07 08, 2022 18:28:13 下午 cn.how2j.diytomcat.catalina.Server logJVM
INFO : JVM Vendor:		Oracle Corporation
07 08, 2022 18:28:13 下午 cn.how2j.diytomcat.catalina.Connector init
INFO : Initializing ProtocolHandle [http-bio-18080]
07 08, 2022 18:28:13 下午 cn.how2j.diytomcat.catalina.Connector init
INFO : Initializing ProtocolHandle [http-bio-18081]
07 08, 2022 18:28:13 下午 cn.how2j.diytomcat.catalina.Connector init
INFO : Initializing ProtocolHandle [http-bio-18082]
07 08, 2022 18:28:13 下午 cn.how2j.diytomcat.catalina.Service init
INFO : Initialization processed in 1 ms
07 08, 2022 18:28:13 下午 cn.how2j.diytomcat.catalina.Connector start
INFO : Starting ProtocolHandler [http-bio-18080]
07 08, 2022 18:28:13 下午 cn.how2j.diytomcat.catalina.Connector start
INFO : Starting ProtocolHandler [http-bio-18081]
07 08, 2022 18:28:13 下午 cn.how2j.diytomcat.catalina.Connector start
INFO : Starting ProtocolHandler [http-bio-18082]
07 08, 2022 18:28:13 下午 cn.how2j.diytomcat.catalina.Server start
INFO : Server startup in 4 ms
07 08, 2022 18:44:28 下午 cn.how2j.diytomcat.catalina.Context deploy
INFO : Deploying web application directory D:\java_proj\diytomcat\webapps\a
07 08, 2022 18:44:28 下午 cn.how2j.diytomcat.catalina.Context deploy
INFO : Deployment of web application directory D:\java_proj\diytomcat\webapps\a has finished in 70 ms
07 08, 2022 18:44:28 下午 cn.how2j.diytomcat.catalina.Context deploy
INFO : Deploying web application directory D:\java_proj\diytomcat\webapps\j2ee
07 08, 2022 18:44:28 下午 cn.how2j.diytomcat.catalina.Context deploy
INFO : Deployment of web application directory D:\java_proj\diytomcat\webapps\j2ee has finished in 3 ms
07 08, 2022 18:44:28 下午 cn.how2j.diytomcat.catalina.Context deploy
INFO : Deploying web application directory D:\java_proj\diytomcat\webapps\ROOT
07 08, 2022 18:44:28 下午 cn.how2j.diytomcat.catalina.Context deploy
INFO : Deployment of web application directory D:\java_proj\diytomcat\webapps\ROOT has finished in 1 ms
07 08, 2022 18:44:28 下午 cn.how2j.diytomcat.catalina.Context deploy
INFO : Deploying web application directory d:/java_proj/diytomcat/b
07 08, 2022 18:44:28 下午 cn.how2j.diytomcat.catalina.Context deploy
INFO : Deployment of web application directory d:/java_proj/diytomcat/b has finished in 0 ms
07 08, 2022 18:44:28 下午 cn.how2j.diytomcat.catalina.Server logJVM
INFO : Server version:		How2J DiyTomcat/1.0.1
07 08, 2022 18:44:28 下午 cn.how2j.diytomcat.catalina.Server logJVM
INFO : Server built:		2020-04-08 10:20:22
07 08, 2022 18:44:28 下午 cn.how2j.diytomcat.catalina.Server logJVM
INFO : Server number:		1.0.1
07 08, 2022 18:44:28 下午 cn.how2j.diytomcat.catalina.Server logJVM
INFO : OS Name	:		Windows 10
07 08, 2022 18:44:28 下午 cn.how2j.diytomcat.catalina.Server logJVM
INFO : OS Version:		10.0
07 08, 2022 18:44:28 下午 cn.how2j.diytomcat.catalina.Server logJVM
INFO : Architecture:		amd64
07 08, 2022 18:44:28 下午 cn.how2j.diytomcat.catalina.Server logJVM
INFO : Java Home:		D:\Programs\Java\jdk1.8.0_311\jre
07 08, 2022 18:44:28 下午 cn.how2j.diytomcat.catalina.Server logJVM
INFO : JVM Version:		1.8.0_311-b11
07 08, 2022 18:44:28 下午 cn.how2j.diytomcat.catalina.Server logJVM
INFO : JVM Vendor:		Oracle Corporation
07 08, 2022 18:44:28 下午 cn.how2j.diytomcat.catalina.Connector init
INFO : Initializing ProtocolHandle [http-bio-18080]
07 08, 2022 18:44:28 下午 cn.how2j.diytomcat.catalina.Connector init
INFO : Initializing ProtocolHandle [http-bio-18081]
07 08, 2022 18:44:28 下午 cn.how2j.diytomcat.catalina.Connector init
INFO : Initializing ProtocolHandle [http-bio-18082]
07 08, 2022 18:44:28 下午 cn.how2j.diytomcat.catalina.Service init
INFO : Initialization processed in 1 ms
07 08, 2022 18:44:28 下午 cn.how2j.diytomcat.catalina.Connector start
INFO : Starting ProtocolHandler [http-bio-18080]
07 08, 2022 18:44:28 下午 cn.how2j.diytomcat.catalina.Connector start
INFO : Starting ProtocolHandler [http-bio-18081]
07 08, 2022 18:44:28 下午 cn.how2j.diytomcat.catalina.Connector start
INFO : Starting ProtocolHandler [http-bio-18082]
07 08, 2022 18:44:28 下午 cn.how2j.diytomcat.catalina.Server start
INFO : Server startup in 5 ms
07 08, 2022 19:00:55 下午 cn.how2j.diytomcat.catalina.Context deploy
INFO : Deploying web application directory D:\java_proj\diytomcat\webapps\a
07 08, 2022 19:00:55 下午 cn.how2j.diytomcat.catalina.Context deploy
INFO : Deployment of web application directory D:\java_proj\diytomcat\webapps\a has finished in 69 ms
07 08, 2022 19:00:55 下午 cn.how2j.diytomcat.catalina.Context deploy
INFO : Deploying web application directory D:\java_proj\diytomcat\webapps\j2ee
07 08, 2022 19:00:55 下午 cn.how2j.diytomcat.catalina.Context deploy
INFO : Deployment of web application directory D:\java_proj\diytomcat\webapps\j2ee has finished in 2 ms
07 08, 2022 19:00:55 下午 cn.how2j.diytomcat.catalina.Context deploy
INFO : Deploying web application directory D:\java_proj\diytomcat\webapps\ROOT
07 08, 2022 19:00:55 下午 cn.how2j.diytomcat.catalina.Context deploy
INFO : Deployment of web application directory D:\java_proj\diytomcat\webapps\ROOT has finished in 0 ms
07 08, 2022 19:00:55 下午 cn.how2j.diytomcat.catalina.Context deploy
INFO : Deploying web application directory d:/java_proj/diytomcat/b
07 08, 2022 19:00:55 下午 cn.how2j.diytomcat.catalina.Context deploy
INFO : Deployment of web application directory d:/java_proj/diytomcat/b has finished in 0 ms
07 08, 2022 19:00:55 下午 cn.how2j.diytomcat.catalina.Server logJVM
INFO : Server version:		How2J DiyTomcat/1.0.1
07 08, 2022 19:00:55 下午 cn.how2j.diytomcat.catalina.Server logJVM
INFO : Server built:		2020-04-08 10:20:22
07 08, 2022 19:00:55 下午 cn.how2j.diytomcat.catalina.Server logJVM
INFO : Server number:		1.0.1
07 08, 2022 19:00:55 下午 cn.how2j.diytomcat.catalina.Server logJVM
INFO : OS Name	:		Windows 10
07 08, 2022 19:00:55 下午 cn.how2j.diytomcat.catalina.Server logJVM
INFO : OS Version:		10.0
07 08, 2022 19:00:55 下午 cn.how2j.diytomcat.catalina.Server logJVM
INFO : Architecture:		amd64
07 08, 2022 19:00:55 下午 cn.how2j.diytomcat.catalina.Server logJVM
INFO : Java Home:		D:\Programs\Java\jdk1.8.0_311\jre
07 08, 2022 19:00:55 下午 cn.how2j.diytomcat.catalina.Server logJVM
INFO : JVM Version:		1.8.0_311-b11
07 08, 2022 19:00:55 下午 cn.how2j.diytomcat.catalina.Server logJVM
INFO : JVM Vendor:		Oracle Corporation
07 08, 2022 19:00:55 下午 cn.how2j.diytomcat.catalina.Connector init
INFO : Initializing ProtocolHandle [http-bio-18080]
07 08, 2022 19:00:55 下午 cn.how2j.diytomcat.catalina.Connector init
INFO : Initializing ProtocolHandle [http-bio-18081]
07 08, 2022 19:00:55 下午 cn.how2j.diytomcat.catalina.Connector init
INFO : Initializing ProtocolHandle [http-bio-18082]
07 08, 2022 19:00:55 下午 cn.how2j.diytomcat.catalina.Service init
INFO : Initialization processed in 1 ms
07 08, 2022 19:00:55 下午 cn.how2j.diytomcat.catalina.Connector start
INFO : Starting ProtocolHandler [http-bio-18080]
07 08, 2022 19:00:55 下午 cn.how2j.diytomcat.catalina.Connector start
INFO : Starting ProtocolHandler [http-bio-18081]
07 08, 2022 19:00:55 下午 cn.how2j.diytomcat.catalina.Connector start
INFO : Starting ProtocolHandler [http-bio-18082]
07 08, 2022 19:00:55 下午 cn.how2j.diytomcat.catalina.Server start
INFO : Server startup in 6 ms
07 08, 2022 19:01:12 下午 cn.how2j.diytomcat.catalina.HttpProcessor error
ERROR: this is a deliberately created exception
java.lang.RuntimeException: this is a deliberately created exception
	at cn.how2j.diytomcat.servlets.DefaultServlet.service(DefaultServlet.java:37)
	at cn.how2j.diytomcat.catalina.HttpProcessor.execute(HttpProcessor.java:35)
	at cn.how2j.diytomcat.catalina.Connector.lambda$run$0(Connector.java:46)
	at java.util.concurrent.ThreadPoolExecutor.runWorker(ThreadPoolExecutor.java:1149)
	at java.util.concurrent.ThreadPoolExecutor$Worker.run(ThreadPoolExecutor.java:624)
	at java.lang.Thread.run(Thread.java:748)
