07 11, 2022 21:18:49 下午 cn.how2j.diytomcat.catalina.Context <init>
INFO : Deploying web application directory D:\java_proj\diytomcat\webapps\a
07 11, 2022 21:18:49 下午 cn.how2j.diytomcat.catalina.Context <init>
INFO : Deployment of web application directory D:\java_proj\diytomcat\webapps\a has finished in 196 ms
07 11, 2022 21:18:49 下午 cn.how2j.diytomcat.catalina.Context <init>
INFO : Deploying web application directory D:\java_proj\diytomcat\webapps\j2ee
07 11, 2022 21:18:49 下午 cn.how2j.diytomcat.catalina.Context <init>
INFO : Deployment of web application directory D:\java_proj\diytomcat\webapps\j2ee has finished in 8 ms
07 11, 2022 21:18:49 下午 cn.how2j.diytomcat.catalina.Context <init>
INFO : Deploying web application directory D:\java_proj\diytomcat\webapps\ROOT
07 11, 2022 21:18:49 下午 cn.how2j.diytomcat.catalina.Context <init>
INFO : Deployment of web application directory D:\java_proj\diytomcat\webapps\ROOT has finished in 1 ms
07 11, 2022 21:18:49 下午 cn.how2j.diytomcat.catalina.Context <init>
INFO : Deploying web application directory d:/java_proj/diytomcat/b
07 11, 2022 21:18:49 下午 cn.how2j.diytomcat.catalina.Context <init>
INFO : Deployment of web application directory d:/java_proj/diytomcat/b has finished in 1 ms
07 11, 2022 21:18:49 下午 cn.how2j.diytomcat.catalina.Context <init>
INFO : Deploying web application directory d:/java_proj/javaweb/web
07 11, 2022 21:18:49 下午 cn.how2j.diytomcat.catalina.Context <init>
INFO : Deployment of web application directory d:/java_proj/javaweb/web has finished in 59 ms
07 11, 2022 21:18:49 下午 cn.how2j.diytomcat.catalina.Server logJVM
INFO : Server version:		How2J DiyTomcat/1.0.1
07 11, 2022 21:18:49 下午 cn.how2j.diytomcat.catalina.Server logJVM
INFO : Server built:		2020-04-08 10:20:22
07 11, 2022 21:18:49 下午 cn.how2j.diytomcat.catalina.Server logJVM
INFO : Server number:		1.0.1
07 11, 2022 21:18:49 下午 cn.how2j.diytomcat.catalina.Server logJVM
INFO : OS Name	:		Windows 10
07 11, 2022 21:18:49 下午 cn.how2j.diytomcat.catalina.Server logJVM
INFO : OS Version:		10.0
07 11, 2022 21:18:49 下午 cn.how2j.diytomcat.catalina.Server logJVM
INFO : Architecture:		amd64
07 11, 2022 21:18:49 下午 cn.how2j.diytomcat.catalina.Server logJVM
INFO : Java Home:		D:\Programs\Java\jdk1.8.0_311\jre
07 11, 2022 21:18:49 下午 cn.how2j.diytomcat.catalina.Server logJVM
INFO : JVM Version:		1.8.0_311-b11
07 11, 2022 21:18:49 下午 cn.how2j.diytomcat.catalina.Server logJVM
INFO : JVM Vendor:		Oracle Corporation
07 11, 2022 21:18:49 下午 cn.how2j.diytomcat.catalina.Connector init
INFO : Initializing ProtocolHandle [http-bio-18080]
07 11, 2022 21:18:49 下午 cn.how2j.diytomcat.catalina.Connector init
INFO : Initializing ProtocolHandle [http-bio-18081]
07 11, 2022 21:18:49 下午 cn.how2j.diytomcat.catalina.Connector init
INFO : Initializing ProtocolHandle [http-bio-18082]
07 11, 2022 21:18:49 下午 cn.how2j.diytomcat.catalina.Service init
INFO : Initialization processed in 4 ms
07 11, 2022 21:18:49 下午 cn.how2j.diytomcat.catalina.Connector start
INFO : Starting ProtocolHandler [http-bio-18080]
07 11, 2022 21:18:49 下午 cn.how2j.diytomcat.catalina.Connector start
INFO : Starting ProtocolHandler [http-bio-18081]
07 11, 2022 21:18:49 下午 cn.how2j.diytomcat.catalina.Connector start
INFO : Starting ProtocolHandler [http-bio-18082]
07 11, 2022 21:18:49 下午 cn.how2j.diytomcat.catalina.Server start
INFO : Server startup in 11 ms
07 11, 2022 21:32:16 下午 cn.how2j.diytomcat.catalina.Context <init>
INFO : Deploying web application directory D:\java_proj\diytomcat\webapps\a
07 11, 2022 21:32:16 下午 cn.how2j.diytomcat.catalina.Context <init>
INFO : Deployment of web application directory D:\java_proj\diytomcat\webapps\a has finished in 79 ms
07 11, 2022 21:32:16 下午 cn.how2j.diytomcat.catalina.Context <init>
INFO : Deploying web application directory D:\java_proj\diytomcat\webapps\j2ee
07 11, 2022 21:32:16 下午 cn.how2j.diytomcat.catalina.Context <init>
INFO : Deployment of web application directory D:\java_proj\diytomcat\webapps\j2ee has finished in 4 ms
07 11, 2022 21:32:16 下午 cn.how2j.diytomcat.catalina.Context <init>
INFO : Deploying web application directory D:\java_proj\diytomcat\webapps\ROOT
07 11, 2022 21:32:16 下午 cn.how2j.diytomcat.catalina.Context <init>
INFO : Deployment of web application directory D:\java_proj\diytomcat\webapps\ROOT has finished in 1 ms
07 11, 2022 21:32:16 下午 cn.how2j.diytomcat.catalina.Context <init>
INFO : Deploying web application directory d:/java_proj/diytomcat/b
07 11, 2022 21:32:16 下午 cn.how2j.diytomcat.catalina.Context <init>
INFO : Deployment of web application directory d:/java_proj/diytomcat/b has finished in 0 ms
07 11, 2022 21:32:16 下午 cn.how2j.diytomcat.catalina.Context <init>
INFO : Deploying web application directory d:/java_proj/javaweb/web
07 11, 2022 21:32:16 下午 cn.how2j.diytomcat.catalina.Context <init>
INFO : Deployment of web application directory d:/java_proj/javaweb/web has finished in 9 ms
07 11, 2022 21:32:16 下午 cn.how2j.diytomcat.catalina.Server logJVM
INFO : Server version:		How2J DiyTomcat/1.0.1
07 11, 2022 21:32:16 下午 cn.how2j.diytomcat.catalina.Server logJVM
INFO : Server built:		2020-04-08 10:20:22
07 11, 2022 21:32:16 下午 cn.how2j.diytomcat.catalina.Server logJVM
INFO : Server number:		1.0.1
07 11, 2022 21:32:16 下午 cn.how2j.diytomcat.catalina.Server logJVM
INFO : OS Name	:		Windows 10
07 11, 2022 21:32:16 下午 cn.how2j.diytomcat.catalina.Server logJVM
INFO : OS Version:		10.0
07 11, 2022 21:32:16 下午 cn.how2j.diytomcat.catalina.Server logJVM
INFO : Architecture:		amd64
07 11, 2022 21:32:16 下午 cn.how2j.diytomcat.catalina.Server logJVM
INFO : Java Home:		D:\Programs\Java\jdk1.8.0_311\jre
07 11, 2022 21:32:16 下午 cn.how2j.diytomcat.catalina.Server logJVM
INFO : JVM Version:		1.8.0_311-b11
07 11, 2022 21:32:16 下午 cn.how2j.diytomcat.catalina.Server logJVM
INFO : JVM Vendor:		Oracle Corporation
07 11, 2022 21:32:16 下午 cn.how2j.diytomcat.catalina.Connector init
INFO : Initializing ProtocolHandle [http-bio-18080]
07 11, 2022 21:32:16 下午 cn.how2j.diytomcat.catalina.Connector init
INFO : Initializing ProtocolHandle [http-bio-18081]
07 11, 2022 21:32:16 下午 cn.how2j.diytomcat.catalina.Connector init
INFO : Initializing ProtocolHandle [http-bio-18082]
07 11, 2022 21:32:16 下午 cn.how2j.diytomcat.catalina.Service init
INFO : Initialization processed in 1 ms
07 11, 2022 21:32:16 下午 cn.how2j.diytomcat.catalina.Connector start
INFO : Starting ProtocolHandler [http-bio-18080]
07 11, 2022 21:32:16 下午 cn.how2j.diytomcat.catalina.Connector start
INFO : Starting ProtocolHandler [http-bio-18081]
07 11, 2022 21:32:16 下午 cn.how2j.diytomcat.catalina.Connector start
INFO : Starting ProtocolHandler [http-bio-18082]
07 11, 2022 21:32:16 下午 cn.how2j.diytomcat.catalina.Server start
INFO : Server startup in 5 ms
07 11, 2022 21:54:51 下午 cn.how2j.diytomcat.catalina.Context <init>
INFO : Deploying web application directory d:/java_proj/javaweb/web
07 11, 2022 21:54:51 下午 cn.how2j.diytomcat.catalina.Context <init>
INFO : Deployment of web application directory d:/java_proj/javaweb/web has finished in 189 ms
07 11, 2022 22:04:10 下午 cn.how2j.diytomcat.catalina.Context <init>
INFO : Deploying web application directory D:\java_proj\diytomcat\webapps\a
07 11, 2022 22:04:10 下午 cn.how2j.diytomcat.catalina.Context <init>
INFO : Deployment of web application directory D:\java_proj\diytomcat\webapps\a has finished in 97 ms
07 11, 2022 22:04:10 下午 cn.how2j.diytomcat.catalina.Context <init>
INFO : Deploying web application directory D:\java_proj\diytomcat\webapps\j2ee
07 11, 2022 22:04:10 下午 cn.how2j.diytomcat.catalina.Context <init>
INFO : Deployment of web application directory D:\java_proj\diytomcat\webapps\j2ee has finished in 4 ms
07 11, 2022 22:04:10 下午 cn.how2j.diytomcat.catalina.Context <init>
INFO : Deploying web application directory D:\java_proj\diytomcat\webapps\ROOT
07 11, 2022 22:04:10 下午 cn.how2j.diytomcat.catalina.Context <init>
INFO : Deployment of web application directory D:\java_proj\diytomcat\webapps\ROOT has finished in 1 ms
07 11, 2022 22:04:10 下午 cn.how2j.diytomcat.catalina.Context <init>
INFO : Deploying web application directory d:/java_proj/diytomcat/b
07 11, 2022 22:04:10 下午 cn.how2j.diytomcat.catalina.Context <init>
INFO : Deployment of web application directory d:/java_proj/diytomcat/b has finished in 1 ms
07 11, 2022 22:04:10 下午 cn.how2j.diytomcat.catalina.Context <init>
INFO : Deploying web application directory d:/java_proj/javaweb/web
07 11, 2022 22:04:10 下午 cn.how2j.diytomcat.catalina.Context <init>
INFO : Deployment of web application directory d:/java_proj/javaweb/web has finished in 15 ms
07 11, 2022 22:04:10 下午 cn.how2j.diytomcat.catalina.Server logJVM
INFO : Server version:		How2J DiyTomcat/1.0.1
07 11, 2022 22:04:10 下午 cn.how2j.diytomcat.catalina.Server logJVM
INFO : Server built:		2020-04-08 10:20:22
07 11, 2022 22:04:10 下午 cn.how2j.diytomcat.catalina.Server logJVM
INFO : Server number:		1.0.1
07 11, 2022 22:04:10 下午 cn.how2j.diytomcat.catalina.Server logJVM
INFO : OS Name	:		Windows 10
07 11, 2022 22:04:10 下午 cn.how2j.diytomcat.catalina.Server logJVM
INFO : OS Version:		10.0
07 11, 2022 22:04:10 下午 cn.how2j.diytomcat.catalina.Server logJVM
INFO : Architecture:		amd64
07 11, 2022 22:04:10 下午 cn.how2j.diytomcat.catalina.Server logJVM
INFO : Java Home:		D:\Programs\Java\jdk1.8.0_311\jre
07 11, 2022 22:04:10 下午 cn.how2j.diytomcat.catalina.Server logJVM
INFO : JVM Version:		1.8.0_311-b11
07 11, 2022 22:04:10 下午 cn.how2j.diytomcat.catalina.Server logJVM
INFO : JVM Vendor:		Oracle Corporation
07 11, 2022 22:04:10 下午 cn.how2j.diytomcat.catalina.Connector init
INFO : Initializing ProtocolHandle [http-bio-18080]
07 11, 2022 22:04:10 下午 cn.how2j.diytomcat.catalina.Connector init
INFO : Initializing ProtocolHandle [http-bio-18081]
07 11, 2022 22:04:10 下午 cn.how2j.diytomcat.catalina.Connector init
INFO : Initializing ProtocolHandle [http-bio-18082]
07 11, 2022 22:04:10 下午 cn.how2j.diytomcat.catalina.Service init
INFO : Initialization processed in 1 ms
07 11, 2022 22:04:10 下午 cn.how2j.diytomcat.catalina.Connector start
INFO : Starting ProtocolHandler [http-bio-18080]
07 11, 2022 22:04:10 下午 cn.how2j.diytomcat.catalina.Connector start
INFO : Starting ProtocolHandler [http-bio-18081]
07 11, 2022 22:04:10 下午 cn.how2j.diytomcat.catalina.Connector start
INFO : Starting ProtocolHandler [http-bio-18082]
07 11, 2022 22:04:10 下午 cn.how2j.diytomcat.catalina.Server start
INFO : Server startup in 7 ms
07 11, 2022 22:18:13 下午 cn.how2j.diytomcat.catalina.Context <init>
INFO : Deploying web application directory D:\java_proj\diytomcat\webapps\a
07 11, 2022 22:18:13 下午 cn.how2j.diytomcat.catalina.Context <init>
INFO : Deployment of web application directory D:\java_proj\diytomcat\webapps\a has finished in 91 ms
07 11, 2022 22:18:13 下午 cn.how2j.diytomcat.catalina.Context <init>
INFO : Deploying web application directory D:\java_proj\diytomcat\webapps\j2ee
07 11, 2022 22:18:13 下午 cn.how2j.diytomcat.catalina.Context <init>
INFO : Deployment of web application directory D:\java_proj\diytomcat\webapps\j2ee has finished in 3 ms
07 11, 2022 22:18:13 下午 cn.how2j.diytomcat.catalina.Context <init>
INFO : Deploying web application directory D:\java_proj\diytomcat\webapps\ROOT
07 11, 2022 22:18:13 下午 cn.how2j.diytomcat.catalina.Context <init>
INFO : Deployment of web application directory D:\java_proj\diytomcat\webapps\ROOT has finished in 1 ms
07 11, 2022 22:18:13 下午 cn.how2j.diytomcat.catalina.Context <init>
INFO : Deploying web application directory d:/java_proj/diytomcat/b
07 11, 2022 22:18:13 下午 cn.how2j.diytomcat.catalina.Context <init>
INFO : Deployment of web application directory d:/java_proj/diytomcat/b has finished in 1 ms
07 11, 2022 22:18:13 下午 cn.how2j.diytomcat.catalina.Context <init>
INFO : Deploying web application directory d:/java_proj/javaweb/web
07 11, 2022 22:18:13 下午 cn.how2j.diytomcat.catalina.Context <init>
INFO : Deployment of web application directory d:/java_proj/javaweb/web has finished in 19 ms
07 11, 2022 22:18:13 下午 cn.how2j.diytomcat.catalina.Server logJVM
INFO : Server version:		How2J DiyTomcat/1.0.1
07 11, 2022 22:18:13 下午 cn.how2j.diytomcat.catalina.Server logJVM
INFO : Server built:		2020-04-08 10:20:22
07 11, 2022 22:18:13 下午 cn.how2j.diytomcat.catalina.Server logJVM
INFO : Server number:		1.0.1
07 11, 2022 22:18:13 下午 cn.how2j.diytomcat.catalina.Server logJVM
INFO : OS Name	:		Windows 10
07 11, 2022 22:18:13 下午 cn.how2j.diytomcat.catalina.Server logJVM
INFO : OS Version:		10.0
07 11, 2022 22:18:13 下午 cn.how2j.diytomcat.catalina.Server logJVM
INFO : Architecture:		amd64
07 11, 2022 22:18:13 下午 cn.how2j.diytomcat.catalina.Server logJVM
INFO : Java Home:		D:\Programs\Java\jdk1.8.0_311\jre
07 11, 2022 22:18:13 下午 cn.how2j.diytomcat.catalina.Server logJVM
INFO : JVM Version:		1.8.0_311-b11
07 11, 2022 22:18:13 下午 cn.how2j.diytomcat.catalina.Server logJVM
INFO : JVM Vendor:		Oracle Corporation
07 11, 2022 22:18:13 下午 cn.how2j.diytomcat.catalina.Connector init
INFO : Initializing ProtocolHandle [http-bio-18080]
07 11, 2022 22:18:13 下午 cn.how2j.diytomcat.catalina.Connector init
INFO : Initializing ProtocolHandle [http-bio-18081]
07 11, 2022 22:18:13 下午 cn.how2j.diytomcat.catalina.Connector init
INFO : Initializing ProtocolHandle [http-bio-18082]
07 11, 2022 22:18:13 下午 cn.how2j.diytomcat.catalina.Service init
INFO : Initialization processed in 0 ms
07 11, 2022 22:18:13 下午 cn.how2j.diytomcat.catalina.Connector start
INFO : Starting ProtocolHandler [http-bio-18080]
07 11, 2022 22:18:13 下午 cn.how2j.diytomcat.catalina.Connector start
INFO : Starting ProtocolHandler [http-bio-18081]
07 11, 2022 22:18:13 下午 cn.how2j.diytomcat.catalina.Connector start
INFO : Starting ProtocolHandler [http-bio-18082]
07 11, 2022 22:18:13 下午 cn.how2j.diytomcat.catalina.Server start
INFO : Server startup in 3 ms
07 11, 2022 22:38:52 下午 cn.how2j.diytomcat.catalina.Context <init>
INFO : Deploying web application directory D:\java_proj\diytomcat\webapps\a
07 11, 2022 22:38:52 下午 cn.how2j.diytomcat.catalina.Context <init>
INFO : Deployment of web application directory D:\java_proj\diytomcat\webapps\a has finished in 98 ms
07 11, 2022 22:38:52 下午 cn.how2j.diytomcat.catalina.Context <init>
INFO : Deploying web application directory D:\java_proj\diytomcat\webapps\j2ee
07 11, 2022 22:38:52 下午 cn.how2j.diytomcat.catalina.Context <init>
INFO : Deployment of web application directory D:\java_proj\diytomcat\webapps\j2ee has finished in 3 ms
07 11, 2022 22:38:52 下午 cn.how2j.diytomcat.catalina.Context <init>
INFO : Deploying web application directory D:\java_proj\diytomcat\webapps\ROOT
07 11, 2022 22:38:52 下午 cn.how2j.diytomcat.catalina.Context <init>
INFO : Deployment of web application directory D:\java_proj\diytomcat\webapps\ROOT has finished in 1 ms
07 11, 2022 22:38:52 下午 cn.how2j.diytomcat.catalina.Context <init>
INFO : Deploying web application directory d:/java_proj/diytomcat/b
07 11, 2022 22:38:52 下午 cn.how2j.diytomcat.catalina.Context <init>
INFO : Deployment of web application directory d:/java_proj/diytomcat/b has finished in 1 ms
07 11, 2022 22:38:52 下午 cn.how2j.diytomcat.catalina.Context <init>
INFO : Deploying web application directory d:/java_proj/javaweb/web
07 11, 2022 22:38:52 下午 cn.how2j.diytomcat.catalina.Context <init>
INFO : Deployment of web application directory d:/java_proj/javaweb/web has finished in 16 ms
07 11, 2022 22:38:52 下午 cn.how2j.diytomcat.catalina.Server logJVM
INFO : Server version:		How2J DiyTomcat/1.0.1
07 11, 2022 22:38:52 下午 cn.how2j.diytomcat.catalina.Server logJVM
INFO : Server built:		2020-04-08 10:20:22
07 11, 2022 22:38:52 下午 cn.how2j.diytomcat.catalina.Server logJVM
INFO : Server number:		1.0.1
07 11, 2022 22:38:52 下午 cn.how2j.diytomcat.catalina.Server logJVM
INFO : OS Name	:		Windows 10
07 11, 2022 22:38:52 下午 cn.how2j.diytomcat.catalina.Server logJVM
INFO : OS Version:		10.0
07 11, 2022 22:38:52 下午 cn.how2j.diytomcat.catalina.Server logJVM
INFO : Architecture:		amd64
07 11, 2022 22:38:52 下午 cn.how2j.diytomcat.catalina.Server logJVM
INFO : Java Home:		D:\Programs\Java\jdk1.8.0_311\jre
07 11, 2022 22:38:52 下午 cn.how2j.diytomcat.catalina.Server logJVM
INFO : JVM Version:		1.8.0_311-b11
07 11, 2022 22:38:52 下午 cn.how2j.diytomcat.catalina.Server logJVM
INFO : JVM Vendor:		Oracle Corporation
07 11, 2022 22:38:52 下午 cn.how2j.diytomcat.catalina.Connector init
INFO : Initializing ProtocolHandle [http-bio-18080]
07 11, 2022 22:38:52 下午 cn.how2j.diytomcat.catalina.Connector init
INFO : Initializing ProtocolHandle [http-bio-18081]
07 11, 2022 22:38:52 下午 cn.how2j.diytomcat.catalina.Connector init
INFO : Initializing ProtocolHandle [http-bio-18082]
07 11, 2022 22:38:52 下午 cn.how2j.diytomcat.catalina.Service init
INFO : Initialization processed in 1 ms
07 11, 2022 22:38:52 下午 cn.how2j.diytomcat.catalina.Connector start
INFO : Starting ProtocolHandler [http-bio-18080]
07 11, 2022 22:38:52 下午 cn.how2j.diytomcat.catalina.Connector start
INFO : Starting ProtocolHandler [http-bio-18081]
07 11, 2022 22:38:52 下午 cn.how2j.diytomcat.catalina.Connector start
INFO : Starting ProtocolHandler [http-bio-18082]
07 11, 2022 22:38:52 下午 cn.how2j.diytomcat.catalina.Server start
INFO : Server startup in 6 ms
07 11, 2022 22:48:41 下午 cn.how2j.diytomcat.catalina.Context <init>
INFO : Deploying web application directory D:\java_proj\diytomcat\webapps\a
07 11, 2022 22:48:41 下午 cn.how2j.diytomcat.catalina.Context <init>
INFO : Deployment of web application directory D:\java_proj\diytomcat\webapps\a has finished in 103 ms
07 11, 2022 22:48:41 下午 cn.how2j.diytomcat.catalina.Context <init>
INFO : Deploying web application directory D:\java_proj\diytomcat\webapps\j2ee
07 11, 2022 22:48:41 下午 cn.how2j.diytomcat.catalina.Context <init>
INFO : Deployment of web application directory D:\java_proj\diytomcat\webapps\j2ee has finished in 5 ms
07 11, 2022 22:48:41 下午 cn.how2j.diytomcat.catalina.Context <init>
INFO : Deploying web application directory D:\java_proj\diytomcat\webapps\ROOT
07 11, 2022 22:48:41 下午 cn.how2j.diytomcat.catalina.Context <init>
INFO : Deployment of web application directory D:\java_proj\diytomcat\webapps\ROOT has finished in 1 ms
07 11, 2022 22:48:41 下午 cn.how2j.diytomcat.catalina.Context <init>
INFO : Deploying web application directory d:/java_proj/diytomcat/b
07 11, 2022 22:48:41 下午 cn.how2j.diytomcat.catalina.Context <init>
INFO : Deployment of web application directory d:/java_proj/diytomcat/b has finished in 1 ms
07 11, 2022 22:48:41 下午 cn.how2j.diytomcat.catalina.Context <init>
INFO : Deploying web application directory d:/java_proj/javaweb/web
07 11, 2022 22:48:41 下午 cn.how2j.diytomcat.catalina.Context <init>
INFO : Deployment of web application directory d:/java_proj/javaweb/web has finished in 17 ms
07 11, 2022 22:48:41 下午 cn.how2j.diytomcat.catalina.Server logJVM
INFO : Server version:		How2J DiyTomcat/1.0.1
07 11, 2022 22:48:41 下午 cn.how2j.diytomcat.catalina.Server logJVM
INFO : Server built:		2020-04-08 10:20:22
07 11, 2022 22:48:41 下午 cn.how2j.diytomcat.catalina.Server logJVM
INFO : Server number:		1.0.1
07 11, 2022 22:48:41 下午 cn.how2j.diytomcat.catalina.Server logJVM
INFO : OS Name	:		Windows 10
07 11, 2022 22:48:41 下午 cn.how2j.diytomcat.catalina.Server logJVM
INFO : OS Version:		10.0
07 11, 2022 22:48:41 下午 cn.how2j.diytomcat.catalina.Server logJVM
INFO : Architecture:		amd64
07 11, 2022 22:48:41 下午 cn.how2j.diytomcat.catalina.Server logJVM
INFO : Java Home:		D:\Programs\Java\jdk1.8.0_311\jre
07 11, 2022 22:48:41 下午 cn.how2j.diytomcat.catalina.Server logJVM
INFO : JVM Version:		1.8.0_311-b11
07 11, 2022 22:48:41 下午 cn.how2j.diytomcat.catalina.Server logJVM
INFO : JVM Vendor:		Oracle Corporation
07 11, 2022 22:48:41 下午 cn.how2j.diytomcat.catalina.Connector init
INFO : Initializing ProtocolHandle [http-bio-18080]
07 11, 2022 22:48:41 下午 cn.how2j.diytomcat.catalina.Connector init
INFO : Initializing ProtocolHandle [http-bio-18081]
07 11, 2022 22:48:41 下午 cn.how2j.diytomcat.catalina.Connector init
INFO : Initializing ProtocolHandle [http-bio-18082]
07 11, 2022 22:48:41 下午 cn.how2j.diytomcat.catalina.Service init
INFO : Initialization processed in 1 ms
07 11, 2022 22:48:41 下午 cn.how2j.diytomcat.catalina.Connector start
INFO : Starting ProtocolHandler [http-bio-18080]
07 11, 2022 22:48:41 下午 cn.how2j.diytomcat.catalina.Connector start
INFO : Starting ProtocolHandler [http-bio-18081]
07 11, 2022 22:48:41 下午 cn.how2j.diytomcat.catalina.Connector start
INFO : Starting ProtocolHandler [http-bio-18082]
07 11, 2022 22:48:41 下午 cn.how2j.diytomcat.catalina.Server start
INFO : Server startup in 4 ms
07 11, 2022 22:48:48 下午 cn.how2j.diytomcat.catalina.HttpProcessor error
ERROR: this is a deliberately created exception
java.lang.RuntimeException: this is a deliberately created exception
	at cn.how2j.diytomcat.servlets.DefaultServlet.service(DefaultServlet.java:37)
	at cn.how2j.diytomcat.catalina.HttpProcessor.execute(HttpProcessor.java:39)
	at cn.how2j.diytomcat.catalina.Connector.lambda$run$0(Connector.java:44)
	at java.util.concurrent.ThreadPoolExecutor.runWorker(ThreadPoolExecutor.java:1149)
	at java.util.concurrent.ThreadPoolExecutor$Worker.run(ThreadPoolExecutor.java:624)
	at java.lang.Thread.run(Thread.java:748)
07 11, 2022 23:11:52 下午 cn.how2j.diytomcat.catalina.Context <init>
INFO : Deploying web application directory D:\java_proj\diytomcat\webapps\a
07 11, 2022 23:11:52 下午 cn.how2j.diytomcat.catalina.Context <init>
INFO : Deployment of web application directory D:\java_proj\diytomcat\webapps\a has finished in 94 ms
07 11, 2022 23:11:52 下午 cn.how2j.diytomcat.catalina.Context <init>
INFO : Deploying web application directory D:\java_proj\diytomcat\webapps\j2ee
07 11, 2022 23:11:52 下午 cn.how2j.diytomcat.catalina.Context <init>
INFO : Deployment of web application directory D:\java_proj\diytomcat\webapps\j2ee has finished in 3 ms
07 11, 2022 23:11:52 下午 cn.how2j.diytomcat.catalina.Context <init>
INFO : Deploying web application directory D:\java_proj\diytomcat\webapps\ROOT
07 11, 2022 23:11:52 下午 cn.how2j.diytomcat.catalina.Context <init>
INFO : Deployment of web application directory D:\java_proj\diytomcat\webapps\ROOT has finished in 0 ms
07 11, 2022 23:11:52 下午 cn.how2j.diytomcat.catalina.Context <init>
INFO : Deploying web application directory d:/java_proj/diytomcat/b
07 11, 2022 23:11:52 下午 cn.how2j.diytomcat.catalina.Context <init>
INFO : Deployment of web application directory d:/java_proj/diytomcat/b has finished in 1 ms
07 11, 2022 23:11:52 下午 cn.how2j.diytomcat.catalina.Context <init>
INFO : Deploying web application directory d:/java_proj/javaweb/web
07 11, 2022 23:12:44 下午 cn.how2j.diytomcat.catalina.Context <init>
INFO : Deploying web application directory D:\java_proj\diytomcat\webapps\a
07 11, 2022 23:12:44 下午 cn.how2j.diytomcat.catalina.Context <init>
INFO : Deployment of web application directory D:\java_proj\diytomcat\webapps\a has finished in 93 ms
07 11, 2022 23:12:44 下午 cn.how2j.diytomcat.catalina.Context <init>
INFO : Deploying web application directory D:\java_proj\diytomcat\webapps\j2ee
07 11, 2022 23:12:44 下午 cn.how2j.diytomcat.catalina.Context <init>
INFO : Deployment of web application directory D:\java_proj\diytomcat\webapps\j2ee has finished in 3 ms
07 11, 2022 23:12:44 下午 cn.how2j.diytomcat.catalina.Context <init>
INFO : Deploying web application directory D:\java_proj\diytomcat\webapps\ROOT
07 11, 2022 23:12:44 下午 cn.how2j.diytomcat.catalina.Context <init>
INFO : Deployment of web application directory D:\java_proj\diytomcat\webapps\ROOT has finished in 1 ms
07 11, 2022 23:12:44 下午 cn.how2j.diytomcat.catalina.Context <init>
INFO : Deploying web application directory d:/java_proj/diytomcat/b
07 11, 2022 23:12:44 下午 cn.how2j.diytomcat.catalina.Context <init>
INFO : Deployment of web application directory d:/java_proj/diytomcat/b has finished in 1 ms
07 11, 2022 23:12:44 下午 cn.how2j.diytomcat.catalina.Context <init>
INFO : Deploying web application directory d:/java_proj/javaweb/web
07 11, 2022 23:12:44 下午 cn.how2j.diytomcat.catalina.Context <init>
INFO : Deployment of web application directory d:/java_proj/javaweb/web has finished in 69 ms
07 11, 2022 23:12:44 下午 cn.how2j.diytomcat.catalina.Server logJVM
INFO : Server version:		How2J DiyTomcat/1.0.1
07 11, 2022 23:12:44 下午 cn.how2j.diytomcat.catalina.Server logJVM
INFO : Server built:		2020-04-08 10:20:22
07 11, 2022 23:12:44 下午 cn.how2j.diytomcat.catalina.Server logJVM
INFO : Server number:		1.0.1
07 11, 2022 23:12:44 下午 cn.how2j.diytomcat.catalina.Server logJVM
INFO : OS Name	:		Windows 10
07 11, 2022 23:12:44 下午 cn.how2j.diytomcat.catalina.Server logJVM
INFO : OS Version:		10.0
07 11, 2022 23:12:44 下午 cn.how2j.diytomcat.catalina.Server logJVM
INFO : Architecture:		amd64
07 11, 2022 23:12:44 下午 cn.how2j.diytomcat.catalina.Server logJVM
INFO : Java Home:		D:\Programs\Java\jdk1.8.0_311\jre
07 11, 2022 23:12:44 下午 cn.how2j.diytomcat.catalina.Server logJVM
INFO : JVM Version:		1.8.0_311-b11
07 11, 2022 23:12:44 下午 cn.how2j.diytomcat.catalina.Server logJVM
INFO : JVM Vendor:		Oracle Corporation
07 11, 2022 23:12:44 下午 cn.how2j.diytomcat.catalina.Connector init
INFO : Initializing ProtocolHandle [http-bio-18080]
07 11, 2022 23:12:44 下午 cn.how2j.diytomcat.catalina.Connector init
INFO : Initializing ProtocolHandle [http-bio-18081]
07 11, 2022 23:12:44 下午 cn.how2j.diytomcat.catalina.Connector init
INFO : Initializing ProtocolHandle [http-bio-18082]
07 11, 2022 23:12:44 下午 cn.how2j.diytomcat.catalina.Service init
INFO : Initialization processed in 0 ms
07 11, 2022 23:12:44 下午 cn.how2j.diytomcat.catalina.Connector start
INFO : Starting ProtocolHandler [http-bio-18080]
07 11, 2022 23:12:44 下午 cn.how2j.diytomcat.catalina.Connector start
INFO : Starting ProtocolHandler [http-bio-18081]
07 11, 2022 23:12:44 下午 cn.how2j.diytomcat.catalina.Connector start
INFO : Starting ProtocolHandler [http-bio-18082]
07 11, 2022 23:12:44 下午 cn.how2j.diytomcat.catalina.Server start
INFO : Server startup in 5 ms
07 11, 2022 23:23:05 下午 cn.how2j.diytomcat.catalina.Context <init>
INFO : Deploying web application directory D:\java_proj\diytomcat\webapps\a
07 11, 2022 23:23:05 下午 cn.how2j.diytomcat.catalina.Context <init>
INFO : Deployment of web application directory D:\java_proj\diytomcat\webapps\a has finished in 88 ms
07 11, 2022 23:23:05 下午 cn.how2j.diytomcat.catalina.Context <init>
INFO : Deploying web application directory D:\java_proj\diytomcat\webapps\j2ee
07 11, 2022 23:23:05 下午 cn.how2j.diytomcat.catalina.Context <init>
INFO : Deployment of web application directory D:\java_proj\diytomcat\webapps\j2ee has finished in 3 ms
07 11, 2022 23:23:05 下午 cn.how2j.diytomcat.catalina.Context <init>
INFO : Deploying web application directory D:\java_proj\diytomcat\webapps\ROOT
07 11, 2022 23:23:05 下午 cn.how2j.diytomcat.catalina.Context <init>
INFO : Deployment of web application directory D:\java_proj\diytomcat\webapps\ROOT has finished in 1 ms
07 11, 2022 23:23:05 下午 cn.how2j.diytomcat.catalina.Context <init>
INFO : Deploying web application directory d:/java_proj/diytomcat/b
07 11, 2022 23:23:05 下午 cn.how2j.diytomcat.catalina.Context <init>
INFO : Deployment of web application directory d:/java_proj/diytomcat/b has finished in 1 ms
07 11, 2022 23:23:05 下午 cn.how2j.diytomcat.catalina.Context <init>
INFO : Deploying web application directory d:/java_proj/javaweb/web
07 11, 2022 23:23:05 下午 cn.how2j.diytomcat.catalina.Context <init>
INFO : Deployment of web application directory d:/java_proj/javaweb/web has finished in 55 ms
07 11, 2022 23:23:05 下午 cn.how2j.diytomcat.catalina.Server logJVM
INFO : Server version:		How2J DiyTomcat/1.0.1
07 11, 2022 23:23:05 下午 cn.how2j.diytomcat.catalina.Server logJVM
INFO : Server built:		2020-04-08 10:20:22
07 11, 2022 23:23:05 下午 cn.how2j.diytomcat.catalina.Server logJVM
INFO : Server number:		1.0.1
07 11, 2022 23:23:05 下午 cn.how2j.diytomcat.catalina.Server logJVM
INFO : OS Name	:		Windows 10
07 11, 2022 23:23:05 下午 cn.how2j.diytomcat.catalina.Server logJVM
INFO : OS Version:		10.0
07 11, 2022 23:23:05 下午 cn.how2j.diytomcat.catalina.Server logJVM
INFO : Architecture:		amd64
07 11, 2022 23:23:05 下午 cn.how2j.diytomcat.catalina.Server logJVM
INFO : Java Home:		D:\Programs\Java\jdk1.8.0_311\jre
07 11, 2022 23:23:05 下午 cn.how2j.diytomcat.catalina.Server logJVM
INFO : JVM Version:		1.8.0_311-b11
07 11, 2022 23:23:05 下午 cn.how2j.diytomcat.catalina.Server logJVM
INFO : JVM Vendor:		Oracle Corporation
07 11, 2022 23:23:05 下午 cn.how2j.diytomcat.catalina.Connector init
INFO : Initializing ProtocolHandle [http-bio-18080]
07 11, 2022 23:23:05 下午 cn.how2j.diytomcat.catalina.Connector init
INFO : Initializing ProtocolHandle [http-bio-18081]
07 11, 2022 23:23:05 下午 cn.how2j.diytomcat.catalina.Connector init
INFO : Initializing ProtocolHandle [http-bio-18082]
07 11, 2022 23:23:05 下午 cn.how2j.diytomcat.catalina.Service init
INFO : Initialization processed in 1 ms
07 11, 2022 23:23:05 下午 cn.how2j.diytomcat.catalina.Connector start
INFO : Starting ProtocolHandler [http-bio-18080]
07 11, 2022 23:23:05 下午 cn.how2j.diytomcat.catalina.Connector start
INFO : Starting ProtocolHandler [http-bio-18081]
07 11, 2022 23:23:05 下午 cn.how2j.diytomcat.catalina.Connector start
INFO : Starting ProtocolHandler [http-bio-18082]
07 11, 2022 23:23:05 下午 cn.how2j.diytomcat.catalina.Server start
INFO : Server startup in 4 ms
07 11, 2022 23:37:02 下午 cn.how2j.diytomcat.catalina.Context <init>
INFO : Deploying web application directory D:\java_proj\diytomcat\webapps\a
07 11, 2022 23:37:02 下午 cn.how2j.diytomcat.catalina.Context <init>
INFO : Deployment of web application directory D:\java_proj\diytomcat\webapps\a has finished in 97 ms
07 11, 2022 23:37:02 下午 cn.how2j.diytomcat.catalina.Context <init>
INFO : Deploying web application directory D:\java_proj\diytomcat\webapps\j2ee
07 11, 2022 23:37:02 下午 cn.how2j.diytomcat.catalina.Context <init>
INFO : Deployment of web application directory D:\java_proj\diytomcat\webapps\j2ee has finished in 3 ms
07 11, 2022 23:37:02 下午 cn.how2j.diytomcat.catalina.Context <init>
INFO : Deploying web application directory D:\java_proj\diytomcat\webapps\ROOT
07 11, 2022 23:37:02 下午 cn.how2j.diytomcat.catalina.Context <init>
INFO : Deployment of web application directory D:\java_proj\diytomcat\webapps\ROOT has finished in 1 ms
07 11, 2022 23:37:02 下午 cn.how2j.diytomcat.catalina.Context <init>
INFO : Deploying web application directory d:/java_proj/diytomcat/b
07 11, 2022 23:37:02 下午 cn.how2j.diytomcat.catalina.Context <init>
INFO : Deployment of web application directory d:/java_proj/diytomcat/b has finished in 1 ms
07 11, 2022 23:37:02 下午 cn.how2j.diytomcat.catalina.Context <init>
INFO : Deploying web application directory d:/java_proj/javaweb/web
07 11, 2022 23:37:02 下午 cn.how2j.diytomcat.catalina.Context <init>
INFO : Deployment of web application directory d:/java_proj/javaweb/web has finished in 59 ms
07 11, 2022 23:37:02 下午 cn.how2j.diytomcat.catalina.Context <init>
INFO : Deploying web application directory D:\java_proj\diytomcat\webapps\javaweb0
07 11, 2022 23:37:02 下午 cn.how2j.diytomcat.catalina.Context <init>
INFO : Deployment of web application directory D:\java_proj\diytomcat\webapps\javaweb0 has finished in 14 ms
07 11, 2022 23:37:02 下午 cn.how2j.diytomcat.catalina.Server logJVM
INFO : Server version:		How2J DiyTomcat/1.0.1
07 11, 2022 23:37:02 下午 cn.how2j.diytomcat.catalina.Server logJVM
INFO : Server built:		2020-04-08 10:20:22
07 11, 2022 23:37:02 下午 cn.how2j.diytomcat.catalina.Server logJVM
INFO : Server number:		1.0.1
07 11, 2022 23:37:02 下午 cn.how2j.diytomcat.catalina.Server logJVM
INFO : OS Name	:		Windows 10
07 11, 2022 23:37:02 下午 cn.how2j.diytomcat.catalina.Server logJVM
INFO : OS Version:		10.0
07 11, 2022 23:37:02 下午 cn.how2j.diytomcat.catalina.Server logJVM
INFO : Architecture:		amd64
07 11, 2022 23:37:02 下午 cn.how2j.diytomcat.catalina.Server logJVM
INFO : Java Home:		D:\Programs\Java\jdk1.8.0_311\jre
07 11, 2022 23:37:02 下午 cn.how2j.diytomcat.catalina.Server logJVM
INFO : JVM Version:		1.8.0_311-b11
07 11, 2022 23:37:02 下午 cn.how2j.diytomcat.catalina.Server logJVM
INFO : JVM Vendor:		Oracle Corporation
07 11, 2022 23:37:02 下午 cn.how2j.diytomcat.catalina.Connector init
INFO : Initializing ProtocolHandle [http-bio-18080]
07 11, 2022 23:37:02 下午 cn.how2j.diytomcat.catalina.Connector init
INFO : Initializing ProtocolHandle [http-bio-18081]
07 11, 2022 23:37:02 下午 cn.how2j.diytomcat.catalina.Connector init
INFO : Initializing ProtocolHandle [http-bio-18082]
07 11, 2022 23:37:02 下午 cn.how2j.diytomcat.catalina.Service init
INFO : Initialization processed in 1 ms
07 11, 2022 23:37:02 下午 cn.how2j.diytomcat.catalina.Connector start
INFO : Starting ProtocolHandler [http-bio-18080]
07 11, 2022 23:37:02 下午 cn.how2j.diytomcat.catalina.Connector start
INFO : Starting ProtocolHandler [http-bio-18081]
07 11, 2022 23:37:02 下午 cn.how2j.diytomcat.catalina.Connector start
INFO : Starting ProtocolHandler [http-bio-18082]
07 11, 2022 23:37:02 下午 cn.how2j.diytomcat.catalina.Server start
INFO : Server startup in 7 ms
