07 10, 2022 18:15:48 下午 cn.how2j.diytomcat.catalina.Context <init>
INFO : Deploying web application directory D:\java_proj\diytomcat\webapps\a
07 10, 2022 18:15:48 下午 cn.how2j.diytomcat.catalina.Context deploy
INFO : Deploying web application directory D:\java_proj\diytomcat\webapps\a
07 10, 2022 18:15:48 下午 cn.how2j.diytomcat.catalina.Context deploy
INFO : Deployment of web application directory D:\java_proj\diytomcat\webapps\a has finished in 2 ms
07 10, 2022 18:15:48 下午 cn.how2j.diytomcat.catalina.Context <init>
INFO : Deployment of web application directory D:\java_proj\diytomcat\webapps\a has finished in 134 ms
07 10, 2022 18:15:48 下午 cn.how2j.diytomcat.catalina.Context <init>
INFO : Deploying web application directory D:\java_proj\diytomcat\webapps\j2ee
07 10, 2022 18:15:48 下午 cn.how2j.diytomcat.catalina.Context deploy
INFO : Deploying web application directory D:\java_proj\diytomcat\webapps\j2ee
07 10, 2022 18:15:48 下午 cn.how2j.diytomcat.catalina.Context deploy
INFO : Deployment of web application directory D:\java_proj\diytomcat\webapps\j2ee has finished in 7 ms
07 10, 2022 18:15:48 下午 cn.how2j.diytomcat.catalina.Context <init>
INFO : Deployment of web application directory D:\java_proj\diytomcat\webapps\j2ee has finished in 8 ms
07 10, 2022 18:15:48 下午 cn.how2j.diytomcat.catalina.Context <init>
INFO : Deploying web application directory D:\java_proj\diytomcat\webapps\ROOT
07 10, 2022 18:15:48 下午 cn.how2j.diytomcat.catalina.Context deploy
INFO : Deploying web application directory D:\java_proj\diytomcat\webapps\ROOT
07 10, 2022 18:15:48 下午 cn.how2j.diytomcat.catalina.Context deploy
INFO : Deployment of web application directory D:\java_proj\diytomcat\webapps\ROOT has finished in 1 ms
07 10, 2022 18:15:48 下午 cn.how2j.diytomcat.catalina.Context <init>
INFO : Deployment of web application directory D:\java_proj\diytomcat\webapps\ROOT has finished in 1 ms
07 10, 2022 18:15:48 下午 cn.how2j.diytomcat.catalina.Context <init>
INFO : Deploying web application directory d:/java_proj/diytomcat/b
07 10, 2022 18:15:48 下午 cn.how2j.diytomcat.catalina.Context deploy
INFO : Deploying web application directory d:/java_proj/diytomcat/b
07 10, 2022 18:15:48 下午 cn.how2j.diytomcat.catalina.Context deploy
INFO : Deployment of web application directory d:/java_proj/diytomcat/b has finished in 0 ms
07 10, 2022 18:15:48 下午 cn.how2j.diytomcat.catalina.Context <init>
INFO : Deployment of web application directory d:/java_proj/diytomcat/b has finished in 1 ms
07 10, 2022 18:15:48 下午 cn.how2j.diytomcat.catalina.Context <init>
INFO : Deploying web application directory d:/java_proj/javaweb/web
07 10, 2022 18:15:48 下午 cn.how2j.diytomcat.catalina.Context deploy
INFO : Deploying web application directory d:/java_proj/javaweb/web
07 10, 2022 18:15:48 下午 cn.how2j.diytomcat.catalina.Context deploy
INFO : Deployment of web application directory d:/java_proj/javaweb/web has finished in 1 ms
07 10, 2022 18:15:48 下午 cn.how2j.diytomcat.catalina.Context <init>
INFO : Deployment of web application directory d:/java_proj/javaweb/web has finished in 2 ms
07 10, 2022 18:15:48 下午 cn.how2j.diytomcat.catalina.Server logJVM
INFO : Server version:		How2J DiyTomcat/1.0.1
07 10, 2022 18:15:48 下午 cn.how2j.diytomcat.catalina.Server logJVM
INFO : Server built:		2020-04-08 10:20:22
07 10, 2022 18:15:48 下午 cn.how2j.diytomcat.catalina.Server logJVM
INFO : Server number:		1.0.1
07 10, 2022 18:15:48 下午 cn.how2j.diytomcat.catalina.Server logJVM
INFO : OS Name	:		Windows 10
07 10, 2022 18:15:48 下午 cn.how2j.diytomcat.catalina.Server logJVM
INFO : OS Version:		10.0
07 10, 2022 18:15:48 下午 cn.how2j.diytomcat.catalina.Server logJVM
INFO : Architecture:		amd64
07 10, 2022 18:15:48 下午 cn.how2j.diytomcat.catalina.Server logJVM
INFO : Java Home:		D:\Programs\Java\jdk1.8.0_311\jre
07 10, 2022 18:15:48 下午 cn.how2j.diytomcat.catalina.Server logJVM
INFO : JVM Version:		1.8.0_311-b11
07 10, 2022 18:15:48 下午 cn.how2j.diytomcat.catalina.Server logJVM
INFO : JVM Vendor:		Oracle Corporation
07 10, 2022 18:15:48 下午 cn.how2j.diytomcat.catalina.Connector init
INFO : Initializing ProtocolHandle [http-bio-18080]
07 10, 2022 18:15:48 下午 cn.how2j.diytomcat.catalina.Connector init
INFO : Initializing ProtocolHandle [http-bio-18081]
07 10, 2022 18:15:48 下午 cn.how2j.diytomcat.catalina.Connector init
INFO : Initializing ProtocolHandle [http-bio-18082]
07 10, 2022 18:15:48 下午 cn.how2j.diytomcat.catalina.Service init
INFO : Initialization processed in 1 ms
07 10, 2022 18:15:48 下午 cn.how2j.diytomcat.catalina.Connector start
INFO : Starting ProtocolHandler [http-bio-18080]
07 10, 2022 18:15:48 下午 cn.how2j.diytomcat.catalina.Connector start
INFO : Starting ProtocolHandler [http-bio-18081]
07 10, 2022 18:15:48 下午 cn.how2j.diytomcat.catalina.Connector start
INFO : Starting ProtocolHandler [http-bio-18082]
07 10, 2022 18:15:48 下午 cn.how2j.diytomcat.catalina.Server start
INFO : Server startup in 3 ms
07 10, 2022 18:21:45 下午 cn.how2j.diytomcat.catalina.Context <init>
INFO : Deploying web application directory D:\java_proj\diytomcat\webapps\a
07 10, 2022 18:21:45 下午 cn.how2j.diytomcat.catalina.Context deploy
INFO : Deploying web application directory D:\java_proj\diytomcat\webapps\a
07 10, 2022 18:21:45 下午 cn.how2j.diytomcat.catalina.Context deploy
INFO : Deployment of web application directory D:\java_proj\diytomcat\webapps\a has finished in 2 ms
07 10, 2022 18:21:45 下午 cn.how2j.diytomcat.catalina.Context <init>
INFO : Deployment of web application directory D:\java_proj\diytomcat\webapps\a has finished in 74 ms
07 10, 2022 18:21:45 下午 cn.how2j.diytomcat.catalina.Context <init>
INFO : Deploying web application directory D:\java_proj\diytomcat\webapps\j2ee
07 10, 2022 18:21:45 下午 cn.how2j.diytomcat.catalina.Context deploy
INFO : Deploying web application directory D:\java_proj\diytomcat\webapps\j2ee
07 10, 2022 18:21:45 下午 cn.how2j.diytomcat.catalina.Context deploy
INFO : Deployment of web application directory D:\java_proj\diytomcat\webapps\j2ee has finished in 3 ms
07 10, 2022 18:21:45 下午 cn.how2j.diytomcat.catalina.Context <init>
INFO : Deployment of web application directory D:\java_proj\diytomcat\webapps\j2ee has finished in 3 ms
07 10, 2022 18:21:45 下午 cn.how2j.diytomcat.catalina.Context <init>
INFO : Deploying web application directory D:\java_proj\diytomcat\webapps\ROOT
07 10, 2022 18:21:45 下午 cn.how2j.diytomcat.catalina.Context deploy
INFO : Deploying web application directory D:\java_proj\diytomcat\webapps\ROOT
07 10, 2022 18:21:45 下午 cn.how2j.diytomcat.catalina.Context deploy
INFO : Deployment of web application directory D:\java_proj\diytomcat\webapps\ROOT has finished in 0 ms
07 10, 2022 18:21:45 下午 cn.how2j.diytomcat.catalina.Context <init>
INFO : Deployment of web application directory D:\java_proj\diytomcat\webapps\ROOT has finished in 2 ms
07 10, 2022 18:21:45 下午 cn.how2j.diytomcat.catalina.Context <init>
INFO : Deploying web application directory d:/java_proj/diytomcat/b
07 10, 2022 18:21:45 下午 cn.how2j.diytomcat.catalina.Context deploy
INFO : Deploying web application directory d:/java_proj/diytomcat/b
07 10, 2022 18:21:45 下午 cn.how2j.diytomcat.catalina.Context deploy
INFO : Deployment of web application directory d:/java_proj/diytomcat/b has finished in 0 ms
07 10, 2022 18:21:45 下午 cn.how2j.diytomcat.catalina.Context <init>
INFO : Deployment of web application directory d:/java_proj/diytomcat/b has finished in 1 ms
07 10, 2022 18:21:45 下午 cn.how2j.diytomcat.catalina.Context <init>
INFO : Deploying web application directory d:/java_proj/javaweb/web
07 10, 2022 18:21:45 下午 cn.how2j.diytomcat.catalina.Context deploy
INFO : Deploying web application directory d:/java_proj/javaweb/web
07 10, 2022 18:21:45 下午 cn.how2j.diytomcat.catalina.Context deploy
INFO : Deployment of web application directory d:/java_proj/javaweb/web has finished in 1 ms
07 10, 2022 18:21:45 下午 cn.how2j.diytomcat.catalina.Context <init>
INFO : Deployment of web application directory d:/java_proj/javaweb/web has finished in 2 ms
07 10, 2022 18:21:45 下午 cn.how2j.diytomcat.catalina.Server logJVM
INFO : Server version:		How2J DiyTomcat/1.0.1
07 10, 2022 18:21:45 下午 cn.how2j.diytomcat.catalina.Server logJVM
INFO : Server built:		2020-04-08 10:20:22
07 10, 2022 18:21:45 下午 cn.how2j.diytomcat.catalina.Server logJVM
INFO : Server number:		1.0.1
07 10, 2022 18:21:45 下午 cn.how2j.diytomcat.catalina.Server logJVM
INFO : OS Name	:		Windows 10
07 10, 2022 18:21:45 下午 cn.how2j.diytomcat.catalina.Server logJVM
INFO : OS Version:		10.0
07 10, 2022 18:21:45 下午 cn.how2j.diytomcat.catalina.Server logJVM
INFO : Architecture:		amd64
07 10, 2022 18:21:45 下午 cn.how2j.diytomcat.catalina.Server logJVM
INFO : Java Home:		D:\Programs\Java\jdk1.8.0_311\jre
07 10, 2022 18:21:45 下午 cn.how2j.diytomcat.catalina.Server logJVM
INFO : JVM Version:		1.8.0_311-b11
07 10, 2022 18:21:45 下午 cn.how2j.diytomcat.catalina.Server logJVM
INFO : JVM Vendor:		Oracle Corporation
07 10, 2022 18:21:45 下午 cn.how2j.diytomcat.catalina.Connector init
INFO : Initializing ProtocolHandle [http-bio-18080]
07 10, 2022 18:21:45 下午 cn.how2j.diytomcat.catalina.Connector init
INFO : Initializing ProtocolHandle [http-bio-18081]
07 10, 2022 18:21:45 下午 cn.how2j.diytomcat.catalina.Connector init
INFO : Initializing ProtocolHandle [http-bio-18082]
07 10, 2022 18:21:45 下午 cn.how2j.diytomcat.catalina.Service init
INFO : Initialization processed in 0 ms
07 10, 2022 18:21:45 下午 cn.how2j.diytomcat.catalina.Connector start
INFO : Starting ProtocolHandler [http-bio-18080]
07 10, 2022 18:21:45 下午 cn.how2j.diytomcat.catalina.Connector start
INFO : Starting ProtocolHandler [http-bio-18081]
07 10, 2022 18:21:45 下午 cn.how2j.diytomcat.catalina.Connector start
INFO : Starting ProtocolHandler [http-bio-18082]
07 10, 2022 18:21:45 下午 cn.how2j.diytomcat.catalina.Server start
INFO : Server startup in 3 ms
07 10, 2022 18:23:28 下午 cn.how2j.diytomcat.catalina.Context <init>
INFO : Deploying web application directory D:\java_proj\diytomcat\webapps\a
07 10, 2022 18:23:28 下午 cn.how2j.diytomcat.catalina.Context deploy
INFO : Deploying web application directory D:\java_proj\diytomcat\webapps\a
07 10, 2022 18:23:28 下午 cn.how2j.diytomcat.catalina.Context deploy
INFO : Deployment of web application directory D:\java_proj\diytomcat\webapps\a has finished in 2 ms
07 10, 2022 18:23:28 下午 cn.how2j.diytomcat.catalina.Context <init>
INFO : Deployment of web application directory D:\java_proj\diytomcat\webapps\a has finished in 71 ms
07 10, 2022 18:23:28 下午 cn.how2j.diytomcat.catalina.Context <init>
INFO : Deploying web application directory D:\java_proj\diytomcat\webapps\j2ee
07 10, 2022 18:23:28 下午 cn.how2j.diytomcat.catalina.Context deploy
INFO : Deploying web application directory D:\java_proj\diytomcat\webapps\j2ee
07 10, 2022 18:23:28 下午 cn.how2j.diytomcat.catalina.Context deploy
INFO : Deployment of web application directory D:\java_proj\diytomcat\webapps\j2ee has finished in 3 ms
07 10, 2022 18:23:28 下午 cn.how2j.diytomcat.catalina.Context <init>
INFO : Deployment of web application directory D:\java_proj\diytomcat\webapps\j2ee has finished in 4 ms
07 10, 2022 18:23:28 下午 cn.how2j.diytomcat.catalina.Context <init>
INFO : Deploying web application directory D:\java_proj\diytomcat\webapps\ROOT
07 10, 2022 18:23:28 下午 cn.how2j.diytomcat.catalina.Context deploy
INFO : Deploying web application directory D:\java_proj\diytomcat\webapps\ROOT
07 10, 2022 18:23:28 下午 cn.how2j.diytomcat.catalina.Context deploy
INFO : Deployment of web application directory D:\java_proj\diytomcat\webapps\ROOT has finished in 0 ms
07 10, 2022 18:23:28 下午 cn.how2j.diytomcat.catalina.Context <init>
INFO : Deployment of web application directory D:\java_proj\diytomcat\webapps\ROOT has finished in 1 ms
07 10, 2022 18:23:28 下午 cn.how2j.diytomcat.catalina.Context <init>
INFO : Deploying web application directory d:/java_proj/diytomcat/b
07 10, 2022 18:23:28 下午 cn.how2j.diytomcat.catalina.Context deploy
INFO : Deploying web application directory d:/java_proj/diytomcat/b
07 10, 2022 18:23:28 下午 cn.how2j.diytomcat.catalina.Context deploy
INFO : Deployment of web application directory d:/java_proj/diytomcat/b has finished in 0 ms
07 10, 2022 18:23:28 下午 cn.how2j.diytomcat.catalina.Context <init>
INFO : Deployment of web application directory d:/java_proj/diytomcat/b has finished in 2 ms
07 10, 2022 18:23:28 下午 cn.how2j.diytomcat.catalina.Context <init>
INFO : Deploying web application directory d:/java_proj/javaweb/web
07 10, 2022 18:23:28 下午 cn.how2j.diytomcat.catalina.Context deploy
INFO : Deploying web application directory d:/java_proj/javaweb/web
07 10, 2022 18:23:28 下午 cn.how2j.diytomcat.catalina.Context deploy
INFO : Deployment of web application directory d:/java_proj/javaweb/web has finished in 2 ms
07 10, 2022 18:23:28 下午 cn.how2j.diytomcat.catalina.Context <init>
INFO : Deployment of web application directory d:/java_proj/javaweb/web has finished in 2 ms
07 10, 2022 18:23:28 下午 cn.how2j.diytomcat.catalina.Server logJVM
INFO : Server version:		How2J DiyTomcat/1.0.1
07 10, 2022 18:23:28 下午 cn.how2j.diytomcat.catalina.Server logJVM
INFO : Server built:		2020-04-08 10:20:22
07 10, 2022 18:23:28 下午 cn.how2j.diytomcat.catalina.Server logJVM
INFO : Server number:		1.0.1
07 10, 2022 18:23:28 下午 cn.how2j.diytomcat.catalina.Server logJVM
INFO : OS Name	:		Windows 10
07 10, 2022 18:23:28 下午 cn.how2j.diytomcat.catalina.Server logJVM
INFO : OS Version:		10.0
07 10, 2022 18:23:28 下午 cn.how2j.diytomcat.catalina.Server logJVM
INFO : Architecture:		amd64
07 10, 2022 18:23:28 下午 cn.how2j.diytomcat.catalina.Server logJVM
INFO : Java Home:		D:\Programs\Java\jdk1.8.0_311\jre
07 10, 2022 18:23:28 下午 cn.how2j.diytomcat.catalina.Server logJVM
INFO : JVM Version:		1.8.0_311-b11
07 10, 2022 18:23:28 下午 cn.how2j.diytomcat.catalina.Server logJVM
INFO : JVM Vendor:		Oracle Corporation
07 10, 2022 18:23:28 下午 cn.how2j.diytomcat.catalina.Connector init
INFO : Initializing ProtocolHandle [http-bio-18080]
07 10, 2022 18:23:28 下午 cn.how2j.diytomcat.catalina.Connector init
INFO : Initializing ProtocolHandle [http-bio-18081]
07 10, 2022 18:23:28 下午 cn.how2j.diytomcat.catalina.Connector init
INFO : Initializing ProtocolHandle [http-bio-18082]
07 10, 2022 18:23:28 下午 cn.how2j.diytomcat.catalina.Service init
INFO : Initialization processed in 0 ms
07 10, 2022 18:23:28 下午 cn.how2j.diytomcat.catalina.Connector start
INFO : Starting ProtocolHandler [http-bio-18080]
07 10, 2022 18:23:28 下午 cn.how2j.diytomcat.catalina.Connector start
INFO : Starting ProtocolHandler [http-bio-18081]
07 10, 2022 18:23:28 下午 cn.how2j.diytomcat.catalina.Connector start
INFO : Starting ProtocolHandler [http-bio-18082]
07 10, 2022 18:23:28 下午 cn.how2j.diytomcat.catalina.Server start
INFO : Server startup in 3 ms
07 10, 2022 18:27:41 下午 cn.how2j.diytomcat.catalina.Context <init>
INFO : Deploying web application directory D:\java_proj\diytomcat\webapps\a
07 10, 2022 18:27:41 下午 cn.how2j.diytomcat.catalina.Context deploy
INFO : Deploying web application directory D:\java_proj\diytomcat\webapps\a
07 10, 2022 18:27:41 下午 cn.how2j.diytomcat.catalina.Context deploy
INFO : Deployment of web application directory D:\java_proj\diytomcat\webapps\a has finished in 1 ms
07 10, 2022 18:27:41 下午 cn.how2j.diytomcat.catalina.Context <init>
INFO : Deployment of web application directory D:\java_proj\diytomcat\webapps\a has finished in 67 ms
07 10, 2022 18:27:41 下午 cn.how2j.diytomcat.catalina.Context <init>
INFO : Deploying web application directory D:\java_proj\diytomcat\webapps\j2ee
07 10, 2022 18:27:41 下午 cn.how2j.diytomcat.catalina.Context deploy
INFO : Deploying web application directory D:\java_proj\diytomcat\webapps\j2ee
07 10, 2022 18:27:41 下午 cn.how2j.diytomcat.catalina.Context deploy
INFO : Deployment of web application directory D:\java_proj\diytomcat\webapps\j2ee has finished in 2 ms
07 10, 2022 18:27:41 下午 cn.how2j.diytomcat.catalina.Context <init>
INFO : Deployment of web application directory D:\java_proj\diytomcat\webapps\j2ee has finished in 3 ms
07 10, 2022 18:27:41 下午 cn.how2j.diytomcat.catalina.Context <init>
INFO : Deploying web application directory D:\java_proj\diytomcat\webapps\ROOT
07 10, 2022 18:27:41 下午 cn.how2j.diytomcat.catalina.Context deploy
INFO : Deploying web application directory D:\java_proj\diytomcat\webapps\ROOT
07 10, 2022 18:27:41 下午 cn.how2j.diytomcat.catalina.Context deploy
INFO : Deployment of web application directory D:\java_proj\diytomcat\webapps\ROOT has finished in 1 ms
07 10, 2022 18:27:41 下午 cn.how2j.diytomcat.catalina.Context <init>
INFO : Deployment of web application directory D:\java_proj\diytomcat\webapps\ROOT has finished in 1 ms
07 10, 2022 18:27:41 下午 cn.how2j.diytomcat.catalina.Context <init>
INFO : Deploying web application directory d:/java_proj/diytomcat/b
07 10, 2022 18:27:41 下午 cn.how2j.diytomcat.catalina.Context deploy
INFO : Deploying web application directory d:/java_proj/diytomcat/b
07 10, 2022 18:27:41 下午 cn.how2j.diytomcat.catalina.Context deploy
INFO : Deployment of web application directory d:/java_proj/diytomcat/b has finished in 1 ms
07 10, 2022 18:27:41 下午 cn.how2j.diytomcat.catalina.Context <init>
INFO : Deployment of web application directory d:/java_proj/diytomcat/b has finished in 1 ms
07 10, 2022 18:27:41 下午 cn.how2j.diytomcat.catalina.Context <init>
INFO : Deploying web application directory d:/java_proj/javaweb/web
07 10, 2022 18:27:41 下午 cn.how2j.diytomcat.catalina.Context deploy
INFO : Deploying web application directory d:/java_proj/javaweb/web
07 10, 2022 18:27:41 下午 cn.how2j.diytomcat.catalina.Context deploy
INFO : Deployment of web application directory d:/java_proj/javaweb/web has finished in 1 ms
07 10, 2022 18:27:41 下午 cn.how2j.diytomcat.catalina.Context <init>
INFO : Deployment of web application directory d:/java_proj/javaweb/web has finished in 1 ms
07 10, 2022 18:27:41 下午 cn.how2j.diytomcat.catalina.Server logJVM
INFO : Server version:		How2J DiyTomcat/1.0.1
07 10, 2022 18:27:41 下午 cn.how2j.diytomcat.catalina.Server logJVM
INFO : Server built:		2020-04-08 10:20:22
07 10, 2022 18:27:41 下午 cn.how2j.diytomcat.catalina.Server logJVM
INFO : Server number:		1.0.1
07 10, 2022 18:27:41 下午 cn.how2j.diytomcat.catalina.Server logJVM
INFO : OS Name	:		Windows 10
07 10, 2022 18:27:41 下午 cn.how2j.diytomcat.catalina.Server logJVM
INFO : OS Version:		10.0
07 10, 2022 18:27:41 下午 cn.how2j.diytomcat.catalina.Server logJVM
INFO : Architecture:		amd64
07 10, 2022 18:27:41 下午 cn.how2j.diytomcat.catalina.Server logJVM
INFO : Java Home:		D:\Programs\Java\jdk1.8.0_311\jre
07 10, 2022 18:27:41 下午 cn.how2j.diytomcat.catalina.Server logJVM
INFO : JVM Version:		1.8.0_311-b11
07 10, 2022 18:27:41 下午 cn.how2j.diytomcat.catalina.Server logJVM
INFO : JVM Vendor:		Oracle Corporation
07 10, 2022 18:27:41 下午 cn.how2j.diytomcat.catalina.Connector init
INFO : Initializing ProtocolHandle [http-bio-18080]
07 10, 2022 18:27:41 下午 cn.how2j.diytomcat.catalina.Connector init
INFO : Initializing ProtocolHandle [http-bio-18081]
07 10, 2022 18:27:41 下午 cn.how2j.diytomcat.catalina.Connector init
INFO : Initializing ProtocolHandle [http-bio-18082]
07 10, 2022 18:27:41 下午 cn.how2j.diytomcat.catalina.Service init
INFO : Initialization processed in 1 ms
07 10, 2022 18:27:41 下午 cn.how2j.diytomcat.catalina.Connector start
INFO : Starting ProtocolHandler [http-bio-18080]
07 10, 2022 18:27:41 下午 cn.how2j.diytomcat.catalina.Connector start
INFO : Starting ProtocolHandler [http-bio-18081]
07 10, 2022 18:27:41 下午 cn.how2j.diytomcat.catalina.Connector start
INFO : Starting ProtocolHandler [http-bio-18082]
07 10, 2022 18:27:41 下午 cn.how2j.diytomcat.catalina.Server start
INFO : Server startup in 4 ms
07 10, 2022 18:53:03 下午 cn.how2j.diytomcat.catalina.Context <init>
INFO : Deploying web application directory D:\java_proj\diytomcat\webapps\a
07 10, 2022 18:53:03 下午 cn.how2j.diytomcat.catalina.Context deploy
INFO : Deploying web application directory D:\java_proj\diytomcat\webapps\a
07 10, 2022 18:53:03 下午 cn.how2j.diytomcat.catalina.Context deploy
INFO : Deployment of web application directory D:\java_proj\diytomcat\webapps\a has finished in 2 ms
07 10, 2022 18:53:03 下午 cn.how2j.diytomcat.catalina.Context <init>
INFO : Deployment of web application directory D:\java_proj\diytomcat\webapps\a has finished in 118 ms
07 10, 2022 18:53:03 下午 cn.how2j.diytomcat.catalina.Context <init>
INFO : Deploying web application directory D:\java_proj\diytomcat\webapps\j2ee
07 10, 2022 18:53:03 下午 cn.how2j.diytomcat.catalina.Context deploy
INFO : Deploying web application directory D:\java_proj\diytomcat\webapps\j2ee
07 10, 2022 18:53:03 下午 cn.how2j.diytomcat.catalina.Context deploy
INFO : Deployment of web application directory D:\java_proj\diytomcat\webapps\j2ee has finished in 3 ms
07 10, 2022 18:53:03 下午 cn.how2j.diytomcat.catalina.Context <init>
INFO : Deployment of web application directory D:\java_proj\diytomcat\webapps\j2ee has finished in 3 ms
07 10, 2022 18:53:03 下午 cn.how2j.diytomcat.catalina.Context <init>
INFO : Deploying web application directory D:\java_proj\diytomcat\webapps\ROOT
07 10, 2022 18:53:03 下午 cn.how2j.diytomcat.catalina.Context deploy
INFO : Deploying web application directory D:\java_proj\diytomcat\webapps\ROOT
07 10, 2022 18:53:03 下午 cn.how2j.diytomcat.catalina.Context deploy
INFO : Deployment of web application directory D:\java_proj\diytomcat\webapps\ROOT has finished in 0 ms
07 10, 2022 18:53:03 下午 cn.how2j.diytomcat.catalina.Context <init>
INFO : Deployment of web application directory D:\java_proj\diytomcat\webapps\ROOT has finished in 1 ms
07 10, 2022 18:53:03 下午 cn.how2j.diytomcat.catalina.Context <init>
INFO : Deploying web application directory d:/java_proj/diytomcat/b
07 10, 2022 18:53:03 下午 cn.how2j.diytomcat.catalina.Context deploy
INFO : Deploying web application directory d:/java_proj/diytomcat/b
07 10, 2022 18:53:03 下午 cn.how2j.diytomcat.catalina.Context deploy
INFO : Deployment of web application directory d:/java_proj/diytomcat/b has finished in 0 ms
07 10, 2022 18:53:03 下午 cn.how2j.diytomcat.catalina.Context <init>
INFO : Deployment of web application directory d:/java_proj/diytomcat/b has finished in 1 ms
07 10, 2022 18:53:03 下午 cn.how2j.diytomcat.catalina.Context <init>
INFO : Deploying web application directory d:/java_proj/javaweb/web
07 10, 2022 18:53:03 下午 cn.how2j.diytomcat.catalina.Context deploy
INFO : Deploying web application directory d:/java_proj/javaweb/web
07 10, 2022 18:53:03 下午 cn.how2j.diytomcat.catalina.Context deploy
INFO : Deployment of web application directory d:/java_proj/javaweb/web has finished in 1 ms
07 10, 2022 18:53:03 下午 cn.how2j.diytomcat.catalina.Context <init>
INFO : Deployment of web application directory d:/java_proj/javaweb/web has finished in 3 ms
07 10, 2022 18:53:03 下午 cn.how2j.diytomcat.catalina.Server logJVM
INFO : Server version:		How2J DiyTomcat/1.0.1
07 10, 2022 18:53:03 下午 cn.how2j.diytomcat.catalina.Server logJVM
INFO : Server built:		2020-04-08 10:20:22
07 10, 2022 18:53:03 下午 cn.how2j.diytomcat.catalina.Server logJVM
INFO : Server number:		1.0.1
07 10, 2022 18:53:03 下午 cn.how2j.diytomcat.catalina.Server logJVM
INFO : OS Name	:		Windows 10
07 10, 2022 18:53:03 下午 cn.how2j.diytomcat.catalina.Server logJVM
INFO : OS Version:		10.0
07 10, 2022 18:53:03 下午 cn.how2j.diytomcat.catalina.Server logJVM
INFO : Architecture:		amd64
07 10, 2022 18:53:03 下午 cn.how2j.diytomcat.catalina.Server logJVM
INFO : Java Home:		D:\Programs\Java\jdk1.8.0_311\jre
07 10, 2022 18:53:03 下午 cn.how2j.diytomcat.catalina.Server logJVM
INFO : JVM Version:		1.8.0_311-b11
07 10, 2022 18:53:03 下午 cn.how2j.diytomcat.catalina.Server logJVM
INFO : JVM Vendor:		Oracle Corporation
07 10, 2022 18:53:03 下午 cn.how2j.diytomcat.catalina.Connector init
INFO : Initializing ProtocolHandle [http-bio-18080]
07 10, 2022 18:53:03 下午 cn.how2j.diytomcat.catalina.Connector init
INFO : Initializing ProtocolHandle [http-bio-18081]
07 10, 2022 18:53:03 下午 cn.how2j.diytomcat.catalina.Connector init
INFO : Initializing ProtocolHandle [http-bio-18082]
07 10, 2022 18:53:03 下午 cn.how2j.diytomcat.catalina.Service init
INFO : Initialization processed in 1 ms
07 10, 2022 18:53:03 下午 cn.how2j.diytomcat.catalina.Connector start
INFO : Starting ProtocolHandler [http-bio-18080]
07 10, 2022 18:53:03 下午 cn.how2j.diytomcat.catalina.Connector start
INFO : Starting ProtocolHandler [http-bio-18081]
07 10, 2022 18:53:03 下午 cn.how2j.diytomcat.catalina.Connector start
INFO : Starting ProtocolHandler [http-bio-18082]
07 10, 2022 18:53:03 下午 cn.how2j.diytomcat.catalina.Server start
INFO : Server startup in 4 ms
07 10, 2022 18:54:14 下午 cn.how2j.diytomcat.watcher.ContextFileChangeWatcher$1 dealWith
INFO : cn.how2j.diytomcat.watcher.ContextFileChangeWatcher@1da44484 检测到了Web应用下的重要文件变化 HelloServlet.class 
07 10, 2022 18:54:14 下午 cn.how2j.diytomcat.catalina.Host reload
INFO : Reloading Context with name [/javaweb] has started
07 10, 2022 18:54:14 下午 cn.how2j.diytomcat.catalina.Context <init>
INFO : Deploying web application directory d:/java_proj/javaweb/web
07 10, 2022 18:54:14 下午 cn.how2j.diytomcat.catalina.Context deploy
INFO : Deploying web application directory d:/java_proj/javaweb/web
07 10, 2022 18:54:14 下午 cn.how2j.diytomcat.catalina.Context deploy
INFO : Deployment of web application directory d:/java_proj/javaweb/web has finished in 1 ms
07 10, 2022 18:54:14 下午 cn.how2j.diytomcat.catalina.Context <init>
INFO : Deployment of web application directory d:/java_proj/javaweb/web has finished in 3 ms
07 10, 2022 18:54:14 下午 cn.how2j.diytomcat.catalina.Host reload
INFO : Reloading Context with name [/javaweb] has completed
07 10, 2022 19:04:49 下午 cn.how2j.diytomcat.catalina.Context <init>
INFO : Deploying web application directory D:\java_proj\diytomcat\webapps\a
07 10, 2022 19:04:49 下午 cn.how2j.diytomcat.catalina.Context deploy
INFO : Deploying web application directory D:\java_proj\diytomcat\webapps\a
07 10, 2022 19:04:49 下午 cn.how2j.diytomcat.catalina.Context deploy
INFO : Deployment of web application directory D:\java_proj\diytomcat\webapps\a has finished in 2 ms
07 10, 2022 19:04:49 下午 cn.how2j.diytomcat.catalina.Context <init>
INFO : Deployment of web application directory D:\java_proj\diytomcat\webapps\a has finished in 91 ms
07 10, 2022 19:04:49 下午 cn.how2j.diytomcat.catalina.Context <init>
INFO : Deploying web application directory D:\java_proj\diytomcat\webapps\j2ee
07 10, 2022 19:04:49 下午 cn.how2j.diytomcat.catalina.Context deploy
INFO : Deploying web application directory D:\java_proj\diytomcat\webapps\j2ee
07 10, 2022 19:04:49 下午 cn.how2j.diytomcat.catalina.Context deploy
INFO : Deployment of web application directory D:\java_proj\diytomcat\webapps\j2ee has finished in 3 ms
07 10, 2022 19:04:49 下午 cn.how2j.diytomcat.catalina.Context <init>
INFO : Deployment of web application directory D:\java_proj\diytomcat\webapps\j2ee has finished in 4 ms
07 10, 2022 19:04:49 下午 cn.how2j.diytomcat.catalina.Context <init>
INFO : Deploying web application directory D:\java_proj\diytomcat\webapps\ROOT
07 10, 2022 19:04:49 下午 cn.how2j.diytomcat.catalina.Context deploy
INFO : Deploying web application directory D:\java_proj\diytomcat\webapps\ROOT
07 10, 2022 19:04:49 下午 cn.how2j.diytomcat.catalina.Context deploy
INFO : Deployment of web application directory D:\java_proj\diytomcat\webapps\ROOT has finished in 0 ms
07 10, 2022 19:04:49 下午 cn.how2j.diytomcat.catalina.Context <init>
INFO : Deployment of web application directory D:\java_proj\diytomcat\webapps\ROOT has finished in 1 ms
07 10, 2022 19:04:49 下午 cn.how2j.diytomcat.catalina.Context <init>
INFO : Deploying web application directory d:/java_proj/diytomcat/b
07 10, 2022 19:04:49 下午 cn.how2j.diytomcat.catalina.Context deploy
INFO : Deploying web application directory d:/java_proj/diytomcat/b
07 10, 2022 19:04:49 下午 cn.how2j.diytomcat.catalina.Context deploy
INFO : Deployment of web application directory d:/java_proj/diytomcat/b has finished in 0 ms
07 10, 2022 19:04:49 下午 cn.how2j.diytomcat.catalina.Context <init>
INFO : Deployment of web application directory d:/java_proj/diytomcat/b has finished in 1 ms
07 10, 2022 19:04:49 下午 cn.how2j.diytomcat.catalina.Context <init>
INFO : Deploying web application directory d:/java_proj/javaweb/web
07 10, 2022 19:04:49 下午 cn.how2j.diytomcat.catalina.Context deploy
INFO : Deploying web application directory d:/java_proj/javaweb/web
07 10, 2022 19:04:49 下午 cn.how2j.diytomcat.catalina.Context deploy
INFO : Deployment of web application directory d:/java_proj/javaweb/web has finished in 2 ms
07 10, 2022 19:04:49 下午 cn.how2j.diytomcat.catalina.Context <init>
INFO : Deployment of web application directory d:/java_proj/javaweb/web has finished in 2 ms
07 10, 2022 19:04:49 下午 cn.how2j.diytomcat.catalina.Server logJVM
INFO : Server version:		How2J DiyTomcat/1.0.1
07 10, 2022 19:04:49 下午 cn.how2j.diytomcat.catalina.Server logJVM
INFO : Server built:		2020-04-08 10:20:22
07 10, 2022 19:04:49 下午 cn.how2j.diytomcat.catalina.Server logJVM
INFO : Server number:		1.0.1
07 10, 2022 19:04:49 下午 cn.how2j.diytomcat.catalina.Server logJVM
INFO : OS Name	:		Windows 10
07 10, 2022 19:04:49 下午 cn.how2j.diytomcat.catalina.Server logJVM
INFO : OS Version:		10.0
07 10, 2022 19:04:49 下午 cn.how2j.diytomcat.catalina.Server logJVM
INFO : Architecture:		amd64
07 10, 2022 19:04:49 下午 cn.how2j.diytomcat.catalina.Server logJVM
INFO : Java Home:		D:\Programs\Java\jdk1.8.0_311\jre
07 10, 2022 19:04:49 下午 cn.how2j.diytomcat.catalina.Server logJVM
INFO : JVM Version:		1.8.0_311-b11
07 10, 2022 19:04:49 下午 cn.how2j.diytomcat.catalina.Server logJVM
INFO : JVM Vendor:		Oracle Corporation
07 10, 2022 19:04:49 下午 cn.how2j.diytomcat.catalina.Connector init
INFO : Initializing ProtocolHandle [http-bio-18080]
07 10, 2022 19:04:49 下午 cn.how2j.diytomcat.catalina.Connector init
INFO : Initializing ProtocolHandle [http-bio-18081]
07 10, 2022 19:04:49 下午 cn.how2j.diytomcat.catalina.Connector init
INFO : Initializing ProtocolHandle [http-bio-18082]
07 10, 2022 19:04:49 下午 cn.how2j.diytomcat.catalina.Service init
INFO : Initialization processed in 1 ms
07 10, 2022 19:04:49 下午 cn.how2j.diytomcat.catalina.Connector start
INFO : Starting ProtocolHandler [http-bio-18080]
07 10, 2022 19:04:49 下午 cn.how2j.diytomcat.catalina.Connector start
INFO : Starting ProtocolHandler [http-bio-18081]
07 10, 2022 19:04:49 下午 cn.how2j.diytomcat.catalina.Connector start
INFO : Starting ProtocolHandler [http-bio-18082]
07 10, 2022 19:04:49 下午 cn.how2j.diytomcat.catalina.Server start
INFO : Server startup in 5 ms
07 10, 2022 19:05:04 下午 cn.how2j.diytomcat.watcher.ContextFileChangeWatcher$1 dealWith
INFO : cn.how2j.diytomcat.watcher.ContextFileChangeWatcher@1da44484 检测到了Web应用下的重要文件变化 HelloServlet.class 
07 10, 2022 19:05:04 下午 cn.how2j.diytomcat.catalina.Host reload
INFO : Reloading Context with name [/javaweb] has started
07 10, 2022 19:05:04 下午 cn.how2j.diytomcat.catalina.Context <init>
INFO : Deploying web application directory d:/java_proj/javaweb/web
07 10, 2022 19:05:04 下午 cn.how2j.diytomcat.catalina.Context deploy
INFO : Deploying web application directory d:/java_proj/javaweb/web
07 10, 2022 19:05:04 下午 cn.how2j.diytomcat.catalina.Context deploy
INFO : Deployment of web application directory d:/java_proj/javaweb/web has finished in 1 ms
07 10, 2022 19:05:04 下午 cn.how2j.diytomcat.catalina.Context <init>
INFO : Deployment of web application directory d:/java_proj/javaweb/web has finished in 3 ms
07 10, 2022 19:05:04 下午 cn.how2j.diytomcat.catalina.Host reload
INFO : Reloading Context with name [/javaweb] has completed
07 10, 2022 19:26:11 下午 cn.how2j.diytomcat.catalina.Context <init>
INFO : Deploying web application directory D:\java_proj\diytomcat\webapps\a
07 10, 2022 19:26:11 下午 cn.how2j.diytomcat.catalina.Context deploy
INFO : Deploying web application directory D:\java_proj\diytomcat\webapps\a
07 10, 2022 19:26:11 下午 cn.how2j.diytomcat.catalina.Context deploy
INFO : Deployment of web application directory D:\java_proj\diytomcat\webapps\a has finished in 2 ms
07 10, 2022 19:26:11 下午 cn.how2j.diytomcat.catalina.Context <init>
INFO : Deployment of web application directory D:\java_proj\diytomcat\webapps\a has finished in 91 ms
07 10, 2022 19:26:11 下午 cn.how2j.diytomcat.catalina.Context <init>
INFO : Deploying web application directory D:\java_proj\diytomcat\webapps\j2ee
07 10, 2022 19:26:11 下午 cn.how2j.diytomcat.catalina.Context deploy
INFO : Deploying web application directory D:\java_proj\diytomcat\webapps\j2ee
07 10, 2022 19:26:11 下午 cn.how2j.diytomcat.catalina.Context deploy
INFO : Deployment of web application directory D:\java_proj\diytomcat\webapps\j2ee has finished in 2 ms
07 10, 2022 19:26:11 下午 cn.how2j.diytomcat.catalina.Context <init>
INFO : Deployment of web application directory D:\java_proj\diytomcat\webapps\j2ee has finished in 3 ms
07 10, 2022 19:26:11 下午 cn.how2j.diytomcat.catalina.Context <init>
INFO : Deploying web application directory D:\java_proj\diytomcat\webapps\ROOT
07 10, 2022 19:26:11 下午 cn.how2j.diytomcat.catalina.Context deploy
INFO : Deploying web application directory D:\java_proj\diytomcat\webapps\ROOT
07 10, 2022 19:26:11 下午 cn.how2j.diytomcat.catalina.Context deploy
INFO : Deployment of web application directory D:\java_proj\diytomcat\webapps\ROOT has finished in 0 ms
07 10, 2022 19:26:11 下午 cn.how2j.diytomcat.catalina.Context <init>
INFO : Deployment of web application directory D:\java_proj\diytomcat\webapps\ROOT has finished in 1 ms
07 10, 2022 19:26:11 下午 cn.how2j.diytomcat.catalina.Context <init>
INFO : Deploying web application directory d:/java_proj/diytomcat/b
07 10, 2022 19:26:11 下午 cn.how2j.diytomcat.catalina.Context deploy
INFO : Deploying web application directory d:/java_proj/diytomcat/b
07 10, 2022 19:26:11 下午 cn.how2j.diytomcat.catalina.Context deploy
INFO : Deployment of web application directory d:/java_proj/diytomcat/b has finished in 0 ms
07 10, 2022 19:26:11 下午 cn.how2j.diytomcat.catalina.Context <init>
INFO : Deployment of web application directory d:/java_proj/diytomcat/b has finished in 1 ms
07 10, 2022 19:26:11 下午 cn.how2j.diytomcat.catalina.Context <init>
INFO : Deploying web application directory d:/java_proj/javaweb/web
07 10, 2022 19:26:11 下午 cn.how2j.diytomcat.catalina.Context deploy
INFO : Deploying web application directory d:/java_proj/javaweb/web
07 10, 2022 19:26:11 下午 cn.how2j.diytomcat.catalina.Context deploy
INFO : Deployment of web application directory d:/java_proj/javaweb/web has finished in 1 ms
07 10, 2022 19:26:11 下午 cn.how2j.diytomcat.catalina.Context <init>
INFO : Deployment of web application directory d:/java_proj/javaweb/web has finished in 3 ms
07 10, 2022 19:26:11 下午 cn.how2j.diytomcat.catalina.Server logJVM
INFO : Server version:		How2J DiyTomcat/1.0.1
07 10, 2022 19:26:11 下午 cn.how2j.diytomcat.catalina.Server logJVM
INFO : Server built:		2020-04-08 10:20:22
07 10, 2022 19:26:11 下午 cn.how2j.diytomcat.catalina.Server logJVM
INFO : Server number:		1.0.1
07 10, 2022 19:26:11 下午 cn.how2j.diytomcat.catalina.Server logJVM
INFO : OS Name	:		Windows 10
07 10, 2022 19:26:11 下午 cn.how2j.diytomcat.catalina.Server logJVM
INFO : OS Version:		10.0
07 10, 2022 19:26:11 下午 cn.how2j.diytomcat.catalina.Server logJVM
INFO : Architecture:		amd64
07 10, 2022 19:26:11 下午 cn.how2j.diytomcat.catalina.Server logJVM
INFO : Java Home:		D:\Programs\Java\jdk1.8.0_311\jre
07 10, 2022 19:26:11 下午 cn.how2j.diytomcat.catalina.Server logJVM
INFO : JVM Version:		1.8.0_311-b11
07 10, 2022 19:26:11 下午 cn.how2j.diytomcat.catalina.Server logJVM
INFO : JVM Vendor:		Oracle Corporation
07 10, 2022 19:26:11 下午 cn.how2j.diytomcat.catalina.Connector init
INFO : Initializing ProtocolHandle [http-bio-18080]
07 10, 2022 19:26:11 下午 cn.how2j.diytomcat.catalina.Connector init
INFO : Initializing ProtocolHandle [http-bio-18081]
07 10, 2022 19:26:11 下午 cn.how2j.diytomcat.catalina.Connector init
INFO : Initializing ProtocolHandle [http-bio-18082]
07 10, 2022 19:26:11 下午 cn.how2j.diytomcat.catalina.Service init
INFO : Initialization processed in 0 ms
07 10, 2022 19:26:11 下午 cn.how2j.diytomcat.catalina.Connector start
INFO : Starting ProtocolHandler [http-bio-18080]
07 10, 2022 19:26:11 下午 cn.how2j.diytomcat.catalina.Connector start
INFO : Starting ProtocolHandler [http-bio-18081]
07 10, 2022 19:26:11 下午 cn.how2j.diytomcat.catalina.Connector start
INFO : Starting ProtocolHandler [http-bio-18082]
07 10, 2022 19:26:11 下午 cn.how2j.diytomcat.catalina.Server start
INFO : Server startup in 3 ms
07 10, 2022 19:47:22 下午 cn.how2j.diytomcat.catalina.Context deploy
INFO : Deploying web application directory D:\java_proj\diytomcat\webapps\a
07 10, 2022 19:47:22 下午 cn.how2j.diytomcat.catalina.Context deploy
INFO : Deployment of web application directory D:\java_proj\diytomcat\webapps\a has finished in 69 ms
07 10, 2022 19:47:22 下午 cn.how2j.diytomcat.catalina.Context deploy
INFO : Deploying web application directory D:\java_proj\diytomcat\webapps\j2ee
07 10, 2022 19:47:22 下午 cn.how2j.diytomcat.catalina.Context deploy
INFO : Deployment of web application directory D:\java_proj\diytomcat\webapps\j2ee has finished in 3 ms
07 10, 2022 19:47:22 下午 cn.how2j.diytomcat.catalina.Context deploy
INFO : Deploying web application directory D:\java_proj\diytomcat\webapps\ROOT
07 10, 2022 19:47:22 下午 cn.how2j.diytomcat.catalina.Context deploy
INFO : Deployment of web application directory D:\java_proj\diytomcat\webapps\ROOT has finished in 1 ms
07 10, 2022 19:47:22 下午 cn.how2j.diytomcat.catalina.Context deploy
INFO : Deploying web application directory d:/java_proj/diytomcat/b
07 10, 2022 19:47:22 下午 cn.how2j.diytomcat.catalina.Context deploy
INFO : Deployment of web application directory d:/java_proj/diytomcat/b has finished in 0 ms
07 10, 2022 19:47:22 下午 cn.how2j.diytomcat.catalina.Context deploy
INFO : Deploying web application directory d:/java_proj/javaweb/web
07 10, 2022 19:47:22 下午 cn.how2j.diytomcat.catalina.Context deploy
INFO : Deployment of web application directory d:/java_proj/javaweb/web has finished in 1 ms
07 10, 2022 19:47:22 下午 cn.how2j.diytomcat.catalina.Server logJVM
INFO : Server version:		How2J DiyTomcat/1.0.1
07 10, 2022 19:47:22 下午 cn.how2j.diytomcat.catalina.Server logJVM
INFO : Server built:		2020-04-08 10:20:22
07 10, 2022 19:47:22 下午 cn.how2j.diytomcat.catalina.Server logJVM
INFO : Server number:		1.0.1
07 10, 2022 19:47:22 下午 cn.how2j.diytomcat.catalina.Server logJVM
INFO : OS Name	:		Windows 10
07 10, 2022 19:47:22 下午 cn.how2j.diytomcat.catalina.Server logJVM
INFO : OS Version:		10.0
07 10, 2022 19:47:22 下午 cn.how2j.diytomcat.catalina.Server logJVM
INFO : Architecture:		amd64
07 10, 2022 19:47:22 下午 cn.how2j.diytomcat.catalina.Server logJVM
INFO : Java Home:		D:\Programs\Java\jdk1.8.0_311\jre
07 10, 2022 19:47:22 下午 cn.how2j.diytomcat.catalina.Server logJVM
INFO : JVM Version:		1.8.0_311-b11
07 10, 2022 19:47:22 下午 cn.how2j.diytomcat.catalina.Server logJVM
INFO : JVM Vendor:		Oracle Corporation
07 10, 2022 19:47:22 下午 cn.how2j.diytomcat.catalina.Connector init
INFO : Initializing ProtocolHandle [http-bio-18080]
07 10, 2022 19:47:22 下午 cn.how2j.diytomcat.catalina.Connector init
INFO : Initializing ProtocolHandle [http-bio-18081]
07 10, 2022 19:47:22 下午 cn.how2j.diytomcat.catalina.Connector init
INFO : Initializing ProtocolHandle [http-bio-18082]
07 10, 2022 19:47:22 下午 cn.how2j.diytomcat.catalina.Service init
INFO : Initialization processed in 1 ms
07 10, 2022 19:47:22 下午 cn.how2j.diytomcat.catalina.Connector start
INFO : Starting ProtocolHandler [http-bio-18080]
07 10, 2022 19:47:22 下午 cn.how2j.diytomcat.catalina.Connector start
INFO : Starting ProtocolHandler [http-bio-18081]
07 10, 2022 19:47:22 下午 cn.how2j.diytomcat.catalina.Connector start
INFO : Starting ProtocolHandler [http-bio-18082]
07 10, 2022 19:47:22 下午 cn.how2j.diytomcat.catalina.Server start
INFO : Server startup in 5 ms
07 10, 2022 19:59:14 下午 cn.how2j.diytomcat.catalina.Context <init>
INFO : Deploying web application directory D:\java_proj\diytomcat\webapps\a
07 10, 2022 19:59:14 下午 cn.how2j.diytomcat.catalina.Context <init>
INFO : Deployment of web application directory D:\java_proj\diytomcat\webapps\a has finished in 74 ms
07 10, 2022 19:59:14 下午 cn.how2j.diytomcat.catalina.Context <init>
INFO : Deploying web application directory D:\java_proj\diytomcat\webapps\j2ee
07 10, 2022 19:59:14 下午 cn.how2j.diytomcat.catalina.Context <init>
INFO : Deployment of web application directory D:\java_proj\diytomcat\webapps\j2ee has finished in 3 ms
07 10, 2022 19:59:14 下午 cn.how2j.diytomcat.catalina.Context <init>
INFO : Deploying web application directory D:\java_proj\diytomcat\webapps\ROOT
07 10, 2022 19:59:14 下午 cn.how2j.diytomcat.catalina.Context <init>
INFO : Deployment of web application directory D:\java_proj\diytomcat\webapps\ROOT has finished in 1 ms
07 10, 2022 19:59:14 下午 cn.how2j.diytomcat.catalina.Context <init>
INFO : Deploying web application directory d:/java_proj/diytomcat/b
07 10, 2022 19:59:14 下午 cn.how2j.diytomcat.catalina.Context <init>
INFO : Deployment of web application directory d:/java_proj/diytomcat/b has finished in 0 ms
07 10, 2022 19:59:14 下午 cn.how2j.diytomcat.catalina.Context <init>
INFO : Deploying web application directory d:/java_proj/javaweb/web
07 10, 2022 19:59:14 下午 cn.how2j.diytomcat.catalina.Context <init>
INFO : Deployment of web application directory d:/java_proj/javaweb/web has finished in 2 ms
07 10, 2022 19:59:14 下午 cn.how2j.diytomcat.catalina.Server logJVM
INFO : Server version:		How2J DiyTomcat/1.0.1
07 10, 2022 19:59:14 下午 cn.how2j.diytomcat.catalina.Server logJVM
INFO : Server built:		2020-04-08 10:20:22
07 10, 2022 19:59:14 下午 cn.how2j.diytomcat.catalina.Server logJVM
INFO : Server number:		1.0.1
07 10, 2022 19:59:14 下午 cn.how2j.diytomcat.catalina.Server logJVM
INFO : OS Name	:		Windows 10
07 10, 2022 19:59:14 下午 cn.how2j.diytomcat.catalina.Server logJVM
INFO : OS Version:		10.0
07 10, 2022 19:59:14 下午 cn.how2j.diytomcat.catalina.Server logJVM
INFO : Architecture:		amd64
07 10, 2022 19:59:14 下午 cn.how2j.diytomcat.catalina.Server logJVM
INFO : Java Home:		D:\Programs\Java\jdk1.8.0_311\jre
07 10, 2022 19:59:14 下午 cn.how2j.diytomcat.catalina.Server logJVM
INFO : JVM Version:		1.8.0_311-b11
07 10, 2022 19:59:14 下午 cn.how2j.diytomcat.catalina.Server logJVM
INFO : JVM Vendor:		Oracle Corporation
07 10, 2022 19:59:14 下午 cn.how2j.diytomcat.catalina.Connector init
INFO : Initializing ProtocolHandle [http-bio-18080]
07 10, 2022 19:59:14 下午 cn.how2j.diytomcat.catalina.Connector init
INFO : Initializing ProtocolHandle [http-bio-18081]
07 10, 2022 19:59:14 下午 cn.how2j.diytomcat.catalina.Connector init
INFO : Initializing ProtocolHandle [http-bio-18082]
07 10, 2022 19:59:14 下午 cn.how2j.diytomcat.catalina.Service init
INFO : Initialization processed in 0 ms
07 10, 2022 19:59:14 下午 cn.how2j.diytomcat.catalina.Connector start
INFO : Starting ProtocolHandler [http-bio-18080]
07 10, 2022 19:59:14 下午 cn.how2j.diytomcat.catalina.Connector start
INFO : Starting ProtocolHandler [http-bio-18081]
07 10, 2022 19:59:14 下午 cn.how2j.diytomcat.catalina.Connector start
INFO : Starting ProtocolHandler [http-bio-18082]
07 10, 2022 19:59:14 下午 cn.how2j.diytomcat.catalina.Server start
INFO : Server startup in 3 ms
07 10, 2022 20:01:32 下午 cn.how2j.diytomcat.catalina.Context <init>
INFO : Deploying web application directory D:\java_proj\diytomcat\webapps\a
07 10, 2022 20:01:32 下午 cn.how2j.diytomcat.catalina.Context <init>
INFO : Deployment of web application directory D:\java_proj\diytomcat\webapps\a has finished in 80 ms
07 10, 2022 20:01:32 下午 cn.how2j.diytomcat.catalina.Context <init>
INFO : Deploying web application directory D:\java_proj\diytomcat\webapps\j2ee
07 10, 2022 20:01:32 下午 cn.how2j.diytomcat.catalina.Context <init>
INFO : Deployment of web application directory D:\java_proj\diytomcat\webapps\j2ee has finished in 4 ms
07 10, 2022 20:01:32 下午 cn.how2j.diytomcat.catalina.Context <init>
INFO : Deploying web application directory D:\java_proj\diytomcat\webapps\ROOT
07 10, 2022 20:01:32 下午 cn.how2j.diytomcat.catalina.Context <init>
INFO : Deployment of web application directory D:\java_proj\diytomcat\webapps\ROOT has finished in 1 ms
07 10, 2022 20:01:32 下午 cn.how2j.diytomcat.catalina.Context <init>
INFO : Deploying web application directory d:/java_proj/diytomcat/b
07 10, 2022 20:01:32 下午 cn.how2j.diytomcat.catalina.Context <init>
INFO : Deployment of web application directory d:/java_proj/diytomcat/b has finished in 1 ms
07 10, 2022 20:01:32 下午 cn.how2j.diytomcat.catalina.Context <init>
INFO : Deploying web application directory d:/java_proj/javaweb/web
07 10, 2022 20:01:32 下午 cn.how2j.diytomcat.catalina.Context <init>
INFO : Deployment of web application directory d:/java_proj/javaweb/web has finished in 3 ms
07 10, 2022 20:01:32 下午 cn.how2j.diytomcat.catalina.Server logJVM
INFO : Server version:		How2J DiyTomcat/1.0.1
07 10, 2022 20:01:32 下午 cn.how2j.diytomcat.catalina.Server logJVM
INFO : Server built:		2020-04-08 10:20:22
07 10, 2022 20:01:32 下午 cn.how2j.diytomcat.catalina.Server logJVM
INFO : Server number:		1.0.1
07 10, 2022 20:01:32 下午 cn.how2j.diytomcat.catalina.Server logJVM
INFO : OS Name	:		Windows 10
07 10, 2022 20:01:32 下午 cn.how2j.diytomcat.catalina.Server logJVM
INFO : OS Version:		10.0
07 10, 2022 20:01:32 下午 cn.how2j.diytomcat.catalina.Server logJVM
INFO : Architecture:		amd64
07 10, 2022 20:01:32 下午 cn.how2j.diytomcat.catalina.Server logJVM
INFO : Java Home:		D:\Programs\Java\jdk1.8.0_311\jre
07 10, 2022 20:01:32 下午 cn.how2j.diytomcat.catalina.Server logJVM
INFO : JVM Version:		1.8.0_311-b11
07 10, 2022 20:01:32 下午 cn.how2j.diytomcat.catalina.Server logJVM
INFO : JVM Vendor:		Oracle Corporation
07 10, 2022 20:01:32 下午 cn.how2j.diytomcat.catalina.Connector init
INFO : Initializing ProtocolHandle [http-bio-18080]
07 10, 2022 20:01:32 下午 cn.how2j.diytomcat.catalina.Connector init
INFO : Initializing ProtocolHandle [http-bio-18081]
07 10, 2022 20:01:32 下午 cn.how2j.diytomcat.catalina.Connector init
INFO : Initializing ProtocolHandle [http-bio-18082]
07 10, 2022 20:01:32 下午 cn.how2j.diytomcat.catalina.Service init
INFO : Initialization processed in 0 ms
07 10, 2022 20:01:32 下午 cn.how2j.diytomcat.catalina.Connector start
INFO : Starting ProtocolHandler [http-bio-18080]
07 10, 2022 20:01:32 下午 cn.how2j.diytomcat.catalina.Connector start
INFO : Starting ProtocolHandler [http-bio-18081]
07 10, 2022 20:01:32 下午 cn.how2j.diytomcat.catalina.Connector start
INFO : Starting ProtocolHandler [http-bio-18082]
07 10, 2022 20:01:32 下午 cn.how2j.diytomcat.catalina.Server start
INFO : Server startup in 3 ms
07 10, 2022 20:03:21 下午 cn.how2j.diytomcat.catalina.Context <init>
INFO : Deploying web application directory D:\java_proj\diytomcat\webapps\a
07 10, 2022 20:03:21 下午 cn.how2j.diytomcat.catalina.Context <init>
INFO : Deployment of web application directory D:\java_proj\diytomcat\webapps\a has finished in 89 ms
07 10, 2022 20:03:21 下午 cn.how2j.diytomcat.catalina.Context <init>
INFO : Deploying web application directory D:\java_proj\diytomcat\webapps\j2ee
07 10, 2022 20:03:21 下午 cn.how2j.diytomcat.catalina.Context <init>
INFO : Deployment of web application directory D:\java_proj\diytomcat\webapps\j2ee has finished in 4 ms
07 10, 2022 20:03:21 下午 cn.how2j.diytomcat.catalina.Context <init>
INFO : Deploying web application directory D:\java_proj\diytomcat\webapps\ROOT
07 10, 2022 20:03:21 下午 cn.how2j.diytomcat.catalina.Context <init>
INFO : Deployment of web application directory D:\java_proj\diytomcat\webapps\ROOT has finished in 1 ms
07 10, 2022 20:03:21 下午 cn.how2j.diytomcat.catalina.Context <init>
INFO : Deploying web application directory d:/java_proj/diytomcat/b
07 10, 2022 20:03:21 下午 cn.how2j.diytomcat.catalina.Context <init>
INFO : Deployment of web application directory d:/java_proj/diytomcat/b has finished in 0 ms
07 10, 2022 20:03:21 下午 cn.how2j.diytomcat.catalina.Context <init>
INFO : Deploying web application directory d:/java_proj/javaweb/web
07 10, 2022 20:03:21 下午 cn.how2j.diytomcat.catalina.Context <init>
INFO : Deployment of web application directory d:/java_proj/javaweb/web has finished in 2 ms
07 10, 2022 20:03:21 下午 cn.how2j.diytomcat.catalina.Server logJVM
INFO : Server version:		How2J DiyTomcat/1.0.1
07 10, 2022 20:03:21 下午 cn.how2j.diytomcat.catalina.Server logJVM
INFO : Server built:		2020-04-08 10:20:22
07 10, 2022 20:03:21 下午 cn.how2j.diytomcat.catalina.Server logJVM
INFO : Server number:		1.0.1
07 10, 2022 20:03:21 下午 cn.how2j.diytomcat.catalina.Server logJVM
INFO : OS Name	:		Windows 10
07 10, 2022 20:03:21 下午 cn.how2j.diytomcat.catalina.Server logJVM
INFO : OS Version:		10.0
07 10, 2022 20:03:21 下午 cn.how2j.diytomcat.catalina.Server logJVM
INFO : Architecture:		amd64
07 10, 2022 20:03:21 下午 cn.how2j.diytomcat.catalina.Server logJVM
INFO : Java Home:		D:\Programs\Java\jdk1.8.0_311\jre
07 10, 2022 20:03:21 下午 cn.how2j.diytomcat.catalina.Server logJVM
INFO : JVM Version:		1.8.0_311-b11
07 10, 2022 20:03:21 下午 cn.how2j.diytomcat.catalina.Server logJVM
INFO : JVM Vendor:		Oracle Corporation
07 10, 2022 20:03:21 下午 cn.how2j.diytomcat.catalina.Connector init
INFO : Initializing ProtocolHandle [http-bio-18080]
07 10, 2022 20:03:21 下午 cn.how2j.diytomcat.catalina.Connector init
INFO : Initializing ProtocolHandle [http-bio-18081]
07 10, 2022 20:03:21 下午 cn.how2j.diytomcat.catalina.Connector init
INFO : Initializing ProtocolHandle [http-bio-18082]
07 10, 2022 20:03:21 下午 cn.how2j.diytomcat.catalina.Service init
INFO : Initialization processed in 1 ms
07 10, 2022 20:03:21 下午 cn.how2j.diytomcat.catalina.Connector start
INFO : Starting ProtocolHandler [http-bio-18080]
07 10, 2022 20:03:21 下午 cn.how2j.diytomcat.catalina.Connector start
INFO : Starting ProtocolHandler [http-bio-18081]
07 10, 2022 20:03:21 下午 cn.how2j.diytomcat.catalina.Connector start
INFO : Starting ProtocolHandler [http-bio-18082]
07 10, 2022 20:03:21 下午 cn.how2j.diytomcat.catalina.Server start
INFO : Server startup in 7 ms
07 10, 2022 20:08:29 下午 cn.how2j.diytomcat.catalina.Context <init>
INFO : Deploying web application directory D:\java_proj\diytomcat\webapps\a
07 10, 2022 20:08:29 下午 cn.how2j.diytomcat.catalina.Context <init>
INFO : Deployment of web application directory D:\java_proj\diytomcat\webapps\a has finished in 81 ms
07 10, 2022 20:08:29 下午 cn.how2j.diytomcat.catalina.Context <init>
INFO : Deploying web application directory D:\java_proj\diytomcat\webapps\j2ee
07 10, 2022 20:08:29 下午 cn.how2j.diytomcat.catalina.Context <init>
INFO : Deployment of web application directory D:\java_proj\diytomcat\webapps\j2ee has finished in 4 ms
07 10, 2022 20:08:29 下午 cn.how2j.diytomcat.catalina.Context <init>
INFO : Deploying web application directory D:\java_proj\diytomcat\webapps\ROOT
07 10, 2022 20:08:29 下午 cn.how2j.diytomcat.catalina.Context <init>
INFO : Deployment of web application directory D:\java_proj\diytomcat\webapps\ROOT has finished in 2 ms
07 10, 2022 20:08:29 下午 cn.how2j.diytomcat.catalina.Context <init>
INFO : Deploying web application directory d:/java_proj/diytomcat/b
07 10, 2022 20:08:29 下午 cn.how2j.diytomcat.catalina.Context <init>
INFO : Deployment of web application directory d:/java_proj/diytomcat/b has finished in 1 ms
07 10, 2022 20:08:29 下午 cn.how2j.diytomcat.catalina.Context <init>
INFO : Deploying web application directory d:/java_proj/javaweb/web
07 10, 2022 20:08:29 下午 cn.how2j.diytomcat.catalina.Context <init>
INFO : Deployment of web application directory d:/java_proj/javaweb/web has finished in 8 ms
07 10, 2022 20:08:29 下午 cn.how2j.diytomcat.catalina.Server logJVM
INFO : Server version:		How2J DiyTomcat/1.0.1
07 10, 2022 20:08:29 下午 cn.how2j.diytomcat.catalina.Server logJVM
INFO : Server built:		2020-04-08 10:20:22
07 10, 2022 20:08:29 下午 cn.how2j.diytomcat.catalina.Server logJVM
INFO : Server number:		1.0.1
07 10, 2022 20:08:29 下午 cn.how2j.diytomcat.catalina.Server logJVM
INFO : OS Name	:		Windows 10
07 10, 2022 20:08:29 下午 cn.how2j.diytomcat.catalina.Server logJVM
INFO : OS Version:		10.0
07 10, 2022 20:08:29 下午 cn.how2j.diytomcat.catalina.Server logJVM
INFO : Architecture:		amd64
07 10, 2022 20:08:29 下午 cn.how2j.diytomcat.catalina.Server logJVM
INFO : Java Home:		D:\Programs\Java\jdk1.8.0_311\jre
07 10, 2022 20:08:29 下午 cn.how2j.diytomcat.catalina.Server logJVM
INFO : JVM Version:		1.8.0_311-b11
07 10, 2022 20:08:29 下午 cn.how2j.diytomcat.catalina.Server logJVM
INFO : JVM Vendor:		Oracle Corporation
07 10, 2022 20:08:29 下午 cn.how2j.diytomcat.catalina.Connector init
INFO : Initializing ProtocolHandle [http-bio-18080]
07 10, 2022 20:08:29 下午 cn.how2j.diytomcat.catalina.Connector init
INFO : Initializing ProtocolHandle [http-bio-18081]
07 10, 2022 20:08:29 下午 cn.how2j.diytomcat.catalina.Connector init
INFO : Initializing ProtocolHandle [http-bio-18082]
07 10, 2022 20:08:29 下午 cn.how2j.diytomcat.catalina.Service init
INFO : Initialization processed in 1 ms
07 10, 2022 20:08:29 下午 cn.how2j.diytomcat.catalina.Connector start
INFO : Starting ProtocolHandler [http-bio-18080]
07 10, 2022 20:08:29 下午 cn.how2j.diytomcat.catalina.Connector start
INFO : Starting ProtocolHandler [http-bio-18081]
07 10, 2022 20:08:29 下午 cn.how2j.diytomcat.catalina.Connector start
INFO : Starting ProtocolHandler [http-bio-18082]
07 10, 2022 20:08:29 下午 cn.how2j.diytomcat.catalina.Server start
INFO : Server startup in 4 ms
07 10, 2022 20:39:58 下午 cn.how2j.diytomcat.catalina.Context <init>
INFO : Deploying web application directory D:\java_proj\diytomcat\webapps\a
07 10, 2022 20:39:58 下午 cn.how2j.diytomcat.catalina.Context <init>
INFO : Deployment of web application directory D:\java_proj\diytomcat\webapps\a has finished in 75 ms
07 10, 2022 20:39:58 下午 cn.how2j.diytomcat.catalina.Context <init>
INFO : Deploying web application directory D:\java_proj\diytomcat\webapps\j2ee
07 10, 2022 20:39:58 下午 cn.how2j.diytomcat.catalina.Context <init>
INFO : Deployment of web application directory D:\java_proj\diytomcat\webapps\j2ee has finished in 5 ms
07 10, 2022 20:39:58 下午 cn.how2j.diytomcat.catalina.Context <init>
INFO : Deploying web application directory D:\java_proj\diytomcat\webapps\ROOT
07 10, 2022 20:39:58 下午 cn.how2j.diytomcat.catalina.Context <init>
INFO : Deployment of web application directory D:\java_proj\diytomcat\webapps\ROOT has finished in 1 ms
07 10, 2022 20:39:58 下午 cn.how2j.diytomcat.catalina.Context <init>
INFO : Deploying web application directory d:/java_proj/diytomcat/b
07 10, 2022 20:39:58 下午 cn.how2j.diytomcat.catalina.Context <init>
INFO : Deployment of web application directory d:/java_proj/diytomcat/b has finished in 1 ms
07 10, 2022 20:39:58 下午 cn.how2j.diytomcat.catalina.Context <init>
INFO : Deploying web application directory d:/java_proj/javaweb/web
07 10, 2022 20:39:58 下午 cn.how2j.diytomcat.catalina.Context <init>
INFO : Deployment of web application directory d:/java_proj/javaweb/web has finished in 10 ms
07 10, 2022 20:39:58 下午 cn.how2j.diytomcat.catalina.Server logJVM
INFO : Server version:		How2J DiyTomcat/1.0.1
07 10, 2022 20:39:58 下午 cn.how2j.diytomcat.catalina.Server logJVM
INFO : Server built:		2020-04-08 10:20:22
07 10, 2022 20:39:58 下午 cn.how2j.diytomcat.catalina.Server logJVM
INFO : Server number:		1.0.1
07 10, 2022 20:39:58 下午 cn.how2j.diytomcat.catalina.Server logJVM
INFO : OS Name	:		Windows 10
07 10, 2022 20:39:58 下午 cn.how2j.diytomcat.catalina.Server logJVM
INFO : OS Version:		10.0
07 10, 2022 20:39:58 下午 cn.how2j.diytomcat.catalina.Server logJVM
INFO : Architecture:		amd64
07 10, 2022 20:39:58 下午 cn.how2j.diytomcat.catalina.Server logJVM
INFO : Java Home:		D:\Programs\Java\jdk1.8.0_311\jre
07 10, 2022 20:39:58 下午 cn.how2j.diytomcat.catalina.Server logJVM
INFO : JVM Version:		1.8.0_311-b11
07 10, 2022 20:39:58 下午 cn.how2j.diytomcat.catalina.Server logJVM
INFO : JVM Vendor:		Oracle Corporation
07 10, 2022 20:39:58 下午 cn.how2j.diytomcat.catalina.Connector init
INFO : Initializing ProtocolHandle [http-bio-18080]
07 10, 2022 20:39:58 下午 cn.how2j.diytomcat.catalina.Connector init
INFO : Initializing ProtocolHandle [http-bio-18081]
07 10, 2022 20:39:58 下午 cn.how2j.diytomcat.catalina.Connector init
INFO : Initializing ProtocolHandle [http-bio-18082]
07 10, 2022 20:39:58 下午 cn.how2j.diytomcat.catalina.Service init
INFO : Initialization processed in 0 ms
07 10, 2022 20:39:58 下午 cn.how2j.diytomcat.catalina.Connector start
INFO : Starting ProtocolHandler [http-bio-18080]
07 10, 2022 20:39:58 下午 cn.how2j.diytomcat.catalina.Connector start
INFO : Starting ProtocolHandler [http-bio-18081]
07 10, 2022 20:39:58 下午 cn.how2j.diytomcat.catalina.Connector start
INFO : Starting ProtocolHandler [http-bio-18082]
07 10, 2022 20:39:58 下午 cn.how2j.diytomcat.catalina.Server start
INFO : Server startup in 4 ms
07 10, 2022 20:40:30 下午 cn.how2j.diytomcat.watcher.ContextFileChangeWatcher$1 dealWith
INFO : cn.how2j.diytomcat.watcher.ContextFileChangeWatcher@2f28894 检测到了Web应用下的重要文件变化 ParamServlet.class 
07 10, 2022 20:40:30 下午 cn.how2j.diytomcat.catalina.Host reload
INFO : Reloading Context with name [/javaweb] has started
07 10, 2022 20:40:30 下午 cn.how2j.diytomcat.catalina.Context <init>
INFO : Deploying web application directory d:/java_proj/javaweb/web
07 10, 2022 20:40:30 下午 cn.how2j.diytomcat.catalina.Context <init>
INFO : Deployment of web application directory d:/java_proj/javaweb/web has finished in 5 ms
07 10, 2022 20:40:30 下午 cn.how2j.diytomcat.catalina.Host reload
INFO : Reloading Context with name [/javaweb] has completed
07 10, 2022 20:40:37 下午 cn.how2j.diytomcat.catalina.Context <init>
INFO : Deploying web application directory D:\java_proj\diytomcat\webapps\a
07 10, 2022 20:40:37 下午 cn.how2j.diytomcat.catalina.Context <init>
INFO : Deployment of web application directory D:\java_proj\diytomcat\webapps\a has finished in 81 ms
07 10, 2022 20:40:37 下午 cn.how2j.diytomcat.catalina.Context <init>
INFO : Deploying web application directory D:\java_proj\diytomcat\webapps\j2ee
07 10, 2022 20:40:37 下午 cn.how2j.diytomcat.catalina.Context <init>
INFO : Deployment of web application directory D:\java_proj\diytomcat\webapps\j2ee has finished in 4 ms
07 10, 2022 20:40:37 下午 cn.how2j.diytomcat.catalina.Context <init>
INFO : Deploying web application directory D:\java_proj\diytomcat\webapps\ROOT
07 10, 2022 20:40:37 下午 cn.how2j.diytomcat.catalina.Context <init>
INFO : Deployment of web application directory D:\java_proj\diytomcat\webapps\ROOT has finished in 1 ms
07 10, 2022 20:40:37 下午 cn.how2j.diytomcat.catalina.Context <init>
INFO : Deploying web application directory d:/java_proj/diytomcat/b
07 10, 2022 20:40:37 下午 cn.how2j.diytomcat.catalina.Context <init>
INFO : Deployment of web application directory d:/java_proj/diytomcat/b has finished in 1 ms
07 10, 2022 20:40:37 下午 cn.how2j.diytomcat.catalina.Context <init>
INFO : Deploying web application directory d:/java_proj/javaweb/web
07 10, 2022 20:40:37 下午 cn.how2j.diytomcat.catalina.Context <init>
INFO : Deployment of web application directory d:/java_proj/javaweb/web has finished in 8 ms
07 10, 2022 20:40:37 下午 cn.how2j.diytomcat.catalina.Server logJVM
INFO : Server version:		How2J DiyTomcat/1.0.1
07 10, 2022 20:40:37 下午 cn.how2j.diytomcat.catalina.Server logJVM
INFO : Server built:		2020-04-08 10:20:22
07 10, 2022 20:40:37 下午 cn.how2j.diytomcat.catalina.Server logJVM
INFO : Server number:		1.0.1
07 10, 2022 20:40:37 下午 cn.how2j.diytomcat.catalina.Server logJVM
INFO : OS Name	:		Windows 10
07 10, 2022 20:40:37 下午 cn.how2j.diytomcat.catalina.Server logJVM
INFO : OS Version:		10.0
07 10, 2022 20:40:37 下午 cn.how2j.diytomcat.catalina.Server logJVM
INFO : Architecture:		amd64
07 10, 2022 20:40:37 下午 cn.how2j.diytomcat.catalina.Server logJVM
INFO : Java Home:		D:\Programs\Java\jdk1.8.0_311\jre
07 10, 2022 20:40:37 下午 cn.how2j.diytomcat.catalina.Server logJVM
INFO : JVM Version:		1.8.0_311-b11
07 10, 2022 20:40:37 下午 cn.how2j.diytomcat.catalina.Server logJVM
INFO : JVM Vendor:		Oracle Corporation
07 10, 2022 20:40:37 下午 cn.how2j.diytomcat.catalina.Connector init
INFO : Initializing ProtocolHandle [http-bio-18080]
07 10, 2022 20:40:37 下午 cn.how2j.diytomcat.catalina.Connector init
INFO : Initializing ProtocolHandle [http-bio-18081]
07 10, 2022 20:40:37 下午 cn.how2j.diytomcat.catalina.Connector init
INFO : Initializing ProtocolHandle [http-bio-18082]
07 10, 2022 20:40:37 下午 cn.how2j.diytomcat.catalina.Service init
INFO : Initialization processed in 0 ms
07 10, 2022 20:40:37 下午 cn.how2j.diytomcat.catalina.Connector start
INFO : Starting ProtocolHandler [http-bio-18080]
07 10, 2022 20:40:37 下午 cn.how2j.diytomcat.catalina.Connector start
INFO : Starting ProtocolHandler [http-bio-18081]
07 10, 2022 20:40:37 下午 cn.how2j.diytomcat.catalina.Connector start
INFO : Starting ProtocolHandler [http-bio-18082]
07 10, 2022 20:40:37 下午 cn.how2j.diytomcat.catalina.Server start
INFO : Server startup in 4 ms
07 10, 2022 20:41:46 下午 cn.how2j.diytomcat.catalina.Context <init>
INFO : Deploying web application directory D:\java_proj\diytomcat\webapps\a
07 10, 2022 20:41:46 下午 cn.how2j.diytomcat.catalina.Context <init>
INFO : Deployment of web application directory D:\java_proj\diytomcat\webapps\a has finished in 104 ms
07 10, 2022 20:41:46 下午 cn.how2j.diytomcat.catalina.Context <init>
INFO : Deploying web application directory D:\java_proj\diytomcat\webapps\j2ee
07 10, 2022 20:41:46 下午 cn.how2j.diytomcat.catalina.Context <init>
INFO : Deployment of web application directory D:\java_proj\diytomcat\webapps\j2ee has finished in 4 ms
07 10, 2022 20:41:46 下午 cn.how2j.diytomcat.catalina.Context <init>
INFO : Deploying web application directory D:\java_proj\diytomcat\webapps\ROOT
07 10, 2022 20:41:46 下午 cn.how2j.diytomcat.catalina.Context <init>
INFO : Deployment of web application directory D:\java_proj\diytomcat\webapps\ROOT has finished in 1 ms
07 10, 2022 20:41:46 下午 cn.how2j.diytomcat.catalina.Context <init>
INFO : Deploying web application directory d:/java_proj/diytomcat/b
07 10, 2022 20:41:46 下午 cn.how2j.diytomcat.catalina.Context <init>
INFO : Deployment of web application directory d:/java_proj/diytomcat/b has finished in 1 ms
07 10, 2022 20:41:46 下午 cn.how2j.diytomcat.catalina.Context <init>
INFO : Deploying web application directory d:/java_proj/javaweb/web
07 10, 2022 20:41:46 下午 cn.how2j.diytomcat.catalina.Context <init>
INFO : Deployment of web application directory d:/java_proj/javaweb/web has finished in 13 ms
07 10, 2022 20:41:46 下午 cn.how2j.diytomcat.catalina.Server logJVM
INFO : Server version:		How2J DiyTomcat/1.0.1
07 10, 2022 20:41:46 下午 cn.how2j.diytomcat.catalina.Server logJVM
INFO : Server built:		2020-04-08 10:20:22
07 10, 2022 20:41:46 下午 cn.how2j.diytomcat.catalina.Server logJVM
INFO : Server number:		1.0.1
07 10, 2022 20:41:46 下午 cn.how2j.diytomcat.catalina.Server logJVM
INFO : OS Name	:		Windows 10
07 10, 2022 20:41:46 下午 cn.how2j.diytomcat.catalina.Server logJVM
INFO : OS Version:		10.0
07 10, 2022 20:41:46 下午 cn.how2j.diytomcat.catalina.Server logJVM
INFO : Architecture:		amd64
07 10, 2022 20:41:46 下午 cn.how2j.diytomcat.catalina.Server logJVM
INFO : Java Home:		D:\Programs\Java\jdk1.8.0_311\jre
07 10, 2022 20:41:46 下午 cn.how2j.diytomcat.catalina.Server logJVM
INFO : JVM Version:		1.8.0_311-b11
07 10, 2022 20:41:46 下午 cn.how2j.diytomcat.catalina.Server logJVM
INFO : JVM Vendor:		Oracle Corporation
07 10, 2022 20:41:46 下午 cn.how2j.diytomcat.catalina.Connector init
INFO : Initializing ProtocolHandle [http-bio-18080]
07 10, 2022 20:41:46 下午 cn.how2j.diytomcat.catalina.Connector init
INFO : Initializing ProtocolHandle [http-bio-18081]
07 10, 2022 20:41:46 下午 cn.how2j.diytomcat.catalina.Connector init
INFO : Initializing ProtocolHandle [http-bio-18082]
07 10, 2022 20:41:46 下午 cn.how2j.diytomcat.catalina.Service init
INFO : Initialization processed in 1 ms
07 10, 2022 20:41:46 下午 cn.how2j.diytomcat.catalina.Connector start
INFO : Starting ProtocolHandler [http-bio-18080]
07 10, 2022 20:41:46 下午 cn.how2j.diytomcat.catalina.Connector start
INFO : Starting ProtocolHandler [http-bio-18081]
07 10, 2022 20:41:46 下午 cn.how2j.diytomcat.catalina.Connector start
INFO : Starting ProtocolHandler [http-bio-18082]
07 10, 2022 20:41:46 下午 cn.how2j.diytomcat.catalina.Server start
INFO : Server startup in 6 ms
07 10, 2022 20:43:14 下午 cn.how2j.diytomcat.catalina.Context <init>
INFO : Deploying web application directory D:\java_proj\diytomcat\webapps\a
07 10, 2022 20:43:14 下午 cn.how2j.diytomcat.catalina.Context <init>
INFO : Deployment of web application directory D:\java_proj\diytomcat\webapps\a has finished in 107 ms
07 10, 2022 20:43:14 下午 cn.how2j.diytomcat.catalina.Context <init>
INFO : Deploying web application directory D:\java_proj\diytomcat\webapps\j2ee
07 10, 2022 20:43:14 下午 cn.how2j.diytomcat.catalina.Context <init>
INFO : Deployment of web application directory D:\java_proj\diytomcat\webapps\j2ee has finished in 4 ms
07 10, 2022 20:43:14 下午 cn.how2j.diytomcat.catalina.Context <init>
INFO : Deploying web application directory D:\java_proj\diytomcat\webapps\ROOT
07 10, 2022 20:43:14 下午 cn.how2j.diytomcat.catalina.Context <init>
INFO : Deployment of web application directory D:\java_proj\diytomcat\webapps\ROOT has finished in 2 ms
07 10, 2022 20:43:14 下午 cn.how2j.diytomcat.catalina.Context <init>
INFO : Deploying web application directory d:/java_proj/diytomcat/b
07 10, 2022 20:43:14 下午 cn.how2j.diytomcat.catalina.Context <init>
INFO : Deployment of web application directory d:/java_proj/diytomcat/b has finished in 2 ms
07 10, 2022 20:43:14 下午 cn.how2j.diytomcat.catalina.Context <init>
INFO : Deploying web application directory d:/java_proj/javaweb/web
07 10, 2022 20:43:14 下午 cn.how2j.diytomcat.catalina.Context <init>
INFO : Deployment of web application directory d:/java_proj/javaweb/web has finished in 13 ms
07 10, 2022 20:43:14 下午 cn.how2j.diytomcat.catalina.Server logJVM
INFO : Server version:		How2J DiyTomcat/1.0.1
07 10, 2022 20:43:14 下午 cn.how2j.diytomcat.catalina.Server logJVM
INFO : Server built:		2020-04-08 10:20:22
07 10, 2022 20:43:14 下午 cn.how2j.diytomcat.catalina.Server logJVM
INFO : Server number:		1.0.1
07 10, 2022 20:43:14 下午 cn.how2j.diytomcat.catalina.Server logJVM
INFO : OS Name	:		Windows 10
07 10, 2022 20:43:14 下午 cn.how2j.diytomcat.catalina.Server logJVM
INFO : OS Version:		10.0
07 10, 2022 20:43:14 下午 cn.how2j.diytomcat.catalina.Server logJVM
INFO : Architecture:		amd64
07 10, 2022 20:43:14 下午 cn.how2j.diytomcat.catalina.Server logJVM
INFO : Java Home:		D:\Programs\Java\jdk1.8.0_311\jre
07 10, 2022 20:43:14 下午 cn.how2j.diytomcat.catalina.Server logJVM
INFO : JVM Version:		1.8.0_311-b11
07 10, 2022 20:43:14 下午 cn.how2j.diytomcat.catalina.Server logJVM
INFO : JVM Vendor:		Oracle Corporation
07 10, 2022 20:43:14 下午 cn.how2j.diytomcat.catalina.Connector init
INFO : Initializing ProtocolHandle [http-bio-18080]
07 10, 2022 20:43:14 下午 cn.how2j.diytomcat.catalina.Connector init
INFO : Initializing ProtocolHandle [http-bio-18081]
07 10, 2022 20:43:14 下午 cn.how2j.diytomcat.catalina.Connector init
INFO : Initializing ProtocolHandle [http-bio-18082]
07 10, 2022 20:43:14 下午 cn.how2j.diytomcat.catalina.Service init
INFO : Initialization processed in 2 ms
07 10, 2022 20:43:14 下午 cn.how2j.diytomcat.catalina.Connector start
INFO : Starting ProtocolHandler [http-bio-18080]
07 10, 2022 20:43:14 下午 cn.how2j.diytomcat.catalina.Connector start
INFO : Starting ProtocolHandler [http-bio-18081]
07 10, 2022 20:43:14 下午 cn.how2j.diytomcat.catalina.Connector start
INFO : Starting ProtocolHandler [http-bio-18082]
07 10, 2022 20:43:14 下午 cn.how2j.diytomcat.catalina.Server start
INFO : Server startup in 13 ms
07 10, 2022 20:49:22 下午 cn.how2j.diytomcat.catalina.Context <init>
INFO : Deploying web application directory D:\java_proj\diytomcat\webapps\a
07 10, 2022 20:49:22 下午 cn.how2j.diytomcat.catalina.Context <init>
INFO : Deployment of web application directory D:\java_proj\diytomcat\webapps\a has finished in 86 ms
07 10, 2022 20:49:22 下午 cn.how2j.diytomcat.catalina.Context <init>
INFO : Deploying web application directory D:\java_proj\diytomcat\webapps\j2ee
07 10, 2022 20:49:22 下午 cn.how2j.diytomcat.catalina.Context <init>
INFO : Deployment of web application directory D:\java_proj\diytomcat\webapps\j2ee has finished in 3 ms
07 10, 2022 20:49:22 下午 cn.how2j.diytomcat.catalina.Context <init>
INFO : Deploying web application directory D:\java_proj\diytomcat\webapps\ROOT
07 10, 2022 20:49:22 下午 cn.how2j.diytomcat.catalina.Context <init>
INFO : Deployment of web application directory D:\java_proj\diytomcat\webapps\ROOT has finished in 1 ms
07 10, 2022 20:49:22 下午 cn.how2j.diytomcat.catalina.Context <init>
INFO : Deploying web application directory d:/java_proj/diytomcat/b
07 10, 2022 20:49:22 下午 cn.how2j.diytomcat.catalina.Context <init>
INFO : Deployment of web application directory d:/java_proj/diytomcat/b has finished in 1 ms
07 10, 2022 20:49:22 下午 cn.how2j.diytomcat.catalina.Context <init>
INFO : Deploying web application directory d:/java_proj/javaweb/web
07 10, 2022 20:49:22 下午 cn.how2j.diytomcat.catalina.Context <init>
INFO : Deployment of web application directory d:/java_proj/javaweb/web has finished in 10 ms
07 10, 2022 20:49:22 下午 cn.how2j.diytomcat.catalina.Server logJVM
INFO : Server version:		How2J DiyTomcat/1.0.1
07 10, 2022 20:49:22 下午 cn.how2j.diytomcat.catalina.Server logJVM
INFO : Server built:		2020-04-08 10:20:22
07 10, 2022 20:49:22 下午 cn.how2j.diytomcat.catalina.Server logJVM
INFO : Server number:		1.0.1
07 10, 2022 20:49:22 下午 cn.how2j.diytomcat.catalina.Server logJVM
INFO : OS Name	:		Windows 10
07 10, 2022 20:49:22 下午 cn.how2j.diytomcat.catalina.Server logJVM
INFO : OS Version:		10.0
07 10, 2022 20:49:22 下午 cn.how2j.diytomcat.catalina.Server logJVM
INFO : Architecture:		amd64
07 10, 2022 20:49:22 下午 cn.how2j.diytomcat.catalina.Server logJVM
INFO : Java Home:		D:\Programs\Java\jdk1.8.0_311\jre
07 10, 2022 20:49:22 下午 cn.how2j.diytomcat.catalina.Server logJVM
INFO : JVM Version:		1.8.0_311-b11
07 10, 2022 20:49:22 下午 cn.how2j.diytomcat.catalina.Server logJVM
INFO : JVM Vendor:		Oracle Corporation
07 10, 2022 20:49:22 下午 cn.how2j.diytomcat.catalina.Connector init
INFO : Initializing ProtocolHandle [http-bio-18080]
07 10, 2022 20:49:22 下午 cn.how2j.diytomcat.catalina.Connector init
INFO : Initializing ProtocolHandle [http-bio-18081]
07 10, 2022 20:49:22 下午 cn.how2j.diytomcat.catalina.Connector init
INFO : Initializing ProtocolHandle [http-bio-18082]
07 10, 2022 20:49:22 下午 cn.how2j.diytomcat.catalina.Service init
INFO : Initialization processed in 0 ms
07 10, 2022 20:49:22 下午 cn.how2j.diytomcat.catalina.Connector start
INFO : Starting ProtocolHandler [http-bio-18080]
07 10, 2022 20:49:22 下午 cn.how2j.diytomcat.catalina.Connector start
INFO : Starting ProtocolHandler [http-bio-18081]
07 10, 2022 20:49:22 下午 cn.how2j.diytomcat.catalina.Connector start
INFO : Starting ProtocolHandler [http-bio-18082]
07 10, 2022 20:49:22 下午 cn.how2j.diytomcat.catalina.Server start
INFO : Server startup in 4 ms
07 10, 2022 20:49:45 下午 cn.how2j.diytomcat.watcher.ContextFileChangeWatcher$1 dealWith
INFO : cn.how2j.diytomcat.watcher.ContextFileChangeWatcher@64bfd359 检测到了Web应用下的重要文件变化 HeaderServlet.class 
07 10, 2022 20:49:45 下午 cn.how2j.diytomcat.catalina.Host reload
INFO : Reloading Context with name [/javaweb] has started
07 10, 2022 20:49:45 下午 cn.how2j.diytomcat.catalina.Context <init>
INFO : Deploying web application directory d:/java_proj/javaweb/web
07 10, 2022 20:49:45 下午 cn.how2j.diytomcat.catalina.Context <init>
INFO : Deployment of web application directory d:/java_proj/javaweb/web has finished in 5 ms
07 10, 2022 20:49:45 下午 cn.how2j.diytomcat.catalina.Host reload
INFO : Reloading Context with name [/javaweb] has completed
07 10, 2022 21:12:02 下午 cn.how2j.diytomcat.catalina.Context <init>
INFO : Deploying web application directory D:\java_proj\diytomcat\webapps\a
07 10, 2022 21:12:02 下午 cn.how2j.diytomcat.catalina.Context <init>
INFO : Deployment of web application directory D:\java_proj\diytomcat\webapps\a has finished in 96 ms
07 10, 2022 21:12:02 下午 cn.how2j.diytomcat.catalina.Context <init>
INFO : Deploying web application directory D:\java_proj\diytomcat\webapps\j2ee
07 10, 2022 21:12:02 下午 cn.how2j.diytomcat.catalina.Context <init>
INFO : Deployment of web application directory D:\java_proj\diytomcat\webapps\j2ee has finished in 3 ms
07 10, 2022 21:12:02 下午 cn.how2j.diytomcat.catalina.Context <init>
INFO : Deploying web application directory D:\java_proj\diytomcat\webapps\ROOT
07 10, 2022 21:12:02 下午 cn.how2j.diytomcat.catalina.Context <init>
INFO : Deployment of web application directory D:\java_proj\diytomcat\webapps\ROOT has finished in 1 ms
07 10, 2022 21:12:02 下午 cn.how2j.diytomcat.catalina.Context <init>
INFO : Deploying web application directory d:/java_proj/diytomcat/b
07 10, 2022 21:12:02 下午 cn.how2j.diytomcat.catalina.Context <init>
INFO : Deployment of web application directory d:/java_proj/diytomcat/b has finished in 1 ms
07 10, 2022 21:12:02 下午 cn.how2j.diytomcat.catalina.Context <init>
INFO : Deploying web application directory d:/java_proj/javaweb/web
07 10, 2022 21:12:02 下午 cn.how2j.diytomcat.catalina.Context <init>
INFO : Deployment of web application directory d:/java_proj/javaweb/web has finished in 12 ms
07 10, 2022 21:12:02 下午 cn.how2j.diytomcat.catalina.Server logJVM
INFO : Server version:		How2J DiyTomcat/1.0.1
07 10, 2022 21:12:02 下午 cn.how2j.diytomcat.catalina.Server logJVM
INFO : Server built:		2020-04-08 10:20:22
07 10, 2022 21:12:02 下午 cn.how2j.diytomcat.catalina.Server logJVM
INFO : Server number:		1.0.1
07 10, 2022 21:12:02 下午 cn.how2j.diytomcat.catalina.Server logJVM
INFO : OS Name	:		Windows 10
07 10, 2022 21:12:02 下午 cn.how2j.diytomcat.catalina.Server logJVM
INFO : OS Version:		10.0
07 10, 2022 21:12:02 下午 cn.how2j.diytomcat.catalina.Server logJVM
INFO : Architecture:		amd64
07 10, 2022 21:12:02 下午 cn.how2j.diytomcat.catalina.Server logJVM
INFO : Java Home:		D:\Programs\Java\jdk1.8.0_311\jre
07 10, 2022 21:12:02 下午 cn.how2j.diytomcat.catalina.Server logJVM
INFO : JVM Version:		1.8.0_311-b11
07 10, 2022 21:12:02 下午 cn.how2j.diytomcat.catalina.Server logJVM
INFO : JVM Vendor:		Oracle Corporation
07 10, 2022 21:12:02 下午 cn.how2j.diytomcat.catalina.Connector init
INFO : Initializing ProtocolHandle [http-bio-18080]
07 10, 2022 21:12:02 下午 cn.how2j.diytomcat.catalina.Connector init
INFO : Initializing ProtocolHandle [http-bio-18081]
07 10, 2022 21:12:02 下午 cn.how2j.diytomcat.catalina.Connector init
INFO : Initializing ProtocolHandle [http-bio-18082]
07 10, 2022 21:12:02 下午 cn.how2j.diytomcat.catalina.Service init
INFO : Initialization processed in 1 ms
07 10, 2022 21:12:02 下午 cn.how2j.diytomcat.catalina.Connector start
INFO : Starting ProtocolHandler [http-bio-18080]
07 10, 2022 21:12:02 下午 cn.how2j.diytomcat.catalina.Connector start
INFO : Starting ProtocolHandler [http-bio-18081]
07 10, 2022 21:12:02 下午 cn.how2j.diytomcat.catalina.Connector start
INFO : Starting ProtocolHandler [http-bio-18082]
07 10, 2022 21:12:02 下午 cn.how2j.diytomcat.catalina.Server start
INFO : Server startup in 11 ms
07 10, 2022 21:12:08 下午 cn.how2j.diytomcat.watcher.ContextFileChangeWatcher$1 dealWith
INFO : cn.how2j.diytomcat.watcher.ContextFileChangeWatcher@2f28894 检测到了Web应用下的重要文件变化 SetCookieServlet.class 
07 10, 2022 21:12:08 下午 cn.how2j.diytomcat.catalina.Host reload
INFO : Reloading Context with name [/javaweb] has started
07 10, 2022 21:12:09 下午 cn.how2j.diytomcat.catalina.Context <init>
INFO : Deploying web application directory d:/java_proj/javaweb/web
07 10, 2022 21:12:09 下午 cn.how2j.diytomcat.catalina.Context <init>
INFO : Deployment of web application directory d:/java_proj/javaweb/web has finished in 8 ms
07 10, 2022 21:12:09 下午 cn.how2j.diytomcat.catalina.Host reload
INFO : Reloading Context with name [/javaweb] has completed
07 10, 2022 21:19:09 下午 cn.how2j.diytomcat.catalina.Context <init>
INFO : Deploying web application directory D:\java_proj\diytomcat\webapps\a
07 10, 2022 21:19:09 下午 cn.how2j.diytomcat.catalina.Context <init>
INFO : Deployment of web application directory D:\java_proj\diytomcat\webapps\a has finished in 79 ms
07 10, 2022 21:19:09 下午 cn.how2j.diytomcat.catalina.Context <init>
INFO : Deploying web application directory D:\java_proj\diytomcat\webapps\j2ee
07 10, 2022 21:19:09 下午 cn.how2j.diytomcat.catalina.Context <init>
INFO : Deployment of web application directory D:\java_proj\diytomcat\webapps\j2ee has finished in 3 ms
07 10, 2022 21:19:09 下午 cn.how2j.diytomcat.catalina.Context <init>
INFO : Deploying web application directory D:\java_proj\diytomcat\webapps\ROOT
07 10, 2022 21:19:09 下午 cn.how2j.diytomcat.catalina.Context <init>
INFO : Deployment of web application directory D:\java_proj\diytomcat\webapps\ROOT has finished in 1 ms
07 10, 2022 21:19:09 下午 cn.how2j.diytomcat.catalina.Context <init>
INFO : Deploying web application directory d:/java_proj/diytomcat/b
07 10, 2022 21:19:09 下午 cn.how2j.diytomcat.catalina.Context <init>
INFO : Deployment of web application directory d:/java_proj/diytomcat/b has finished in 1 ms
07 10, 2022 21:19:09 下午 cn.how2j.diytomcat.catalina.Context <init>
INFO : Deploying web application directory d:/java_proj/javaweb/web
07 10, 2022 21:19:09 下午 cn.how2j.diytomcat.catalina.Context <init>
INFO : Deployment of web application directory d:/java_proj/javaweb/web has finished in 12 ms
07 10, 2022 21:19:09 下午 cn.how2j.diytomcat.catalina.Server logJVM
INFO : Server version:		How2J DiyTomcat/1.0.1
07 10, 2022 21:19:09 下午 cn.how2j.diytomcat.catalina.Server logJVM
INFO : Server built:		2020-04-08 10:20:22
07 10, 2022 21:19:09 下午 cn.how2j.diytomcat.catalina.Server logJVM
INFO : Server number:		1.0.1
07 10, 2022 21:19:09 下午 cn.how2j.diytomcat.catalina.Server logJVM
INFO : OS Name	:		Windows 10
07 10, 2022 21:19:09 下午 cn.how2j.diytomcat.catalina.Server logJVM
INFO : OS Version:		10.0
07 10, 2022 21:19:09 下午 cn.how2j.diytomcat.catalina.Server logJVM
INFO : Architecture:		amd64
07 10, 2022 21:19:09 下午 cn.how2j.diytomcat.catalina.Server logJVM
INFO : Java Home:		D:\Programs\Java\jdk1.8.0_311\jre
07 10, 2022 21:19:09 下午 cn.how2j.diytomcat.catalina.Server logJVM
INFO : JVM Version:		1.8.0_311-b11
07 10, 2022 21:19:09 下午 cn.how2j.diytomcat.catalina.Server logJVM
INFO : JVM Vendor:		Oracle Corporation
07 10, 2022 21:19:09 下午 cn.how2j.diytomcat.catalina.Connector init
INFO : Initializing ProtocolHandle [http-bio-18080]
07 10, 2022 21:19:09 下午 cn.how2j.diytomcat.catalina.Connector init
INFO : Initializing ProtocolHandle [http-bio-18081]
07 10, 2022 21:19:09 下午 cn.how2j.diytomcat.catalina.Connector init
INFO : Initializing ProtocolHandle [http-bio-18082]
07 10, 2022 21:19:09 下午 cn.how2j.diytomcat.catalina.Service init
INFO : Initialization processed in 0 ms
07 10, 2022 21:19:09 下午 cn.how2j.diytomcat.catalina.Connector start
INFO : Starting ProtocolHandler [http-bio-18080]
07 10, 2022 21:19:09 下午 cn.how2j.diytomcat.catalina.Connector start
INFO : Starting ProtocolHandler [http-bio-18081]
07 10, 2022 21:19:09 下午 cn.how2j.diytomcat.catalina.Connector start
INFO : Starting ProtocolHandler [http-bio-18082]
07 10, 2022 21:19:09 下午 cn.how2j.diytomcat.catalina.Server start
INFO : Server startup in 4 ms
07 10, 2022 21:19:18 下午 cn.how2j.diytomcat.watcher.ContextFileChangeWatcher$1 dealWith
INFO : cn.how2j.diytomcat.watcher.ContextFileChangeWatcher@64bfd359 检测到了Web应用下的重要文件变化 GetCookieServlet.class 
07 10, 2022 21:19:18 下午 cn.how2j.diytomcat.catalina.Host reload
INFO : Reloading Context with name [/javaweb] has started
07 10, 2022 21:19:18 下午 cn.how2j.diytomcat.catalina.Context <init>
INFO : Deploying web application directory d:/java_proj/javaweb/web
07 10, 2022 21:19:18 下午 cn.how2j.diytomcat.catalina.Context <init>
INFO : Deployment of web application directory d:/java_proj/javaweb/web has finished in 4 ms
07 10, 2022 21:19:18 下午 cn.how2j.diytomcat.catalina.Host reload
INFO : Reloading Context with name [/javaweb] has completed
07 10, 2022 23:59:38 下午 cn.how2j.diytomcat.catalina.Context <init>
INFO : Deploying web application directory D:\java_proj\diytomcat\webapps\a
07 10, 2022 23:59:38 下午 cn.how2j.diytomcat.catalina.Context <init>
INFO : Deployment of web application directory D:\java_proj\diytomcat\webapps\a has finished in 72 ms
07 10, 2022 23:59:38 下午 cn.how2j.diytomcat.catalina.Context <init>
INFO : Deploying web application directory D:\java_proj\diytomcat\webapps\j2ee
07 10, 2022 23:59:38 下午 cn.how2j.diytomcat.catalina.Context <init>
INFO : Deployment of web application directory D:\java_proj\diytomcat\webapps\j2ee has finished in 4 ms
07 10, 2022 23:59:38 下午 cn.how2j.diytomcat.catalina.Context <init>
INFO : Deploying web application directory D:\java_proj\diytomcat\webapps\ROOT
07 10, 2022 23:59:38 下午 cn.how2j.diytomcat.catalina.Context <init>
INFO : Deployment of web application directory D:\java_proj\diytomcat\webapps\ROOT has finished in 1 ms
07 10, 2022 23:59:38 下午 cn.how2j.diytomcat.catalina.Context <init>
INFO : Deploying web application directory d:/java_proj/diytomcat/b
07 10, 2022 23:59:38 下午 cn.how2j.diytomcat.catalina.Context <init>
INFO : Deployment of web application directory d:/java_proj/diytomcat/b has finished in 1 ms
07 10, 2022 23:59:38 下午 cn.how2j.diytomcat.catalina.Context <init>
INFO : Deploying web application directory d:/java_proj/javaweb/web
07 10, 2022 23:59:38 下午 cn.how2j.diytomcat.catalina.Context <init>
INFO : Deployment of web application directory d:/java_proj/javaweb/web has finished in 14 ms
07 10, 2022 23:59:38 下午 cn.how2j.diytomcat.catalina.Server logJVM
INFO : Server version:		How2J DiyTomcat/1.0.1
07 10, 2022 23:59:38 下午 cn.how2j.diytomcat.catalina.Server logJVM
INFO : Server built:		2020-04-08 10:20:22
07 10, 2022 23:59:38 下午 cn.how2j.diytomcat.catalina.Server logJVM
INFO : Server number:		1.0.1
07 10, 2022 23:59:38 下午 cn.how2j.diytomcat.catalina.Server logJVM
INFO : OS Name	:		Windows 10
07 10, 2022 23:59:38 下午 cn.how2j.diytomcat.catalina.Server logJVM
INFO : OS Version:		10.0
07 10, 2022 23:59:38 下午 cn.how2j.diytomcat.catalina.Server logJVM
INFO : Architecture:		amd64
07 10, 2022 23:59:38 下午 cn.how2j.diytomcat.catalina.Server logJVM
INFO : Java Home:		D:\Programs\Java\jdk1.8.0_311\jre
07 10, 2022 23:59:38 下午 cn.how2j.diytomcat.catalina.Server logJVM
INFO : JVM Version:		1.8.0_311-b11
07 10, 2022 23:59:38 下午 cn.how2j.diytomcat.catalina.Server logJVM
INFO : JVM Vendor:		Oracle Corporation
07 10, 2022 23:59:38 下午 cn.how2j.diytomcat.catalina.Connector init
INFO : Initializing ProtocolHandle [http-bio-18080]
07 10, 2022 23:59:38 下午 cn.how2j.diytomcat.catalina.Connector init
INFO : Initializing ProtocolHandle [http-bio-18081]
07 10, 2022 23:59:38 下午 cn.how2j.diytomcat.catalina.Connector init
INFO : Initializing ProtocolHandle [http-bio-18082]
07 10, 2022 23:59:38 下午 cn.how2j.diytomcat.catalina.Service init
INFO : Initialization processed in 1 ms
07 10, 2022 23:59:38 下午 cn.how2j.diytomcat.catalina.Connector start
INFO : Starting ProtocolHandler [http-bio-18080]
07 10, 2022 23:59:38 下午 cn.how2j.diytomcat.catalina.Connector start
INFO : Starting ProtocolHandler [http-bio-18081]
07 10, 2022 23:59:38 下午 cn.how2j.diytomcat.catalina.Connector start
INFO : Starting ProtocolHandler [http-bio-18082]
07 10, 2022 23:59:38 下午 cn.how2j.diytomcat.catalina.Server start
INFO : Server startup in 7 ms
07 10, 2022 23:59:56 下午 cn.how2j.diytomcat.watcher.ContextFileChangeWatcher$1 dealWith
INFO : cn.how2j.diytomcat.watcher.ContextFileChangeWatcher@64bfd359 检测到了Web应用下的重要文件变化 GetSessionServlet.class 
07 10, 2022 23:59:56 下午 cn.how2j.diytomcat.catalina.Host reload
INFO : Reloading Context with name [/javaweb] has started
07 10, 2022 23:59:56 下午 cn.how2j.diytomcat.catalina.Context <init>
INFO : Deploying web application directory d:/java_proj/javaweb/web
07 10, 2022 23:59:56 下午 cn.how2j.diytomcat.catalina.Context <init>
INFO : Deployment of web application directory d:/java_proj/javaweb/web has finished in 5 ms
07 10, 2022 23:59:56 下午 cn.how2j.diytomcat.catalina.Host reload
INFO : Reloading Context with name [/javaweb] has completed
